<?xml version="1.0" encoding="UTF-8"?>
<testsuites name="PERA Hub Test Suite" time="2392" tests="45" failures="7" errors="1">
   <testsuite name="PERA Hub Test Suite" tests="45" failures="7" errors="1" time="2392" timestamp="2018-11-15 19:03:43" hostname="buenaanda - 192.168.254.121" id="Test Suites/iOS/PERA Hub Test Suite">
      <properties>
[...]
</properties>
      <testcase name="Test Cases/iOS/Login/LOG_01" classname="Test Cases/iOS/Login/LOG_01" status="PASSED">
         <system-out><![CDATA[2018-11-15 19:03:43 - [TEST_CASE][PASSED] - Test Cases/iOS/Login/LOG_01: Test Cases/iOS/Login/LOG_01

2018-11-15 19:03:43 - [TEST_STEP][PASSED] - startApplication: Started app at: '/Users/buenaanda/Documents/mobile-automation-katalon/Data Files/PeraHub_v3.2.0-Dev.app'

2018-11-15 19:04:36 - [MESSAGE][PASSED] - Started app at: '/Users/buenaanda/Documents/mobile-automation-katalon/Data Files/PeraHub_v3.2.0-Dev.app'

2018-11-15 19:04:36 - [TEST_STEP][PASSED] - iOS.initial_screen.tapLogin: iOS.initial_screen.tapLogin is PASSED

2018-11-15 19:04:38 - [MESSAGE][PASSED] - Tapped on element 'Object Repository/iOS/Initial screen/Login button'

2018-11-15 19:04:38 - [MESSAGE][PASSED] - iOS.initial_screen.tapLogin is PASSED

2018-11-15 19:04:38 - [TEST_STEP][PASSED] - global.verify_element.exist: global.verify_element.exist is PASSED

2018-11-15 19:04:41 - [MESSAGE][PASSED] - Element 'Object Repository/iOS/Login screen/Username field' is exist

2018-11-15 19:04:41 - [MESSAGE][PASSED] - global.verify_element.exist is PASSED

2018-11-15 19:04:41 - [TEST_STEP][PASSED] - global.verify_element.exist: global.verify_element.exist is PASSED

2018-11-15 19:04:43 - [MESSAGE][PASSED] - Element 'Object Repository/iOS/Login screen/Password field' is exist

2018-11-15 19:04:43 - [MESSAGE][PASSED] - global.verify_element.exist is PASSED

2018-11-15 19:04:43 - [TEST_STEP][PASSED] - global.verify_element.exist: global.verify_element.exist is PASSED

2018-11-15 19:04:46 - [MESSAGE][PASSED] - Element 'Object Repository/iOS/Login screen/Login button' is exist

2018-11-15 19:04:46 - [MESSAGE][PASSED] - global.verify_element.exist is PASSED

2018-11-15 19:04:46 - [TEST_STEP][PASSED] - global.verify_element.exist: global.verify_element.exist is PASSED

2018-11-15 19:04:48 - [MESSAGE][PASSED] - Element 'Object Repository/iOS/Login screen/Register now button' is exist

2018-11-15 19:04:48 - [MESSAGE][PASSED] - global.verify_element.exist is PASSED]]></system-out>
         <system-err><![CDATA[]]></system-err>
      </testcase>
      <testcase name="Test Cases/iOS/Login/LOG_02" classname="Test Cases/iOS/Login/LOG_02" status="PASSED">
         <system-out><![CDATA[2018-11-15 19:04:48 - [TEST_CASE][PASSED] - Test Cases/iOS/Login/LOG_02: Test Cases/iOS/Login/LOG_02

2018-11-15 19:04:48 - [TEST_STEP][PASSED] - iOS.login_screen.enterUsername: iOS.login_screen.enterUsername is PASSED

2018-11-15 19:04:52 - [MESSAGE][PASSED] - Text 'allen_15' has been set to element 'Object Repository/iOS/Login screen/Username field'

2018-11-15 19:04:52 - [MESSAGE][PASSED] - iOS.login_screen.enterUsername is PASSED

2018-11-15 19:04:52 - [TEST_STEP][PASSED] - global.verify_element.text: global.verify_element.text is PASSED

2018-11-15 19:04:55 - [MESSAGE][PASSED] - Actual text and expected text of test object 'Object Repository/iOS/Login screen/Username field' are matched.

2018-11-15 19:04:55 - [MESSAGE][PASSED] - global.verify_element.text is PASSED

2018-11-15 19:04:55 - [TEST_STEP][PASSED] - global.verify_element.disabled: global.verify_element.disabled is PASSED

2018-11-15 19:04:59 - [MESSAGE][PASSED] - Element 'Object Repository/iOS/Login screen/Login button' has attribute 'enabled' is 'false'

2018-11-15 19:04:59 - [MESSAGE][PASSED] - Actual object 'false' and expected object 'false' are equal

2018-11-15 19:04:59 - [MESSAGE][PASSED] - global.verify_element.disabled is PASSED]]></system-out>
         <system-err><![CDATA[]]></system-err>
      </testcase>
      <testcase name="Test Cases/iOS/Login/LOG_03" classname="Test Cases/iOS/Login/LOG_03" status="PASSED">
         <system-out><![CDATA[2018-11-15 19:04:59 - [TEST_CASE][PASSED] - Test Cases/iOS/Login/LOG_03: Test Cases/iOS/Login/LOG_03

2018-11-15 19:04:59 - [TEST_STEP][PASSED] - iOS.login_screen.enterPassword: iOS.login_screen.enterPassword is PASSED

2018-11-15 19:05:03 - [MESSAGE][PASSED] - Text 'Hello!23' has been set to element 'Object Repository/iOS/Login screen/Password field'

2018-11-15 19:05:04 - [MESSAGE][PASSED] - Keyboard is hidden

2018-11-15 19:05:04 - [MESSAGE][PASSED] - iOS.login_screen.enterPassword is PASSED

2018-11-15 19:05:04 - [TEST_STEP][PASSED] - global.verify_element.text: global.verify_element.text is PASSED

2018-11-15 19:05:07 - [MESSAGE][PASSED] - Actual text and expected text of test object 'Object Repository/iOS/Login screen/Password field' are matched.

2018-11-15 19:05:07 - [MESSAGE][PASSED] - global.verify_element.text is PASSED

2018-11-15 19:05:07 - [TEST_STEP][PASSED] - global.verify_element.enabled: global.verify_element.enabled is PASSED

2018-11-15 19:05:09 - [MESSAGE][PASSED] - Element 'Object Repository/iOS/Login screen/Login button' has attribute 'enabled' is 'true'

2018-11-15 19:05:09 - [MESSAGE][PASSED] - Actual object 'true' and expected object 'true' are equal

2018-11-15 19:05:09 - [MESSAGE][PASSED] - global.verify_element.enabled is PASSED]]></system-out>
         <system-err><![CDATA[]]></system-err>
      </testcase>
      <testcase name="Test Cases/iOS/Login/LOG_04" classname="Test Cases/iOS/Login/LOG_04" status="PASSED">
         <system-out><![CDATA[2018-11-15 19:05:09 - [TEST_CASE][PASSED] - Test Cases/iOS/Login/LOG_04: Test Cases/iOS/Login/LOG_04

2018-11-15 19:05:09 - [TEST_STEP][PASSED] - iOS.login_screen.tapLogin: iOS.login_screen.tapLogin is PASSED

2018-11-15 19:05:11 - [MESSAGE][PASSED] - Tapped on element 'Object Repository/iOS/Login screen/Login button'

2018-11-15 19:05:14 - [MESSAGE][PASSED] - Delayed 3 second(s)

2018-11-15 19:05:14 - [MESSAGE][PASSED] - iOS.login_screen.tapLogin is PASSED

2018-11-15 19:05:14 - [TEST_STEP][PASSED] - global.wait_for_element.visible: global.wait_for_element.visible is PASSED

2018-11-15 19:05:16 - [MESSAGE][PASSED] - Element 'Object Repository/iOS/OTP Verification screen/OTP Verification screen' is present

2018-11-15 19:05:16 - [MESSAGE][PASSED] - global.wait_for_element.visible is PASSED

2018-11-15 19:05:16 - [TEST_STEP][PASSED] - global.verify_element.exist: global.verify_element.exist is PASSED

2018-11-15 19:05:19 - [MESSAGE][PASSED] - Element 'Object Repository/iOS/OTP Verification screen/OTP Verification screen' is exist

2018-11-15 19:05:19 - [MESSAGE][PASSED] - global.verify_element.exist is PASSED

2018-11-15 19:05:19 - [TEST_STEP][PASSED] - global.verify_element.disabled: global.verify_element.disabled is PASSED

2018-11-15 19:05:21 - [MESSAGE][PASSED] - Element 'Object Repository/iOS/OTP Verification screen/Resend button' has attribute 'enabled' is 'false'

2018-11-15 19:05:21 - [MESSAGE][PASSED] - Actual object 'false' and expected object 'false' are equal

2018-11-15 19:05:21 - [MESSAGE][PASSED] - global.verify_element.disabled is PASSED

2018-11-15 19:05:21 - [TEST_STEP][PASSED] - global.verify_element.exist: global.verify_element.exist is PASSED

2018-11-15 19:05:23 - [MESSAGE][PASSED] - Element 'Object Repository/iOS/OTP Verification screen/Close button' is exist

2018-11-15 19:05:23 - [MESSAGE][PASSED] - global.verify_element.exist is PASSED

2018-11-15 19:05:23 - [TEST_STEP][PASSED] - delay: Delayed 50 second(s)

2018-11-15 19:06:13 - [MESSAGE][PASSED] - Delayed 50 second(s)

2018-11-15 19:06:13 - [TEST_STEP][PASSED] - global.verify_element.enabled: global.verify_element.enabled is PASSED

2018-11-15 19:06:16 - [MESSAGE][PASSED] - Element 'Object Repository/iOS/OTP Verification screen/Resend button' has attribute 'enabled' is 'true'

2018-11-15 19:06:16 - [MESSAGE][PASSED] - Actual object 'true' and expected object 'true' are equal

2018-11-15 19:06:16 - [MESSAGE][PASSED] - global.verify_element.enabled is PASSED]]></system-out>
         <system-err><![CDATA[]]></system-err>
      </testcase>
      <testcase name="Test Cases/iOS/Login/LOG_05" classname="Test Cases/iOS/Login/LOG_05" status="PASSED">
         <system-out><![CDATA[2018-11-15 19:06:16 - [TEST_CASE][PASSED] - Test Cases/iOS/Login/LOG_05: Test Cases/iOS/Login/LOG_05

2018-11-15 19:06:16 - [TEST_STEP][PASSED] - iOS.otp_verification_screen.enterOTP: iOS.otp_verification_screen.enterOTP is PASSED

2018-11-15 19:06:18 - [MESSAGE][PASSED] - Element 'Object Repository/iOS/OTP Verification screen/OTP Verification screen' is present

2018-11-15 19:06:18 - [MESSAGE][PASSED] - iOS.otp_verification_screen.enterOTP is PASSED

2018-11-15 19:06:18 - [TEST_STEP][PASSED] - global.verify_element.text: global.verify_element.text is PASSED

2018-11-15 19:06:25 - [MESSAGE][PASSED] - Actual text and expected text of test object 'Object Repository/iOS/My Account screen/Account Name' are matched.

2018-11-15 19:06:25 - [MESSAGE][PASSED] - global.verify_element.text is PASSED

2018-11-15 19:06:25 - [TEST_STEP][PASSED] - closeApplication: Close app successfully

2018-11-15 19:06:25 - [MESSAGE][PASSED] - Close app successfully]]></system-out>
         <system-err><![CDATA[]]></system-err>
      </testcase>
      <testcase name="Test Cases/iOS/Login/LOG_06" classname="Test Cases/iOS/Login/LOG_06" status="PASSED">
         <system-out><![CDATA[2018-11-15 19:06:25 - [TEST_CASE][PASSED] - Test Cases/iOS/Login/LOG_06: Test Cases/iOS/Login/LOG_06

2018-11-15 19:06:25 - [TEST_STEP][PASSED] - startApplication: Started app at: '/Users/buenaanda/Documents/mobile-automation-katalon/Data Files/PeraHub_v3.2.0-Dev.app'

2018-11-15 19:06:39 - [MESSAGE][PASSED] - Started app at: '/Users/buenaanda/Documents/mobile-automation-katalon/Data Files/PeraHub_v3.2.0-Dev.app'

2018-11-15 19:06:39 - [TEST_STEP][PASSED] - iOS.login_screen.tapLogout: iOS.login_screen.tapLogout is PASSED

2018-11-15 19:06:42 - [MESSAGE][PASSED] - Tapped on element 'Object Repository/iOS/Login screen/Logout button'

2018-11-15 19:06:42 - [MESSAGE][PASSED] - iOS.login_screen.tapLogout is PASSED

2018-11-15 19:06:42 - [TEST_STEP][PASSED] - iOS.initial_screen.tapLogin: iOS.initial_screen.tapLogin is PASSED

2018-11-15 19:06:48 - [MESSAGE][PASSED] - Tapped on element 'Object Repository/iOS/Initial screen/Login button'

2018-11-15 19:06:48 - [MESSAGE][PASSED] - iOS.initial_screen.tapLogin is PASSED

2018-11-15 19:06:48 - [TEST_STEP][PASSED] - iOS.login_screen.enterUsername: iOS.login_screen.enterUsername is PASSED

2018-11-15 19:06:51 - [MESSAGE][PASSED] - Text '1nvalid' has been set to element 'Object Repository/iOS/Login screen/Username field'

2018-11-15 19:06:51 - [MESSAGE][PASSED] - iOS.login_screen.enterUsername is PASSED

2018-11-15 19:06:51 - [TEST_STEP][PASSED] - iOS.login_screen.enterPassword: iOS.login_screen.enterPassword is PASSED

2018-11-15 19:06:55 - [MESSAGE][PASSED] - Text 'Hello!23' has been set to element 'Object Repository/iOS/Login screen/Password field'

2018-11-15 19:06:56 - [MESSAGE][PASSED] - Keyboard is hidden

2018-11-15 19:06:56 - [MESSAGE][PASSED] - iOS.login_screen.enterPassword is PASSED

2018-11-15 19:06:56 - [TEST_STEP][PASSED] - iOS.login_screen.tapLogin: iOS.login_screen.tapLogin is PASSED

2018-11-15 19:06:59 - [MESSAGE][PASSED] - Tapped on element 'Object Repository/iOS/Login screen/Login button'

2018-11-15 19:07:02 - [MESSAGE][PASSED] - Delayed 3 second(s)

2018-11-15 19:07:02 - [MESSAGE][PASSED] - iOS.login_screen.tapLogin is PASSED

2018-11-15 19:07:02 - [TEST_STEP][PASSED] - global.verify_element.text: global.verify_element.text is PASSED

2018-11-15 19:07:05 - [MESSAGE][PASSED] - Actual text and expected text of test object 'Object Repository/iOS/Login screen/Error username and password' are matched.

2018-11-15 19:07:05 - [MESSAGE][PASSED] - global.verify_element.text is PASSED

2018-11-15 19:07:05 - [TEST_STEP][PASSED] - iOS.login_screen.tapOK: iOS.login_screen.tapOK is PASSED

2018-11-15 19:07:08 - [MESSAGE][PASSED] - Tapped on element 'Object Repository/iOS/Login screen/OK button'

2018-11-15 19:07:08 - [MESSAGE][PASSED] - iOS.login_screen.tapOK is PASSED]]></system-out>
         <system-err><![CDATA[]]></system-err>
      </testcase>
      <testcase name="Test Cases/iOS/Login/LOG_07" classname="Test Cases/iOS/Login/LOG_07" status="PASSED">
         <system-out><![CDATA[2018-11-15 19:07:08 - [TEST_CASE][PASSED] - Test Cases/iOS/Login/LOG_07: Test Cases/iOS/Login/LOG_07

2018-11-15 19:07:08 - [TEST_STEP][PASSED] - iOS.login_screen.enterUsername: iOS.login_screen.enterUsername is PASSED

2018-11-15 19:07:12 - [MESSAGE][PASSED] - Text '' has been set to element 'Object Repository/iOS/Login screen/Username field'

2018-11-15 19:07:12 - [MESSAGE][PASSED] - iOS.login_screen.enterUsername is PASSED

2018-11-15 19:07:12 - [TEST_STEP][PASSED] - global.verify_element.disabled: global.verify_element.disabled is PASSED

2018-11-15 19:07:16 - [MESSAGE][PASSED] - Element 'Object Repository/iOS/Login screen/Login button' has attribute 'enabled' is 'false'

2018-11-15 19:07:16 - [MESSAGE][PASSED] - Actual object 'false' and expected object 'false' are equal

2018-11-15 19:07:16 - [MESSAGE][PASSED] - global.verify_element.disabled is PASSED]]></system-out>
         <system-err><![CDATA[]]></system-err>
      </testcase>
      <testcase name="Test Cases/iOS/Login/LOG_08" classname="Test Cases/iOS/Login/LOG_08" status="PASSED">
         <system-out><![CDATA[2018-11-15 19:07:16 - [TEST_CASE][PASSED] - Test Cases/iOS/Login/LOG_08: Test Cases/iOS/Login/LOG_08

2018-11-15 19:07:16 - [TEST_STEP][PASSED] - iOS.login_screen.enterUsername: iOS.login_screen.enterUsername is PASSED

2018-11-15 19:07:19 - [MESSAGE][PASSED] - Text 'allen_15' has been set to element 'Object Repository/iOS/Login screen/Username field'

2018-11-15 19:07:19 - [MESSAGE][PASSED] - iOS.login_screen.enterUsername is PASSED

2018-11-15 19:07:19 - [TEST_STEP][PASSED] - iOS.login_screen.enterPassword: iOS.login_screen.enterPassword is PASSED

2018-11-15 19:07:24 - [MESSAGE][PASSED] - Text '1ncorrect' has been set to element 'Object Repository/iOS/Login screen/Password field'

2018-11-15 19:07:25 - [MESSAGE][PASSED] - Keyboard is hidden

2018-11-15 19:07:25 - [MESSAGE][PASSED] - iOS.login_screen.enterPassword is PASSED

2018-11-15 19:07:25 - [TEST_STEP][PASSED] - iOS.login_screen.tapLogin: iOS.login_screen.tapLogin is PASSED

2018-11-15 19:07:27 - [MESSAGE][PASSED] - Tapped on element 'Object Repository/iOS/Login screen/Login button'

2018-11-15 19:07:30 - [MESSAGE][PASSED] - Delayed 3 second(s)

2018-11-15 19:07:30 - [MESSAGE][PASSED] - iOS.login_screen.tapLogin is PASSED

2018-11-15 19:07:30 - [TEST_STEP][PASSED] - global.verify_element.text: global.verify_element.text is PASSED

2018-11-15 19:07:34 - [MESSAGE][PASSED] - Actual text and expected text of test object 'Object Repository/iOS/Login screen/Error username and password' are matched.

2018-11-15 19:07:34 - [MESSAGE][PASSED] - global.verify_element.text is PASSED

2018-11-15 19:07:34 - [TEST_STEP][PASSED] - iOS.login_screen.tapOK: iOS.login_screen.tapOK is PASSED

2018-11-15 19:07:37 - [MESSAGE][PASSED] - Tapped on element 'Object Repository/iOS/Login screen/OK button'

2018-11-15 19:07:37 - [MESSAGE][PASSED] - iOS.login_screen.tapOK is PASSED]]></system-out>
         <system-err><![CDATA[]]></system-err>
      </testcase>
      <testcase name="Test Cases/iOS/Login/LOG_09" classname="Test Cases/iOS/Login/LOG_09" status="PASSED">
         <system-out><![CDATA[2018-11-15 19:07:37 - [TEST_CASE][PASSED] - Test Cases/iOS/Login/LOG_09: Test Cases/iOS/Login/LOG_09

2018-11-15 19:07:37 - [TEST_STEP][PASSED] - iOS.login_screen.enterPassword: iOS.login_screen.enterPassword is PASSED

2018-11-15 19:07:41 - [MESSAGE][PASSED] - Text '' has been set to element 'Object Repository/iOS/Login screen/Password field'

2018-11-15 19:07:42 - [MESSAGE][PASSED] - Keyboard is hidden

2018-11-15 19:07:42 - [MESSAGE][PASSED] - iOS.login_screen.enterPassword is PASSED

2018-11-15 19:07:42 - [TEST_STEP][PASSED] - global.verify_element.disabled: global.verify_element.disabled is PASSED

2018-11-15 19:07:45 - [MESSAGE][PASSED] - Element 'Object Repository/iOS/Login screen/Login button' has attribute 'enabled' is 'false'

2018-11-15 19:07:45 - [MESSAGE][PASSED] - Actual object 'false' and expected object 'false' are equal

2018-11-15 19:07:45 - [MESSAGE][PASSED] - global.verify_element.disabled is PASSED]]></system-out>
         <system-err><![CDATA[]]></system-err>
      </testcase>
      <testcase name="Test Cases/iOS/Login/LOG_10" classname="Test Cases/iOS/Login/LOG_10" status="FAILED">
         <failure type="FAILED" message="(Stack trace: com.kms.katalon.core.exception.StepFailedException: Element 'Object Repository/iOS/OTP Verification screen/Error otp code' not found
	at com.kms.katalon.core.keyword.internal.KeywordMain.stepFailed(KeywordMain.groovy:32)
	at com.kms.katalon.core.mobile.keyword.internal.MobileKeywordMain.stepFailed(MobileKeywordMain.groovy:40)
	at com.kms.katalon.core.mobile.keyword.builtin.VerifyElementTextKeyword$_verifyElementText_closure1.doCall(VerifyElementTextKeyword.groovy:49)
	at com.kms.katalon.core.mobile.keyword.builtin.VerifyElementTextKeyword$_verifyElementText_closure1.call(VerifyElementTextKeyword.groovy)
	at com.kms.katalon.core.mobile.keyword.internal.MobileKeywordMain.runKeyword(MobileKeywordMain.groovy:21)
	at com.kms.katalon.core.mobile.keyword.builtin.VerifyElementTextKeyword.verifyElementText(VerifyElementTextKeyword.groovy:62)
	at com.kms.katalon.core.mobile.keyword.builtin.VerifyElementTextKeyword.execute(VerifyElementTextKeyword.groovy:39)
	at com.kms.katalon.core.keyword.internal.KeywordExecutor.executeKeywordForPlatform(KeywordExecutor.groovy:53)
	at com.kms.katalon.core.mobile.keyword.MobileBuiltInKeywords.verifyElementText(MobileBuiltInKeywords.groovy:1751)
	at com.kms.katalon.core.mobile.keyword.MobileBuiltInKeywords$verifyElementText$3.call(Unknown Source)
	at global.verify_element.text(verify_element.groovy:28)
	at sun.reflect.NativeMethodAccessorImpl.invoke0(Native Method)
	at sun.reflect.NativeMethodAccessorImpl.invoke(NativeMethodAccessorImpl.java:62)
	at sun.reflect.DelegatingMethodAccessorImpl.invoke(DelegatingMethodAccessorImpl.java:43)
	at java.lang.reflect.Method.invoke(Method.java:498)
	at org.codehaus.groovy.reflection.CachedMethod.invoke(CachedMethod.java:93)
	at groovy.lang.MetaMethod.doMethodInvoke(MetaMethod.java:325)
	at groovy.lang.MetaClassImpl.invokeMethod(MetaClassImpl.java:1215)
	at groovy.lang.MetaClassImpl.invokeMethod(MetaClassImpl.java:1024)
	at groovy.lang.MetaClassImpl.invokeMethod(MetaClassImpl.java:812)
	at groovy.lang.DelegatingMetaClass.invokeMethod(DelegatingMetaClass.java:144)
	at global.verify_element.invokeMethod(verify_element.groovy)
	at com.kms.katalon.core.main.CustomKeywordDelegatingMetaClass.invokeStaticMethod(CustomKeywordDelegatingMetaClass.java:46)
	at org.codehaus.groovy.runtime.callsite.StaticMetaClassSite.call(StaticMetaClassSite.java:53)
	at org.codehaus.groovy.runtime.callsite.CallSiteArray.defaultCall(CallSiteArray.java:48)
	at org.codehaus.groovy.runtime.callsite.AbstractCallSite.call(AbstractCallSite.java:113)
	at org.codehaus.groovy.runtime.callsite.AbstractCallSite.call(AbstractCallSite.java:133)
	at Script1539834651692.run(Script1539834651692.groovy:17)
	at com.kms.katalon.core.main.ScriptEngine.run(ScriptEngine.java:183)
	at com.kms.katalon.core.main.ScriptEngine.runScriptAsRawText(ScriptEngine.java:108)
	at com.kms.katalon.core.main.TestCaseExecutor.runScript(TestCaseExecutor.java:294)
	at com.kms.katalon.core.main.TestCaseExecutor.doExecute(TestCaseExecutor.java:285)
	at com.kms.katalon.core.main.TestCaseExecutor.processExecutionPhase(TestCaseExecutor.java:264)
	at com.kms.katalon.core.main.TestCaseExecutor.accessMainPhase(TestCaseExecutor.java:256)
	at com.kms.katalon.core.main.TestCaseExecutor.execute(TestCaseExecutor.java:200)
	at com.kms.katalon.core.main.TestSuiteExecutor.accessTestCaseMainPhase(TestSuiteExecutor.java:129)
	at com.kms.katalon.core.main.TestSuiteExecutor.accessTestSuiteMainPhase(TestSuiteExecutor.java:112)
	at com.kms.katalon.core.main.TestSuiteExecutor.execute(TestSuiteExecutor.java:81)
	at com.kms.katalon.core.main.TestCaseMain.startTestSuite(TestCaseMain.java:142)
	at com.kms.katalon.core.main.TestCaseMain$startTestSuite$0.call(Unknown Source)
	at org.codehaus.groovy.runtime.callsite.CallSiteArray.defaultCall(CallSiteArray.java:48)
	at org.codehaus.groovy.runtime.callsite.AbstractCallSite.call(AbstractCallSite.java:113)
	at org.codehaus.groovy.runtime.callsite.AbstractCallSite.call(AbstractCallSite.java:141)
	at TempTestSuite1542279820794.run(TempTestSuite1542279820794.groovy:36)
	at groovy.lang.GroovyShell.runScriptOrMainOrTestOrRunnable(GroovyShell.java:263)
	at groovy.lang.GroovyShell.run(GroovyShell.java:518)
	at groovy.lang.GroovyShell.run(GroovyShell.java:507)
	at groovy.ui.GroovyMain.processOnce(GroovyMain.java:653)
	at groovy.ui.GroovyMain.run(GroovyMain.java:384)
	at groovy.ui.GroovyMain.process(GroovyMain.java:370)
	at groovy.ui.GroovyMain.processArgs(GroovyMain.java:129)
	at groovy.ui.GroovyMain.main(GroovyMain.java:109)
	at sun.reflect.NativeMethodAccessorImpl.invoke0(Native Method)
	at sun.reflect.NativeMethodAccessorImpl.invoke(NativeMethodAccessorImpl.java:62)
	at sun.reflect.DelegatingMethodAccessorImpl.invoke(DelegatingMethodAccessorImpl.java:43)
	at java.lang.reflect.Method.invoke(Method.java:498)
	at org.codehaus.groovy.tools.GroovyStarter.rootLoader(GroovyStarter.java:109)
	at org.codehaus.groovy.tools.GroovyStarter.main(GroovyStarter.java:131)
)"/>
         <system-out><![CDATA[2018-11-15 19:07:45 - [TEST_CASE][FAILED] - Test Cases/iOS/Login/LOG_10: Test Cases/iOS/Login/LOG_10 FAILED because (of) (Stack trace: com.kms.katalon.core.exception.StepFailedException: Element 'Object Repository/iOS/OTP Verification screen/Error otp code' not found
	at com.kms.katalon.core.keyword.internal.KeywordMain.stepFailed(KeywordMain.groovy:32)
	at com.kms.katalon.core.mobile.keyword.internal.MobileKeywordMain.stepFailed(MobileKeywordMain.groovy:40)
	at com.kms.katalon.core.mobile.keyword.builtin.VerifyElementTextKeyword$_verifyElementText_closure1.doCall(VerifyElementTextKeyword.groovy:49)
	at com.kms.katalon.core.mobile.keyword.builtin.VerifyElementTextKeyword$_verifyElementText_closure1.call(VerifyElementTextKeyword.groovy)
	at com.kms.katalon.core.mobile.keyword.internal.MobileKeywordMain.runKeyword(MobileKeywordMain.groovy:21)
	at com.kms.katalon.core.mobile.keyword.builtin.VerifyElementTextKeyword.verifyElementText(VerifyElementTextKeyword.groovy:62)
	at com.kms.katalon.core.mobile.keyword.builtin.VerifyElementTextKeyword.execute(VerifyElementTextKeyword.groovy:39)
	at com.kms.katalon.core.keyword.internal.KeywordExecutor.executeKeywordForPlatform(KeywordExecutor.groovy:53)
	at com.kms.katalon.core.mobile.keyword.MobileBuiltInKeywords.verifyElementText(MobileBuiltInKeywords.groovy:1751)
	at com.kms.katalon.core.mobile.keyword.MobileBuiltInKeywords$verifyElementText$3.call(Unknown Source)
	at global.verify_element.text(verify_element.groovy:28)
	at sun.reflect.NativeMethodAccessorImpl.invoke0(Native Method)
	at sun.reflect.NativeMethodAccessorImpl.invoke(NativeMethodAccessorImpl.java:62)
	at sun.reflect.DelegatingMethodAccessorImpl.invoke(DelegatingMethodAccessorImpl.java:43)
	at java.lang.reflect.Method.invoke(Method.java:498)
	at org.codehaus.groovy.reflection.CachedMethod.invoke(CachedMethod.java:93)
	at groovy.lang.MetaMethod.doMethodInvoke(MetaMethod.java:325)
	at groovy.lang.MetaClassImpl.invokeMethod(MetaClassImpl.java:1215)
	at groovy.lang.MetaClassImpl.invokeMethod(MetaClassImpl.java:1024)
	at groovy.lang.MetaClassImpl.invokeMethod(MetaClassImpl.java:812)
	at groovy.lang.DelegatingMetaClass.invokeMethod(DelegatingMetaClass.java:144)
	at global.verify_element.invokeMethod(verify_element.groovy)
	at com.kms.katalon.core.main.CustomKeywordDelegatingMetaClass.invokeStaticMethod(CustomKeywordDelegatingMetaClass.java:46)
	at org.codehaus.groovy.runtime.callsite.StaticMetaClassSite.call(StaticMetaClassSite.java:53)
	at org.codehaus.groovy.runtime.callsite.CallSiteArray.defaultCall(CallSiteArray.java:48)
	at org.codehaus.groovy.runtime.callsite.AbstractCallSite.call(AbstractCallSite.java:113)
	at org.codehaus.groovy.runtime.callsite.AbstractCallSite.call(AbstractCallSite.java:133)
	at Script1539834651692.run(Script1539834651692.groovy:17)
	at com.kms.katalon.core.main.ScriptEngine.run(ScriptEngine.java:183)
	at com.kms.katalon.core.main.ScriptEngine.runScriptAsRawText(ScriptEngine.java:108)
	at com.kms.katalon.core.main.TestCaseExecutor.runScript(TestCaseExecutor.java:294)
	at com.kms.katalon.core.main.TestCaseExecutor.doExecute(TestCaseExecutor.java:285)
	at com.kms.katalon.core.main.TestCaseExecutor.processExecutionPhase(TestCaseExecutor.java:264)
	at com.kms.katalon.core.main.TestCaseExecutor.accessMainPhase(TestCaseExecutor.java:256)
	at com.kms.katalon.core.main.TestCaseExecutor.execute(TestCaseExecutor.java:200)
	at com.kms.katalon.core.main.TestSuiteExecutor.accessTestCaseMainPhase(TestSuiteExecutor.java:129)
	at com.kms.katalon.core.main.TestSuiteExecutor.accessTestSuiteMainPhase(TestSuiteExecutor.java:112)
	at com.kms.katalon.core.main.TestSuiteExecutor.execute(TestSuiteExecutor.java:81)
	at com.kms.katalon.core.main.TestCaseMain.startTestSuite(TestCaseMain.java:142)
	at com.kms.katalon.core.main.TestCaseMain$startTestSuite$0.call(Unknown Source)
	at org.codehaus.groovy.runtime.callsite.CallSiteArray.defaultCall(CallSiteArray.java:48)
	at org.codehaus.groovy.runtime.callsite.AbstractCallSite.call(AbstractCallSite.java:113)
	at org.codehaus.groovy.runtime.callsite.AbstractCallSite.call(AbstractCallSite.java:141)
	at TempTestSuite1542279820794.run(TempTestSuite1542279820794.groovy:36)
	at groovy.lang.GroovyShell.runScriptOrMainOrTestOrRunnable(GroovyShell.java:263)
	at groovy.lang.GroovyShell.run(GroovyShell.java:518)
	at groovy.lang.GroovyShell.run(GroovyShell.java:507)
	at groovy.ui.GroovyMain.processOnce(GroovyMain.java:653)
	at groovy.ui.GroovyMain.run(GroovyMain.java:384)
	at groovy.ui.GroovyMain.process(GroovyMain.java:370)
	at groovy.ui.GroovyMain.processArgs(GroovyMain.java:129)
	at groovy.ui.GroovyMain.main(GroovyMain.java:109)
	at sun.reflect.NativeMethodAccessorImpl.invoke0(Native Method)
	at sun.reflect.NativeMethodAccessorImpl.invoke(NativeMethodAccessorImpl.java:62)
	at sun.reflect.DelegatingMethodAccessorImpl.invoke(DelegatingMethodAccessorImpl.java:43)
	at java.lang.reflect.Method.invoke(Method.java:498)
	at org.codehaus.groovy.tools.GroovyStarter.rootLoader(GroovyStarter.java:109)
	at org.codehaus.groovy.tools.GroovyStarter.main(GroovyStarter.java:131)
)

2018-11-15 19:07:45 - [TEST_STEP][PASSED] - iOS.login_screen.enterUsername: iOS.login_screen.enterUsername is PASSED

2018-11-15 19:07:49 - [MESSAGE][PASSED] - Text 'allen_15' has been set to element 'Object Repository/iOS/Login screen/Username field'

2018-11-15 19:07:49 - [MESSAGE][PASSED] - iOS.login_screen.enterUsername is PASSED

2018-11-15 19:07:49 - [TEST_STEP][PASSED] - iOS.login_screen.enterPassword: iOS.login_screen.enterPassword is PASSED

2018-11-15 19:07:53 - [MESSAGE][PASSED] - Text 'Hello!23' has been set to element 'Object Repository/iOS/Login screen/Password field'

2018-11-15 19:07:54 - [MESSAGE][PASSED] - Keyboard is hidden

2018-11-15 19:07:54 - [MESSAGE][PASSED] - iOS.login_screen.enterPassword is PASSED

2018-11-15 19:07:54 - [TEST_STEP][PASSED] - iOS.login_screen.tapLogin: iOS.login_screen.tapLogin is PASSED

2018-11-15 19:07:57 - [MESSAGE][PASSED] - Tapped on element 'Object Repository/iOS/Login screen/Login button'

2018-11-15 19:08:00 - [MESSAGE][PASSED] - Delayed 3 second(s)

2018-11-15 19:08:00 - [MESSAGE][PASSED] - iOS.login_screen.tapLogin is PASSED

2018-11-15 19:08:00 - [TEST_STEP][PASSED] - iOS.otp_verification_screen.enterOTP: iOS.otp_verification_screen.enterOTP is PASSED

2018-11-15 19:08:02 - [MESSAGE][PASSED] - Element 'Object Repository/iOS/OTP Verification screen/OTP Verification screen' is present

2018-11-15 19:08:02 - [MESSAGE][PASSED] - iOS.otp_verification_screen.enterOTP is PASSED

2018-11-15 19:08:02 - [TEST_STEP][FAILED] - global.verify_element.text: Element 'Object Repository/iOS/OTP Verification screen/Error otp code' not found

2018-11-15 19:08:18 - [MESSAGE][FAILED] - Element 'Object Repository/iOS/OTP Verification screen/Error otp code' not found
[[ATTACHMENT|/Users/buenaanda/Documents/mobile-automation-katalon/Reports/iOS/PERA Hub Test Suite/20181115_190340/1542280098701.png]]

2018-11-15 19:08:18 - [MESSAGE][FAILED] - Element 'Object Repository/iOS/OTP Verification screen/Error otp code' not found

2018-11-15 19:08:18 - [TEST_STEP][FAILED] - iOS.login_screen.tapOK: Failed to tap on element 'Object Repository/iOS/Login screen/OK button' (Root cause: Object Object Repository/iOS/Login screen/OK button not found)

2018-11-15 19:08:24 - [MESSAGE][FAILED] - Object Object Repository/iOS/Login screen/OK button not found
[[ATTACHMENT|/Users/buenaanda/Documents/mobile-automation-katalon/Reports/iOS/PERA Hub Test Suite/20181115_190340/1542280104417.png]]

2018-11-15 19:08:24 - [MESSAGE][FAILED] - Failed to tap on element 'Object Repository/iOS/Login screen/OK button' (Root cause: Object Object Repository/iOS/Login screen/OK button not found)
[[ATTACHMENT|/Users/buenaanda/Documents/mobile-automation-katalon/Reports/iOS/PERA Hub Test Suite/20181115_190340/1542280104598.png]]

2018-11-15 19:08:24 - [MESSAGE][FAILED] - Failed to tap on element 'Object Repository/iOS/Login screen/OK button' (Root cause: Object Object Repository/iOS/Login screen/OK button not found)]]></system-out>
         <system-err><![CDATA[2018-11-15 19:07:45 - [TEST_CASE][FAILED] - Test Cases/iOS/Login/LOG_10: Test Cases/iOS/Login/LOG_10 FAILED because (of) (Stack trace: com.kms.katalon.core.exception.StepFailedException: Element 'Object Repository/iOS/OTP Verification screen/Error otp code' not found
	at com.kms.katalon.core.keyword.internal.KeywordMain.stepFailed(KeywordMain.groovy:32)
	at com.kms.katalon.core.mobile.keyword.internal.MobileKeywordMain.stepFailed(MobileKeywordMain.groovy:40)
	at com.kms.katalon.core.mobile.keyword.builtin.VerifyElementTextKeyword$_verifyElementText_closure1.doCall(VerifyElementTextKeyword.groovy:49)
	at com.kms.katalon.core.mobile.keyword.builtin.VerifyElementTextKeyword$_verifyElementText_closure1.call(VerifyElementTextKeyword.groovy)
	at com.kms.katalon.core.mobile.keyword.internal.MobileKeywordMain.runKeyword(MobileKeywordMain.groovy:21)
	at com.kms.katalon.core.mobile.keyword.builtin.VerifyElementTextKeyword.verifyElementText(VerifyElementTextKeyword.groovy:62)
	at com.kms.katalon.core.mobile.keyword.builtin.VerifyElementTextKeyword.execute(VerifyElementTextKeyword.groovy:39)
	at com.kms.katalon.core.keyword.internal.KeywordExecutor.executeKeywordForPlatform(KeywordExecutor.groovy:53)
	at com.kms.katalon.core.mobile.keyword.MobileBuiltInKeywords.verifyElementText(MobileBuiltInKeywords.groovy:1751)
	at com.kms.katalon.core.mobile.keyword.MobileBuiltInKeywords$verifyElementText$3.call(Unknown Source)
	at global.verify_element.text(verify_element.groovy:28)
	at sun.reflect.NativeMethodAccessorImpl.invoke0(Native Method)
	at sun.reflect.NativeMethodAccessorImpl.invoke(NativeMethodAccessorImpl.java:62)
	at sun.reflect.DelegatingMethodAccessorImpl.invoke(DelegatingMethodAccessorImpl.java:43)
	at java.lang.reflect.Method.invoke(Method.java:498)
	at org.codehaus.groovy.reflection.CachedMethod.invoke(CachedMethod.java:93)
	at groovy.lang.MetaMethod.doMethodInvoke(MetaMethod.java:325)
	at groovy.lang.MetaClassImpl.invokeMethod(MetaClassImpl.java:1215)
	at groovy.lang.MetaClassImpl.invokeMethod(MetaClassImpl.java:1024)
	at groovy.lang.MetaClassImpl.invokeMethod(MetaClassImpl.java:812)
	at groovy.lang.DelegatingMetaClass.invokeMethod(DelegatingMetaClass.java:144)
	at global.verify_element.invokeMethod(verify_element.groovy)
	at com.kms.katalon.core.main.CustomKeywordDelegatingMetaClass.invokeStaticMethod(CustomKeywordDelegatingMetaClass.java:46)
	at org.codehaus.groovy.runtime.callsite.StaticMetaClassSite.call(StaticMetaClassSite.java:53)
	at org.codehaus.groovy.runtime.callsite.CallSiteArray.defaultCall(CallSiteArray.java:48)
	at org.codehaus.groovy.runtime.callsite.AbstractCallSite.call(AbstractCallSite.java:113)
	at org.codehaus.groovy.runtime.callsite.AbstractCallSite.call(AbstractCallSite.java:133)
	at Script1539834651692.run(Script1539834651692.groovy:17)
	at com.kms.katalon.core.main.ScriptEngine.run(ScriptEngine.java:183)
	at com.kms.katalon.core.main.ScriptEngine.runScriptAsRawText(ScriptEngine.java:108)
	at com.kms.katalon.core.main.TestCaseExecutor.runScript(TestCaseExecutor.java:294)
	at com.kms.katalon.core.main.TestCaseExecutor.doExecute(TestCaseExecutor.java:285)
	at com.kms.katalon.core.main.TestCaseExecutor.processExecutionPhase(TestCaseExecutor.java:264)
	at com.kms.katalon.core.main.TestCaseExecutor.accessMainPhase(TestCaseExecutor.java:256)
	at com.kms.katalon.core.main.TestCaseExecutor.execute(TestCaseExecutor.java:200)
	at com.kms.katalon.core.main.TestSuiteExecutor.accessTestCaseMainPhase(TestSuiteExecutor.java:129)
	at com.kms.katalon.core.main.TestSuiteExecutor.accessTestSuiteMainPhase(TestSuiteExecutor.java:112)
	at com.kms.katalon.core.main.TestSuiteExecutor.execute(TestSuiteExecutor.java:81)
	at com.kms.katalon.core.main.TestCaseMain.startTestSuite(TestCaseMain.java:142)
	at com.kms.katalon.core.main.TestCaseMain$startTestSuite$0.call(Unknown Source)
	at org.codehaus.groovy.runtime.callsite.CallSiteArray.defaultCall(CallSiteArray.java:48)
	at org.codehaus.groovy.runtime.callsite.AbstractCallSite.call(AbstractCallSite.java:113)
	at org.codehaus.groovy.runtime.callsite.AbstractCallSite.call(AbstractCallSite.java:141)
	at TempTestSuite1542279820794.run(TempTestSuite1542279820794.groovy:36)
	at groovy.lang.GroovyShell.runScriptOrMainOrTestOrRunnable(GroovyShell.java:263)
	at groovy.lang.GroovyShell.run(GroovyShell.java:518)
	at groovy.lang.GroovyShell.run(GroovyShell.java:507)
	at groovy.ui.GroovyMain.processOnce(GroovyMain.java:653)
	at groovy.ui.GroovyMain.run(GroovyMain.java:384)
	at groovy.ui.GroovyMain.process(GroovyMain.java:370)
	at groovy.ui.GroovyMain.processArgs(GroovyMain.java:129)
	at groovy.ui.GroovyMain.main(GroovyMain.java:109)
	at sun.reflect.NativeMethodAccessorImpl.invoke0(Native Method)
	at sun.reflect.NativeMethodAccessorImpl.invoke(NativeMethodAccessorImpl.java:62)
	at sun.reflect.DelegatingMethodAccessorImpl.invoke(DelegatingMethodAccessorImpl.java:43)
	at java.lang.reflect.Method.invoke(Method.java:498)
	at org.codehaus.groovy.tools.GroovyStarter.rootLoader(GroovyStarter.java:109)
	at org.codehaus.groovy.tools.GroovyStarter.main(GroovyStarter.java:131)
)]]></system-err>
      </testcase>
      <testcase name="Test Cases/iOS/Login/LOG_11" classname="Test Cases/iOS/Login/LOG_11" status="FAILED">
         <failure type="FAILED" message="(Stack trace: com.kms.katalon.core.exception.StepFailedException: Failed to tap on element 'Object Repository/iOS/OTP Verification screen/Resend button' (Root cause: Object Object Repository/iOS/OTP Verification screen/Resend button not found)
	at com.kms.katalon.core.keyword.internal.KeywordMain.stepFailed(KeywordMain.groovy:36)
	at com.kms.katalon.core.mobile.keyword.internal.MobileKeywordMain.stepFailed(MobileKeywordMain.groovy:40)
	at com.kms.katalon.core.mobile.keyword.internal.MobileKeywordMain.runKeyword(MobileKeywordMain.groovy:23)
	at com.kms.katalon.core.mobile.keyword.builtin.TapKeyword.tap(TapKeyword.groovy:83)
	at com.kms.katalon.core.mobile.keyword.builtin.TapKeyword.execute(TapKeyword.groovy:66)
	at com.kms.katalon.core.keyword.internal.KeywordExecutor.executeKeywordForPlatform(KeywordExecutor.groovy:53)
	at com.kms.katalon.core.mobile.keyword.MobileBuiltInKeywords.tap(MobileBuiltInKeywords.groovy:471)
	at com.kms.katalon.core.mobile.keyword.MobileBuiltInKeywords$tap$0.call(Unknown Source)
	at org.codehaus.groovy.runtime.callsite.CallSiteArray.defaultCall(CallSiteArray.java:48)
	at org.codehaus.groovy.runtime.callsite.AbstractCallSite.call(AbstractCallSite.java:113)
	at org.codehaus.groovy.runtime.callsite.AbstractCallSite.call(AbstractCallSite.java:141)
	at iOS.otp_verification_screen.tapResend(otp_verification_screen.groovy:27)
	at sun.reflect.NativeMethodAccessorImpl.invoke0(Native Method)
	at sun.reflect.NativeMethodAccessorImpl.invoke(NativeMethodAccessorImpl.java:62)
	at sun.reflect.DelegatingMethodAccessorImpl.invoke(DelegatingMethodAccessorImpl.java:43)
	at java.lang.reflect.Method.invoke(Method.java:498)
	at org.codehaus.groovy.reflection.CachedMethod.invoke(CachedMethod.java:93)
	at groovy.lang.MetaMethod.doMethodInvoke(MetaMethod.java:325)
	at groovy.lang.MetaClassImpl.invokeMethod(MetaClassImpl.java:1215)
	at groovy.lang.MetaClassImpl.invokeMethod(MetaClassImpl.java:1024)
	at groovy.lang.MetaClassImpl.invokeMethod(MetaClassImpl.java:812)
	at groovy.lang.DelegatingMetaClass.invokeMethod(DelegatingMetaClass.java:144)
	at iOS.otp_verification_screen.invokeMethod(otp_verification_screen.groovy)
	at com.kms.katalon.core.main.CustomKeywordDelegatingMetaClass.invokeStaticMethod(CustomKeywordDelegatingMetaClass.java:46)
	at org.codehaus.groovy.runtime.callsite.StaticMetaClassSite.call(StaticMetaClassSite.java:53)
	at org.codehaus.groovy.runtime.callsite.CallSiteArray.defaultCall(CallSiteArray.java:48)
	at org.codehaus.groovy.runtime.callsite.AbstractCallSite.call(AbstractCallSite.java:113)
	at org.codehaus.groovy.runtime.callsite.AbstractCallSite.call(AbstractCallSite.java:117)
	at Script1539834709354.run(Script1539834709354.groovy:9)
	at com.kms.katalon.core.main.ScriptEngine.run(ScriptEngine.java:183)
	at com.kms.katalon.core.main.ScriptEngine.runScriptAsRawText(ScriptEngine.java:108)
	at com.kms.katalon.core.main.TestCaseExecutor.runScript(TestCaseExecutor.java:294)
	at com.kms.katalon.core.main.TestCaseExecutor.doExecute(TestCaseExecutor.java:285)
	at com.kms.katalon.core.main.TestCaseExecutor.processExecutionPhase(TestCaseExecutor.java:264)
	at com.kms.katalon.core.main.TestCaseExecutor.accessMainPhase(TestCaseExecutor.java:256)
	at com.kms.katalon.core.main.TestCaseExecutor.execute(TestCaseExecutor.java:200)
	at com.kms.katalon.core.main.TestSuiteExecutor.accessTestCaseMainPhase(TestSuiteExecutor.java:129)
	at com.kms.katalon.core.main.TestSuiteExecutor.accessTestSuiteMainPhase(TestSuiteExecutor.java:112)
	at com.kms.katalon.core.main.TestSuiteExecutor.execute(TestSuiteExecutor.java:81)
	at com.kms.katalon.core.main.TestCaseMain.startTestSuite(TestCaseMain.java:142)
	at com.kms.katalon.core.main.TestCaseMain$startTestSuite$0.call(Unknown Source)
	at org.codehaus.groovy.runtime.callsite.CallSiteArray.defaultCall(CallSiteArray.java:48)
	at org.codehaus.groovy.runtime.callsite.AbstractCallSite.call(AbstractCallSite.java:113)
	at org.codehaus.groovy.runtime.callsite.AbstractCallSite.call(AbstractCallSite.java:141)
	at TempTestSuite1542279820794.run(TempTestSuite1542279820794.groovy:36)
	at groovy.lang.GroovyShell.runScriptOrMainOrTestOrRunnable(GroovyShell.java:263)
	at groovy.lang.GroovyShell.run(GroovyShell.java:518)
	at groovy.lang.GroovyShell.run(GroovyShell.java:507)
	at groovy.ui.GroovyMain.processOnce(GroovyMain.java:653)
	at groovy.ui.GroovyMain.run(GroovyMain.java:384)
	at groovy.ui.GroovyMain.process(GroovyMain.java:370)
	at groovy.ui.GroovyMain.processArgs(GroovyMain.java:129)
	at groovy.ui.GroovyMain.main(GroovyMain.java:109)
	at sun.reflect.NativeMethodAccessorImpl.invoke0(Native Method)
	at sun.reflect.NativeMethodAccessorImpl.invoke(NativeMethodAccessorImpl.java:62)
	at sun.reflect.DelegatingMethodAccessorImpl.invoke(DelegatingMethodAccessorImpl.java:43)
	at java.lang.reflect.Method.invoke(Method.java:498)
	at org.codehaus.groovy.tools.GroovyStarter.rootLoader(GroovyStarter.java:109)
	at org.codehaus.groovy.tools.GroovyStarter.main(GroovyStarter.java:131)
)"/>
         <system-out><![CDATA[2018-11-15 19:08:24 - [TEST_CASE][FAILED] - Test Cases/iOS/Login/LOG_11: Test Cases/iOS/Login/LOG_11 FAILED because (of) (Stack trace: com.kms.katalon.core.exception.StepFailedException: Failed to tap on element 'Object Repository/iOS/OTP Verification screen/Resend button' (Root cause: Object Object Repository/iOS/OTP Verification screen/Resend button not found)
	at com.kms.katalon.core.keyword.internal.KeywordMain.stepFailed(KeywordMain.groovy:36)
	at com.kms.katalon.core.mobile.keyword.internal.MobileKeywordMain.stepFailed(MobileKeywordMain.groovy:40)
	at com.kms.katalon.core.mobile.keyword.internal.MobileKeywordMain.runKeyword(MobileKeywordMain.groovy:23)
	at com.kms.katalon.core.mobile.keyword.builtin.TapKeyword.tap(TapKeyword.groovy:83)
	at com.kms.katalon.core.mobile.keyword.builtin.TapKeyword.execute(TapKeyword.groovy:66)
	at com.kms.katalon.core.keyword.internal.KeywordExecutor.executeKeywordForPlatform(KeywordExecutor.groovy:53)
	at com.kms.katalon.core.mobile.keyword.MobileBuiltInKeywords.tap(MobileBuiltInKeywords.groovy:471)
	at com.kms.katalon.core.mobile.keyword.MobileBuiltInKeywords$tap$0.call(Unknown Source)
	at org.codehaus.groovy.runtime.callsite.CallSiteArray.defaultCall(CallSiteArray.java:48)
	at org.codehaus.groovy.runtime.callsite.AbstractCallSite.call(AbstractCallSite.java:113)
	at org.codehaus.groovy.runtime.callsite.AbstractCallSite.call(AbstractCallSite.java:141)
	at iOS.otp_verification_screen.tapResend(otp_verification_screen.groovy:27)
	at sun.reflect.NativeMethodAccessorImpl.invoke0(Native Method)
	at sun.reflect.NativeMethodAccessorImpl.invoke(NativeMethodAccessorImpl.java:62)
	at sun.reflect.DelegatingMethodAccessorImpl.invoke(DelegatingMethodAccessorImpl.java:43)
	at java.lang.reflect.Method.invoke(Method.java:498)
	at org.codehaus.groovy.reflection.CachedMethod.invoke(CachedMethod.java:93)
	at groovy.lang.MetaMethod.doMethodInvoke(MetaMethod.java:325)
	at groovy.lang.MetaClassImpl.invokeMethod(MetaClassImpl.java:1215)
	at groovy.lang.MetaClassImpl.invokeMethod(MetaClassImpl.java:1024)
	at groovy.lang.MetaClassImpl.invokeMethod(MetaClassImpl.java:812)
	at groovy.lang.DelegatingMetaClass.invokeMethod(DelegatingMetaClass.java:144)
	at iOS.otp_verification_screen.invokeMethod(otp_verification_screen.groovy)
	at com.kms.katalon.core.main.CustomKeywordDelegatingMetaClass.invokeStaticMethod(CustomKeywordDelegatingMetaClass.java:46)
	at org.codehaus.groovy.runtime.callsite.StaticMetaClassSite.call(StaticMetaClassSite.java:53)
	at org.codehaus.groovy.runtime.callsite.CallSiteArray.defaultCall(CallSiteArray.java:48)
	at org.codehaus.groovy.runtime.callsite.AbstractCallSite.call(AbstractCallSite.java:113)
	at org.codehaus.groovy.runtime.callsite.AbstractCallSite.call(AbstractCallSite.java:117)
	at Script1539834709354.run(Script1539834709354.groovy:9)
	at com.kms.katalon.core.main.ScriptEngine.run(ScriptEngine.java:183)
	at com.kms.katalon.core.main.ScriptEngine.runScriptAsRawText(ScriptEngine.java:108)
	at com.kms.katalon.core.main.TestCaseExecutor.runScript(TestCaseExecutor.java:294)
	at com.kms.katalon.core.main.TestCaseExecutor.doExecute(TestCaseExecutor.java:285)
	at com.kms.katalon.core.main.TestCaseExecutor.processExecutionPhase(TestCaseExecutor.java:264)
	at com.kms.katalon.core.main.TestCaseExecutor.accessMainPhase(TestCaseExecutor.java:256)
	at com.kms.katalon.core.main.TestCaseExecutor.execute(TestCaseExecutor.java:200)
	at com.kms.katalon.core.main.TestSuiteExecutor.accessTestCaseMainPhase(TestSuiteExecutor.java:129)
	at com.kms.katalon.core.main.TestSuiteExecutor.accessTestSuiteMainPhase(TestSuiteExecutor.java:112)
	at com.kms.katalon.core.main.TestSuiteExecutor.execute(TestSuiteExecutor.java:81)
	at com.kms.katalon.core.main.TestCaseMain.startTestSuite(TestCaseMain.java:142)
	at com.kms.katalon.core.main.TestCaseMain$startTestSuite$0.call(Unknown Source)
	at org.codehaus.groovy.runtime.callsite.CallSiteArray.defaultCall(CallSiteArray.java:48)
	at org.codehaus.groovy.runtime.callsite.AbstractCallSite.call(AbstractCallSite.java:113)
	at org.codehaus.groovy.runtime.callsite.AbstractCallSite.call(AbstractCallSite.java:141)
	at TempTestSuite1542279820794.run(TempTestSuite1542279820794.groovy:36)
	at groovy.lang.GroovyShell.runScriptOrMainOrTestOrRunnable(GroovyShell.java:263)
	at groovy.lang.GroovyShell.run(GroovyShell.java:518)
	at groovy.lang.GroovyShell.run(GroovyShell.java:507)
	at groovy.ui.GroovyMain.processOnce(GroovyMain.java:653)
	at groovy.ui.GroovyMain.run(GroovyMain.java:384)
	at groovy.ui.GroovyMain.process(GroovyMain.java:370)
	at groovy.ui.GroovyMain.processArgs(GroovyMain.java:129)
	at groovy.ui.GroovyMain.main(GroovyMain.java:109)
	at sun.reflect.NativeMethodAccessorImpl.invoke0(Native Method)
	at sun.reflect.NativeMethodAccessorImpl.invoke(NativeMethodAccessorImpl.java:62)
	at sun.reflect.DelegatingMethodAccessorImpl.invoke(DelegatingMethodAccessorImpl.java:43)
	at java.lang.reflect.Method.invoke(Method.java:498)
	at org.codehaus.groovy.tools.GroovyStarter.rootLoader(GroovyStarter.java:109)
	at org.codehaus.groovy.tools.GroovyStarter.main(GroovyStarter.java:131)
)

2018-11-15 19:08:24 - [TEST_STEP][PASSED] - delay: Delayed 50 second(s)

2018-11-15 19:09:14 - [MESSAGE][PASSED] - Delayed 50 second(s)

2018-11-15 19:09:14 - [TEST_STEP][FAILED] - iOS.otp_verification_screen.tapResend: Failed to tap on element 'Object Repository/iOS/OTP Verification screen/Resend button' (Root cause: Object Object Repository/iOS/OTP Verification screen/Resend button not found)

2018-11-15 19:09:14 - [MESSAGE][WARNING] - Timeout '0' is invalid. Using default page load timeout: '15'

2018-11-15 19:09:30 - [MESSAGE][FAILED] - Object Object Repository/iOS/OTP Verification screen/Resend button not found
[[ATTACHMENT|/Users/buenaanda/Documents/mobile-automation-katalon/Reports/iOS/PERA Hub Test Suite/20181115_190340/1542280170080.png]]

2018-11-15 19:09:30 - [MESSAGE][FAILED] - Failed to tap on element 'Object Repository/iOS/OTP Verification screen/Resend button' (Root cause: Object Object Repository/iOS/OTP Verification screen/Resend button not found)
[[ATTACHMENT|/Users/buenaanda/Documents/mobile-automation-katalon/Reports/iOS/PERA Hub Test Suite/20181115_190340/1542280170216.png]]

2018-11-15 19:09:30 - [MESSAGE][FAILED] - Failed to tap on element 'Object Repository/iOS/OTP Verification screen/Resend button' (Root cause: Object Object Repository/iOS/OTP Verification screen/Resend button not found)]]></system-out>
         <system-err><![CDATA[2018-11-15 19:08:24 - [TEST_CASE][FAILED] - Test Cases/iOS/Login/LOG_11: Test Cases/iOS/Login/LOG_11 FAILED because (of) (Stack trace: com.kms.katalon.core.exception.StepFailedException: Failed to tap on element 'Object Repository/iOS/OTP Verification screen/Resend button' (Root cause: Object Object Repository/iOS/OTP Verification screen/Resend button not found)
	at com.kms.katalon.core.keyword.internal.KeywordMain.stepFailed(KeywordMain.groovy:36)
	at com.kms.katalon.core.mobile.keyword.internal.MobileKeywordMain.stepFailed(MobileKeywordMain.groovy:40)
	at com.kms.katalon.core.mobile.keyword.internal.MobileKeywordMain.runKeyword(MobileKeywordMain.groovy:23)
	at com.kms.katalon.core.mobile.keyword.builtin.TapKeyword.tap(TapKeyword.groovy:83)
	at com.kms.katalon.core.mobile.keyword.builtin.TapKeyword.execute(TapKeyword.groovy:66)
	at com.kms.katalon.core.keyword.internal.KeywordExecutor.executeKeywordForPlatform(KeywordExecutor.groovy:53)
	at com.kms.katalon.core.mobile.keyword.MobileBuiltInKeywords.tap(MobileBuiltInKeywords.groovy:471)
	at com.kms.katalon.core.mobile.keyword.MobileBuiltInKeywords$tap$0.call(Unknown Source)
	at org.codehaus.groovy.runtime.callsite.CallSiteArray.defaultCall(CallSiteArray.java:48)
	at org.codehaus.groovy.runtime.callsite.AbstractCallSite.call(AbstractCallSite.java:113)
	at org.codehaus.groovy.runtime.callsite.AbstractCallSite.call(AbstractCallSite.java:141)
	at iOS.otp_verification_screen.tapResend(otp_verification_screen.groovy:27)
	at sun.reflect.NativeMethodAccessorImpl.invoke0(Native Method)
	at sun.reflect.NativeMethodAccessorImpl.invoke(NativeMethodAccessorImpl.java:62)
	at sun.reflect.DelegatingMethodAccessorImpl.invoke(DelegatingMethodAccessorImpl.java:43)
	at java.lang.reflect.Method.invoke(Method.java:498)
	at org.codehaus.groovy.reflection.CachedMethod.invoke(CachedMethod.java:93)
	at groovy.lang.MetaMethod.doMethodInvoke(MetaMethod.java:325)
	at groovy.lang.MetaClassImpl.invokeMethod(MetaClassImpl.java:1215)
	at groovy.lang.MetaClassImpl.invokeMethod(MetaClassImpl.java:1024)
	at groovy.lang.MetaClassImpl.invokeMethod(MetaClassImpl.java:812)
	at groovy.lang.DelegatingMetaClass.invokeMethod(DelegatingMetaClass.java:144)
	at iOS.otp_verification_screen.invokeMethod(otp_verification_screen.groovy)
	at com.kms.katalon.core.main.CustomKeywordDelegatingMetaClass.invokeStaticMethod(CustomKeywordDelegatingMetaClass.java:46)
	at org.codehaus.groovy.runtime.callsite.StaticMetaClassSite.call(StaticMetaClassSite.java:53)
	at org.codehaus.groovy.runtime.callsite.CallSiteArray.defaultCall(CallSiteArray.java:48)
	at org.codehaus.groovy.runtime.callsite.AbstractCallSite.call(AbstractCallSite.java:113)
	at org.codehaus.groovy.runtime.callsite.AbstractCallSite.call(AbstractCallSite.java:117)
	at Script1539834709354.run(Script1539834709354.groovy:9)
	at com.kms.katalon.core.main.ScriptEngine.run(ScriptEngine.java:183)
	at com.kms.katalon.core.main.ScriptEngine.runScriptAsRawText(ScriptEngine.java:108)
	at com.kms.katalon.core.main.TestCaseExecutor.runScript(TestCaseExecutor.java:294)
	at com.kms.katalon.core.main.TestCaseExecutor.doExecute(TestCaseExecutor.java:285)
	at com.kms.katalon.core.main.TestCaseExecutor.processExecutionPhase(TestCaseExecutor.java:264)
	at com.kms.katalon.core.main.TestCaseExecutor.accessMainPhase(TestCaseExecutor.java:256)
	at com.kms.katalon.core.main.TestCaseExecutor.execute(TestCaseExecutor.java:200)
	at com.kms.katalon.core.main.TestSuiteExecutor.accessTestCaseMainPhase(TestSuiteExecutor.java:129)
	at com.kms.katalon.core.main.TestSuiteExecutor.accessTestSuiteMainPhase(TestSuiteExecutor.java:112)
	at com.kms.katalon.core.main.TestSuiteExecutor.execute(TestSuiteExecutor.java:81)
	at com.kms.katalon.core.main.TestCaseMain.startTestSuite(TestCaseMain.java:142)
	at com.kms.katalon.core.main.TestCaseMain$startTestSuite$0.call(Unknown Source)
	at org.codehaus.groovy.runtime.callsite.CallSiteArray.defaultCall(CallSiteArray.java:48)
	at org.codehaus.groovy.runtime.callsite.AbstractCallSite.call(AbstractCallSite.java:113)
	at org.codehaus.groovy.runtime.callsite.AbstractCallSite.call(AbstractCallSite.java:141)
	at TempTestSuite1542279820794.run(TempTestSuite1542279820794.groovy:36)
	at groovy.lang.GroovyShell.runScriptOrMainOrTestOrRunnable(GroovyShell.java:263)
	at groovy.lang.GroovyShell.run(GroovyShell.java:518)
	at groovy.lang.GroovyShell.run(GroovyShell.java:507)
	at groovy.ui.GroovyMain.processOnce(GroovyMain.java:653)
	at groovy.ui.GroovyMain.run(GroovyMain.java:384)
	at groovy.ui.GroovyMain.process(GroovyMain.java:370)
	at groovy.ui.GroovyMain.processArgs(GroovyMain.java:129)
	at groovy.ui.GroovyMain.main(GroovyMain.java:109)
	at sun.reflect.NativeMethodAccessorImpl.invoke0(Native Method)
	at sun.reflect.NativeMethodAccessorImpl.invoke(NativeMethodAccessorImpl.java:62)
	at sun.reflect.DelegatingMethodAccessorImpl.invoke(DelegatingMethodAccessorImpl.java:43)
	at java.lang.reflect.Method.invoke(Method.java:498)
	at org.codehaus.groovy.tools.GroovyStarter.rootLoader(GroovyStarter.java:109)
	at org.codehaus.groovy.tools.GroovyStarter.main(GroovyStarter.java:131)
)]]></system-err>
      </testcase>
      <testcase name="Test Cases/iOS/Login/LOG_12" classname="Test Cases/iOS/Login/LOG_12" status="PASSED">
         <system-out><![CDATA[2018-11-15 19:09:30 - [TEST_CASE][PASSED] - Test Cases/iOS/Login/LOG_12: Test Cases/iOS/Login/LOG_12

2018-11-15 19:09:30 - [TEST_STEP][PASSED] - iOS.otp_verification_screen.enterOTP: iOS.otp_verification_screen.enterOTP is PASSED

2018-11-15 19:10:00 - [MESSAGE][WARNING] - Object Object Repository/iOS/OTP Verification screen/OTP Verification screen not found

2018-11-15 19:10:01 - [MESSAGE][PASSED] - iOS.otp_verification_screen.enterOTP is PASSED

2018-11-15 19:10:01 - [TEST_STEP][PASSED] - global.wait_for_element.visible: global.wait_for_element.visible is PASSED

2018-11-15 19:10:04 - [MESSAGE][PASSED] - Element 'Object Repository/iOS/Navigation menu/My Account menu' is present

2018-11-15 19:10:04 - [MESSAGE][PASSED] - global.wait_for_element.visible is PASSED

2018-11-15 19:10:04 - [TEST_STEP][PASSED] - closeApplication: Close app successfully

2018-11-15 19:10:04 - [MESSAGE][PASSED] - Close app successfully

2018-11-15 19:10:04 - [TEST_STEP][PASSED] - startApplication: Started app at: '/Users/buenaanda/Documents/mobile-automation-katalon/Data Files/PeraHub_v3.2.0-Dev.app'

2018-11-15 19:10:20 - [MESSAGE][PASSED] - Started app at: '/Users/buenaanda/Documents/mobile-automation-katalon/Data Files/PeraHub_v3.2.0-Dev.app'

2018-11-15 19:10:20 - [TEST_STEP][PASSED] - global.verify_element.text: global.verify_element.text is PASSED

2018-11-15 19:10:23 - [MESSAGE][PASSED] - Actual text and expected text of test object 'Object Repository/iOS/Login screen/Account Name' are matched.

2018-11-15 19:10:23 - [MESSAGE][PASSED] - global.verify_element.text is PASSED

2018-11-15 19:10:23 - [TEST_STEP][PASSED] - global.verify_element.exist: global.verify_element.exist is PASSED

2018-11-15 19:10:26 - [MESSAGE][PASSED] - Element 'Object Repository/iOS/Login screen/Password field' is exist

2018-11-15 19:10:26 - [MESSAGE][PASSED] - global.verify_element.exist is PASSED]]></system-out>
         <system-err><![CDATA[]]></system-err>
      </testcase>
      <testcase name="Test Cases/iOS/Login/LOG_13" classname="Test Cases/iOS/Login/LOG_13" status="PASSED">
         <system-out><![CDATA[2018-11-15 19:10:26 - [TEST_CASE][PASSED] - Test Cases/iOS/Login/LOG_13: Test Cases/iOS/Login/LOG_13

2018-11-15 19:10:26 - [TEST_STEP][PASSED] - iOS.login_screen.enterPassword: iOS.login_screen.enterPassword is PASSED

2018-11-15 19:10:29 - [MESSAGE][PASSED] - Text 'Hello!23' has been set to element 'Object Repository/iOS/Login screen/Password field'

2018-11-15 19:10:30 - [MESSAGE][PASSED] - Keyboard is hidden

2018-11-15 19:10:30 - [MESSAGE][PASSED] - iOS.login_screen.enterPassword is PASSED

2018-11-15 19:10:30 - [TEST_STEP][PASSED] - iOS.login_screen.tapSignIn: iOS.login_screen.tapSignIn is PASSED

2018-11-15 19:10:33 - [MESSAGE][PASSED] - Tapped on element 'Object Repository/iOS/Login screen/Sign in button'

2018-11-15 19:10:36 - [MESSAGE][PASSED] - Delayed 3 second(s)

2018-11-15 19:10:36 - [MESSAGE][PASSED] - iOS.login_screen.tapSignIn is PASSED

2018-11-15 19:10:36 - [TEST_STEP][PASSED] - iOS.otp_verification_screen.enterOTP: iOS.otp_verification_screen.enterOTP is PASSED

2018-11-15 19:10:38 - [MESSAGE][PASSED] - Element 'Object Repository/iOS/OTP Verification screen/OTP Verification screen' is present

2018-11-15 19:10:39 - [MESSAGE][PASSED] - iOS.otp_verification_screen.enterOTP is PASSED

2018-11-15 19:10:39 - [TEST_STEP][PASSED] - global.verify_element.text: global.verify_element.text is PASSED

2018-11-15 19:10:47 - [MESSAGE][PASSED] - Actual text and expected text of test object 'Object Repository/iOS/My Account screen/Account Name' are matched.

2018-11-15 19:10:47 - [MESSAGE][PASSED] - global.verify_element.text is PASSED

2018-11-15 19:10:47 - [TEST_STEP][PASSED] - closeApplication: Close app successfully

2018-11-15 19:10:47 - [MESSAGE][PASSED] - Close app successfully]]></system-out>
         <system-err><![CDATA[]]></system-err>
      </testcase>
      <testcase name="Test Cases/iOS/Login/LOG_14" classname="Test Cases/iOS/Login/LOG_14" status="PASSED">
         <system-out><![CDATA[2018-11-15 19:10:47 - [TEST_CASE][PASSED] - Test Cases/iOS/Login/LOG_14: Test Cases/iOS/Login/LOG_14

2018-11-15 19:10:47 - [TEST_STEP][PASSED] - startApplication: Started app at: '/Users/buenaanda/Documents/mobile-automation-katalon/Data Files/PeraHub_v3.2.0-Dev.app'

2018-11-15 19:11:00 - [MESSAGE][PASSED] - Started app at: '/Users/buenaanda/Documents/mobile-automation-katalon/Data Files/PeraHub_v3.2.0-Dev.app'

2018-11-15 19:11:00 - [TEST_STEP][PASSED] - iOS.login_screen.enterPassword: iOS.login_screen.enterPassword is PASSED

2018-11-15 19:11:04 - [MESSAGE][PASSED] - Text '1nvalid' has been set to element 'Object Repository/iOS/Login screen/Password field'

2018-11-15 19:11:05 - [MESSAGE][PASSED] - Keyboard is hidden

2018-11-15 19:11:05 - [MESSAGE][PASSED] - iOS.login_screen.enterPassword is PASSED

2018-11-15 19:11:05 - [TEST_STEP][PASSED] - iOS.login_screen.tapSignIn: iOS.login_screen.tapSignIn is PASSED

2018-11-15 19:11:08 - [MESSAGE][PASSED] - Tapped on element 'Object Repository/iOS/Login screen/Sign in button'

2018-11-15 19:11:11 - [MESSAGE][PASSED] - Delayed 3 second(s)

2018-11-15 19:11:11 - [MESSAGE][PASSED] - iOS.login_screen.tapSignIn is PASSED

2018-11-15 19:11:11 - [TEST_STEP][PASSED] - global.verify_element.text: global.verify_element.text is PASSED

2018-11-15 19:11:13 - [MESSAGE][PASSED] - Actual text and expected text of test object 'Object Repository/iOS/Login screen/Error username and password' are matched.

2018-11-15 19:11:13 - [MESSAGE][PASSED] - global.verify_element.text is PASSED

2018-11-15 19:11:13 - [TEST_STEP][PASSED] - iOS.login_screen.tapOK: iOS.login_screen.tapOK is PASSED

2018-11-15 19:11:16 - [MESSAGE][PASSED] - Tapped on element 'Object Repository/iOS/Login screen/OK button'

2018-11-15 19:11:16 - [MESSAGE][PASSED] - iOS.login_screen.tapOK is PASSED

2018-11-15 19:11:16 - [TEST_STEP][PASSED] - iOS.login_screen.tapLogout: iOS.login_screen.tapLogout is PASSED

2018-11-15 19:11:19 - [MESSAGE][PASSED] - Tapped on element 'Object Repository/iOS/Login screen/Logout button'

2018-11-15 19:11:19 - [MESSAGE][PASSED] - iOS.login_screen.tapLogout is PASSED

2018-11-15 19:11:19 - [TEST_STEP][PASSED] - closeApplication: Close app successfully

2018-11-15 19:11:19 - [MESSAGE][PASSED] - Close app successfully]]></system-out>
         <system-err><![CDATA[]]></system-err>
      </testcase>
      <testcase name="Test Cases/iOS/Login/LOG_20" classname="Test Cases/iOS/Login/LOG_20" status="PASSED">
         <system-out><![CDATA[2018-11-15 19:11:19 - [TEST_CASE][PASSED] - Test Cases/iOS/Login/LOG_20: Test Cases/iOS/Login/LOG_20

2018-11-15 19:11:19 - [TEST_STEP][PASSED] - startApplication: Started app at: '/Users/buenaanda/Documents/mobile-automation-katalon/Data Files/PeraHub_v3.2.0-Dev.app'

2018-11-15 19:11:31 - [MESSAGE][PASSED] - Started app at: '/Users/buenaanda/Documents/mobile-automation-katalon/Data Files/PeraHub_v3.2.0-Dev.app'

2018-11-15 19:11:31 - [TEST_STEP][PASSED] - iOS.initial_screen.tapLogin: iOS.initial_screen.tapLogin is PASSED

2018-11-15 19:11:33 - [MESSAGE][PASSED] - Tapped on element 'Object Repository/iOS/Initial screen/Login button'

2018-11-15 19:11:33 - [MESSAGE][PASSED] - iOS.initial_screen.tapLogin is PASSED

2018-11-15 19:11:33 - [TEST_STEP][PASSED] - iOS.login_screen.enterUsername: iOS.login_screen.enterUsername is PASSED

2018-11-15 19:11:37 - [MESSAGE][PASSED] - Text 'allen_15' has been set to element 'Object Repository/iOS/Login screen/Username field'

2018-11-15 19:11:37 - [MESSAGE][PASSED] - iOS.login_screen.enterUsername is PASSED

2018-11-15 19:11:37 - [TEST_STEP][PASSED] - iOS.login_screen.enterPassword: iOS.login_screen.enterPassword is PASSED

2018-11-15 19:11:41 - [MESSAGE][PASSED] - Text 'Hello!23' has been set to element 'Object Repository/iOS/Login screen/Password field'

2018-11-15 19:11:43 - [MESSAGE][PASSED] - Keyboard is hidden

2018-11-15 19:11:43 - [MESSAGE][PASSED] - iOS.login_screen.enterPassword is PASSED

2018-11-15 19:11:43 - [TEST_STEP][PASSED] - iOS.login_screen.tapLogin: iOS.login_screen.tapLogin is PASSED

2018-11-15 19:11:45 - [MESSAGE][PASSED] - Tapped on element 'Object Repository/iOS/Login screen/Login button'

2018-11-15 19:11:48 - [MESSAGE][PASSED] - Delayed 3 second(s)

2018-11-15 19:11:48 - [MESSAGE][PASSED] - iOS.login_screen.tapLogin is PASSED

2018-11-15 19:11:48 - [TEST_STEP][PASSED] - iOS.otp_verification_screen.enterOTP: iOS.otp_verification_screen.enterOTP is PASSED

2018-11-15 19:11:51 - [MESSAGE][PASSED] - Element 'Object Repository/iOS/OTP Verification screen/OTP Verification screen' is present

2018-11-15 19:11:51 - [MESSAGE][PASSED] - iOS.otp_verification_screen.enterOTP is PASSED

2018-11-15 19:11:51 - [TEST_STEP][PASSED] - delay: Delayed 400 second(s)

2018-11-15 19:18:31 - [MESSAGE][PASSED] - Delayed 400 second(s)

2018-11-15 19:18:31 - [TEST_STEP][PASSED] - iOS.navigation_menu.tapTransferMoney: iOS.navigation_menu.tapTransferMoney is PASSED

2018-11-15 19:18:31 - [MESSAGE][WARNING] - Timeout '0' is invalid. Using default page load timeout: '15'

2018-11-15 19:18:35 - [MESSAGE][PASSED] - Tapped on element 'Object Repository/iOS/Navigation menu/Transfer Money menu'

2018-11-15 19:18:35 - [MESSAGE][PASSED] - iOS.navigation_menu.tapTransferMoney is PASSED

2018-11-15 19:18:35 - [TEST_STEP][PASSED] - iOS.transfer_money_screen.tapSendMoney: iOS.transfer_money_screen.tapSendMoney is PASSED

2018-11-15 19:18:35 - [MESSAGE][WARNING] - Timeout '0' is invalid. Using default page load timeout: '15'

2018-11-15 19:18:38 - [MESSAGE][PASSED] - Tapped on element 'Object Repository/iOS/Transfer Money screen/Send Money button'

2018-11-15 19:18:38 - [MESSAGE][PASSED] - iOS.transfer_money_screen.tapSendMoney is PASSED

2018-11-15 19:18:38 - [TEST_STEP][PASSED] - global.verify_element.text: global.verify_element.text is PASSED

2018-11-15 19:18:43 - [MESSAGE][PASSED] - Actual text and expected text of test object 'Object Repository/iOS/Transfer Money screen/Error inactive' are matched.

2018-11-15 19:18:43 - [MESSAGE][PASSED] - global.verify_element.text is PASSED

2018-11-15 19:18:43 - [TEST_STEP][PASSED] - iOS.transfer_money_screen.tapOK: iOS.transfer_money_screen.tapOK is PASSED

2018-11-15 19:18:43 - [MESSAGE][WARNING] - Timeout '0' is invalid. Using default page load timeout: '15'

2018-11-15 19:18:47 - [MESSAGE][PASSED] - Tapped on element 'Object Repository/iOS/Transfer Money screen/OK button'

2018-11-15 19:18:47 - [MESSAGE][WARNING] - Timeout '0' is invalid. Using default page load timeout: '15'

2018-11-15 19:18:52 - [MESSAGE][PASSED] - Element 'Object Repository/iOS/Login screen/Password field' is present

2018-11-15 19:18:52 - [MESSAGE][PASSED] - iOS.transfer_money_screen.tapOK is PASSED

2018-11-15 19:18:52 - [TEST_STEP][PASSED] - global.verify_element.exist: global.verify_element.exist is PASSED

2018-11-15 19:18:55 - [MESSAGE][PASSED] - Element 'Object Repository/iOS/Login screen/Password field' is exist

2018-11-15 19:18:55 - [MESSAGE][PASSED] - global.verify_element.exist is PASSED

2018-11-15 19:18:55 - [TEST_STEP][PASSED] - iOS.login_screen.tapLogout: iOS.login_screen.tapLogout is PASSED

2018-11-15 19:18:58 - [MESSAGE][PASSED] - Tapped on element 'Object Repository/iOS/Login screen/Logout button'

2018-11-15 19:18:58 - [MESSAGE][PASSED] - iOS.login_screen.tapLogout is PASSED

2018-11-15 19:18:58 - [TEST_STEP][PASSED] - closeApplication: Close app successfully

2018-11-15 19:18:58 - [MESSAGE][PASSED] - Close app successfully]]></system-out>
         <system-err><![CDATA[]]></system-err>
      </testcase>
      <testcase name="Test Cases/iOS/Send Money Branch/SMB_01" classname="Test Cases/iOS/Send Money Branch/SMB_01" status="PASSED">
         <system-out><![CDATA[2018-11-15 19:18:58 - [TEST_CASE][PASSED] - Test Cases/iOS/Send Money Branch/SMB_01: Test Cases/iOS/Send Money Branch/SMB_01

2018-11-15 19:18:58 - [TEST_STEP][PASSED] - startApplication: Started app at: '/Users/buenaanda/Documents/mobile-automation-katalon/Data Files/PeraHub_v3.2.0-Dev.app'

2018-11-15 19:19:13 - [MESSAGE][PASSED] - Started app at: '/Users/buenaanda/Documents/mobile-automation-katalon/Data Files/PeraHub_v3.2.0-Dev.app'

2018-11-15 19:19:13 - [TEST_STEP][PASSED] - iOS.initial_screen.tapLogin: iOS.initial_screen.tapLogin is PASSED

2018-11-15 19:19:15 - [MESSAGE][PASSED] - Tapped on element 'Object Repository/iOS/Initial screen/Login button'

2018-11-15 19:19:15 - [MESSAGE][PASSED] - iOS.initial_screen.tapLogin is PASSED

2018-11-15 19:19:15 - [TEST_STEP][PASSED] - iOS.login_screen.enterUsername: iOS.login_screen.enterUsername is PASSED

2018-11-15 19:19:19 - [MESSAGE][PASSED] - Text 'allen_15' has been set to element 'Object Repository/iOS/Login screen/Username field'

2018-11-15 19:19:19 - [MESSAGE][PASSED] - iOS.login_screen.enterUsername is PASSED

2018-11-15 19:19:19 - [TEST_STEP][PASSED] - iOS.login_screen.enterPassword: iOS.login_screen.enterPassword is PASSED

2018-11-15 19:19:23 - [MESSAGE][PASSED] - Text 'Hello!23' has been set to element 'Object Repository/iOS/Login screen/Password field'

2018-11-15 19:19:24 - [MESSAGE][PASSED] - Keyboard is hidden

2018-11-15 19:19:24 - [MESSAGE][PASSED] - iOS.login_screen.enterPassword is PASSED

2018-11-15 19:19:24 - [TEST_STEP][PASSED] - iOS.login_screen.tapLogin: iOS.login_screen.tapLogin is PASSED

2018-11-15 19:19:27 - [MESSAGE][PASSED] - Tapped on element 'Object Repository/iOS/Login screen/Login button'

2018-11-15 19:19:30 - [MESSAGE][PASSED] - Delayed 3 second(s)

2018-11-15 19:19:30 - [MESSAGE][PASSED] - iOS.login_screen.tapLogin is PASSED

2018-11-15 19:19:30 - [TEST_STEP][PASSED] - iOS.otp_verification_screen.enterOTP: iOS.otp_verification_screen.enterOTP is PASSED

2018-11-15 19:19:32 - [MESSAGE][PASSED] - Element 'Object Repository/iOS/OTP Verification screen/OTP Verification screen' is present

2018-11-15 19:19:32 - [MESSAGE][PASSED] - iOS.otp_verification_screen.enterOTP is PASSED

2018-11-15 19:19:32 - [TEST_STEP][PASSED] - iOS.navigation_menu.tapTransferMoney: iOS.navigation_menu.tapTransferMoney is PASSED

2018-11-15 19:19:32 - [MESSAGE][WARNING] - Timeout '0' is invalid. Using default page load timeout: '15'

2018-11-15 19:19:39 - [MESSAGE][PASSED] - Tapped on element 'Object Repository/iOS/Navigation menu/Transfer Money menu'

2018-11-15 19:19:39 - [MESSAGE][PASSED] - iOS.navigation_menu.tapTransferMoney is PASSED

2018-11-15 19:19:39 - [TEST_STEP][PASSED] - iOS.transfer_money_screen.tapSendMoney: iOS.transfer_money_screen.tapSendMoney is PASSED

2018-11-15 19:19:39 - [MESSAGE][WARNING] - Timeout '0' is invalid. Using default page load timeout: '15'

2018-11-15 19:19:42 - [MESSAGE][PASSED] - Tapped on element 'Object Repository/iOS/Transfer Money screen/Send Money button'

2018-11-15 19:19:42 - [MESSAGE][PASSED] - iOS.transfer_money_screen.tapSendMoney is PASSED

2018-11-15 19:19:42 - [TEST_STEP][PASSED] - iOS.transfer_money_screen.tapBranchTransaction: iOS.transfer_money_screen.tapBranchTransaction is PASSED

2018-11-15 19:19:48 - [MESSAGE][PASSED] - Tapped on element 'Object Repository/iOS/Transfer Money screen/Branch Transaction button'

2018-11-15 19:19:48 - [MESSAGE][PASSED] - iOS.transfer_money_screen.tapBranchTransaction is PASSED

2018-11-15 19:19:48 - [TEST_STEP][PASSED] - global.verify_element.exist: global.verify_element.exist is PASSED

2018-11-15 19:19:52 - [MESSAGE][PASSED] - Element 'Object Repository/iOS/Send Money screen/Send Via Branch screen' is exist

2018-11-15 19:19:52 - [MESSAGE][PASSED] - global.verify_element.exist is PASSED]]></system-out>
         <system-err><![CDATA[]]></system-err>
      </testcase>
      <testcase name="Test Cases/iOS/Send Money Branch/SMB_07" classname="Test Cases/iOS/Send Money Branch/SMB_07" status="PASSED">
         <system-out><![CDATA[2018-11-15 19:19:52 - [TEST_CASE][PASSED] - Test Cases/iOS/Send Money Branch/SMB_07: Test Cases/iOS/Send Money Branch/SMB_07

2018-11-15 19:19:52 - [TEST_STEP][PASSED] - Statement - Receiver_label = com.kms.katalon.core.testobject.ObjectRepository.findTestObject(iOS/Send Money screen/Generic text, [label:Receiver:]): Finding Test Object with id 'Object Repository/iOS/Send Money screen/Generic text'

2018-11-15 19:19:52 - [TEST_STEP][PASSED] - Statement - Contact_label = com.kms.katalon.core.testobject.ObjectRepository.findTestObject(iOS/Send Money screen/Generic text, [label:Contact:]): Finding Test Object with id 'Object Repository/iOS/Send Money screen/Generic text'

2018-11-15 19:19:52 - [TEST_STEP][PASSED] - iOS.send_money_screen.tapPersonalInformation: iOS.send_money_screen.tapPersonalInformation is PASSED

2018-11-15 19:19:55 - [MESSAGE][PASSED] - Tapped on element 'Object Repository/iOS/Send Money screen/Personal Information button'

2018-11-15 19:19:55 - [MESSAGE][PASSED] - iOS.send_money_screen.tapPersonalInformation is PASSED

2018-11-15 19:19:55 - [TEST_STEP][PASSED] - iOS.send_money_screen.tapClose: iOS.send_money_screen.tapClose is PASSED

2018-11-15 19:19:58 - [MESSAGE][PASSED] - Tapped on element 'Object Repository/iOS/Send Money screen/Close button'

2018-11-15 19:19:58 - [MESSAGE][PASSED] - iOS.send_money_screen.tapClose is PASSED

2018-11-15 19:19:58 - [TEST_STEP][PASSED] - global.verify_element.notExist: global.verify_element.notExist is PASSED

2018-11-15 19:20:04 - [MESSAGE][PASSED] - Element 'Object Repository/iOS/Send Money screen/Generic text' not found

2018-11-15 19:20:04 - [MESSAGE][PASSED] - global.verify_element.notExist is PASSED

2018-11-15 19:20:04 - [TEST_STEP][PASSED] - global.verify_element.notExist: global.verify_element.notExist is PASSED

2018-11-15 19:20:09 - [MESSAGE][PASSED] - Element 'Object Repository/iOS/Send Money screen/Generic text' not found

2018-11-15 19:20:09 - [MESSAGE][PASSED] - global.verify_element.notExist is PASSED]]></system-out>
         <system-err><![CDATA[]]></system-err>
      </testcase>
      <testcase name="Test Cases/iOS/Send Money Branch/SMB_02" classname="Test Cases/iOS/Send Money Branch/SMB_02" status="PASSED">
         <system-out><![CDATA[2018-11-15 19:20:09 - [TEST_CASE][PASSED] - Test Cases/iOS/Send Money Branch/SMB_02: Test Cases/iOS/Send Money Branch/SMB_02

2018-11-15 19:20:09 - [TEST_STEP][PASSED] - iOS.send_money_screen.tapPersonalInformation: iOS.send_money_screen.tapPersonalInformation is PASSED

2018-11-15 19:20:12 - [MESSAGE][PASSED] - Tapped on element 'Object Repository/iOS/Send Money screen/Personal Information button'

2018-11-15 19:20:12 - [MESSAGE][PASSED] - iOS.send_money_screen.tapPersonalInformation is PASSED

2018-11-15 19:20:12 - [TEST_STEP][PASSED] - global.verify_element.exist: global.verify_element.exist is PASSED

2018-11-15 19:20:14 - [MESSAGE][PASSED] - Element 'Object Repository/iOS/Send Money screen/First Name field' is exist

2018-11-15 19:20:14 - [MESSAGE][PASSED] - global.verify_element.exist is PASSED

2018-11-15 19:20:14 - [TEST_STEP][PASSED] - global.verify_element.exist: global.verify_element.exist is PASSED

2018-11-15 19:20:17 - [MESSAGE][PASSED] - Element 'Object Repository/iOS/Send Money screen/Middle Name field' is exist

2018-11-15 19:20:17 - [MESSAGE][PASSED] - global.verify_element.exist is PASSED

2018-11-15 19:20:17 - [TEST_STEP][PASSED] - global.verify_element.exist: global.verify_element.exist is PASSED

2018-11-15 19:20:19 - [MESSAGE][PASSED] - Element 'Object Repository/iOS/Send Money screen/Last Name field' is exist

2018-11-15 19:20:19 - [MESSAGE][PASSED] - global.verify_element.exist is PASSED

2018-11-15 19:20:19 - [TEST_STEP][PASSED] - global.verify_element.exist: global.verify_element.exist is PASSED

2018-11-15 19:20:21 - [MESSAGE][PASSED] - Element 'Object Repository/iOS/Send Money screen/Mobile Number field' is exist

2018-11-15 19:20:21 - [MESSAGE][PASSED] - global.verify_element.exist is PASSED

2018-11-15 19:20:21 - [TEST_STEP][PASSED] - global.verify_element.exist: global.verify_element.exist is PASSED

2018-11-15 19:20:23 - [MESSAGE][PASSED] - Element 'Object Repository/iOS/Send Money screen/Phone Number field' is exist

2018-11-15 19:20:23 - [MESSAGE][PASSED] - global.verify_element.exist is PASSED

2018-11-15 19:20:23 - [TEST_STEP][PASSED] - global.verify_element.exist: global.verify_element.exist is PASSED

2018-11-15 19:20:25 - [MESSAGE][PASSED] - Element 'Object Repository/iOS/Send Money screen/Save button' is exist

2018-11-15 19:20:25 - [MESSAGE][PASSED] - global.verify_element.exist is PASSED

2018-11-15 19:20:25 - [TEST_STEP][PASSED] - global.verify_element.exist: global.verify_element.exist is PASSED

2018-11-15 19:20:27 - [MESSAGE][PASSED] - Element 'Object Repository/iOS/Send Money screen/Close button' is exist

2018-11-15 19:20:27 - [MESSAGE][PASSED] - global.verify_element.exist is PASSED]]></system-out>
         <system-err><![CDATA[]]></system-err>
      </testcase>
      <testcase name="Test Cases/iOS/Send Money Branch/SMB_03" classname="Test Cases/iOS/Send Money Branch/SMB_03" status="PASSED">
         <system-out><![CDATA[2018-11-15 19:20:27 - [TEST_CASE][PASSED] - Test Cases/iOS/Send Money Branch/SMB_03: Test Cases/iOS/Send Money Branch/SMB_03

2018-11-15 19:20:27 - [TEST_STEP][PASSED] - Statement - randomFirstName = new global.random_data().firstName(): null

2018-11-15 19:20:28 - [TEST_STEP][PASSED] - Statement - randomLastName = new global.random_data().lastName(): null

2018-11-15 19:20:28 - [TEST_STEP][PASSED] - Statement - randomMobileNumber = new global.random_data().mobileNumber(): null

2018-11-15 19:20:28 - [TEST_STEP][PASSED] - Statement - firstName = randomFirstName: null

2018-11-15 19:20:28 - [TEST_STEP][PASSED] - Statement - lastName = randomLastName: null

2018-11-15 19:20:28 - [TEST_STEP][PASSED] - Statement - mobileNumber = randomMobileNumber: null

2018-11-15 19:20:28 - [TEST_STEP][PASSED] - Statement - receiverName = firstName + "  " + lastName: null

2018-11-15 19:20:28 - [TEST_STEP][PASSED] - Statement - Receiver_Name = com.kms.katalon.core.testobject.ObjectRepository.findTestObject(iOS/Send Money screen/Generic text, [label:receiverName]): Finding Test Object with id 'Object Repository/iOS/Send Money screen/Generic text'

2018-11-15 19:20:28 - [TEST_STEP][PASSED] - Statement - Receiver_Contact = com.kms.katalon.core.testobject.ObjectRepository.findTestObject(iOS/Send Money screen/Generic text, [label:mobileNumber]): Finding Test Object with id 'Object Repository/iOS/Send Money screen/Generic text'

2018-11-15 19:20:28 - [TEST_STEP][PASSED] - iOS.send_money_screen.enterFirstName: iOS.send_money_screen.enterFirstName is PASSED

2018-11-15 19:20:31 - [MESSAGE][PASSED] - Text 'Karl' has been set to element 'Object Repository/iOS/Send Money screen/First Name field'

2018-11-15 19:20:31 - [MESSAGE][PASSED] - iOS.send_money_screen.enterFirstName is PASSED

2018-11-15 19:20:31 - [TEST_STEP][PASSED] - iOS.send_money_screen.enterLastName: iOS.send_money_screen.enterLastName is PASSED

2018-11-15 19:20:36 - [MESSAGE][PASSED] - Text 'Kuhn' has been set to element 'Object Repository/iOS/Send Money screen/Last Name field'

2018-11-15 19:20:36 - [MESSAGE][PASSED] - iOS.send_money_screen.enterLastName is PASSED

2018-11-15 19:20:36 - [TEST_STEP][PASSED] - iOS.send_money_screen.enterMobileNumber: iOS.send_money_screen.enterMobileNumber is PASSED

2018-11-15 19:20:40 - [MESSAGE][PASSED] - Text '88672628564' has been set to element 'Object Repository/iOS/Send Money screen/Mobile Number field'

2018-11-15 19:20:44 - [MESSAGE][PASSED] - Tapped on element 'Object Repository/iOS/Global/Toolbar Done Button'

2018-11-15 19:20:44 - [MESSAGE][PASSED] - iOS.send_money_screen.enterMobileNumber is PASSED

2018-11-15 19:20:44 - [TEST_STEP][PASSED] - iOS.send_money_screen.tapSave: iOS.send_money_screen.tapSave is PASSED

2018-11-15 19:20:46 - [MESSAGE][PASSED] - Tapped on element 'Object Repository/iOS/Send Money screen/Save button'

2018-11-15 19:20:49 - [MESSAGE][PASSED] - Delayed 3 second(s)

2018-11-15 19:20:49 - [MESSAGE][PASSED] - iOS.send_money_screen.tapSave is PASSED

2018-11-15 19:20:49 - [TEST_STEP][PASSED] - global.verify_element.exist: global.verify_element.exist is PASSED

2018-11-15 19:20:53 - [MESSAGE][PASSED] - Element 'Object Repository/iOS/Send Money screen/Generic text' is exist

2018-11-15 19:20:53 - [MESSAGE][PASSED] - global.verify_element.exist is PASSED

2018-11-15 19:20:53 - [TEST_STEP][PASSED] - global.verify_element.exist: global.verify_element.exist is PASSED

2018-11-15 19:20:56 - [MESSAGE][PASSED] - Element 'Object Repository/iOS/Send Money screen/Generic text' is exist

2018-11-15 19:20:56 - [MESSAGE][PASSED] - global.verify_element.exist is PASSED]]></system-out>
         <system-err><![CDATA[]]></system-err>
      </testcase>
      <testcase name="Test Cases/iOS/Send Money Branch/SMB_04" classname="Test Cases/iOS/Send Money Branch/SMB_04" status="PASSED">
         <system-out><![CDATA[2018-11-15 19:20:56 - [TEST_CASE][PASSED] - Test Cases/iOS/Send Money Branch/SMB_04: Test Cases/iOS/Send Money Branch/SMB_04

2018-11-15 19:20:56 - [TEST_STEP][PASSED] - Statement - First_name_field = com.kms.katalon.core.testobject.ObjectRepository.findTestObject(iOS/Send Money screen/Generic field, [value:internal.GlobalVariable.randomFirstName]): Finding Test Object with id 'Object Repository/iOS/Send Money screen/Generic field'

2018-11-15 19:20:56 - [TEST_STEP][PASSED] - Statement - Last_name_field = com.kms.katalon.core.testobject.ObjectRepository.findTestObject(iOS/Send Money screen/Generic field, [value:internal.GlobalVariable.randomLastName]): Finding Test Object with id 'Object Repository/iOS/Send Money screen/Generic field'

2018-11-15 19:20:56 - [TEST_STEP][PASSED] - Statement - Mobile_number_field = com.kms.katalon.core.testobject.ObjectRepository.findTestObject(iOS/Send Money screen/Generic field, [value:internal.GlobalVariable.randomMobileNumber]): Finding Test Object with id 'Object Repository/iOS/Send Money screen/Generic field'

2018-11-15 19:20:56 - [TEST_STEP][PASSED] - Statement - Firstname_is_required_error = com.kms.katalon.core.testobject.ObjectRepository.findTestObject(iOS/Send Money screen/Generic text, [label:Firstname is required]): Finding Test Object with id 'Object Repository/iOS/Send Money screen/Generic text'

2018-11-15 19:20:56 - [TEST_STEP][PASSED] - Statement - Lastname_is_required_error = com.kms.katalon.core.testobject.ObjectRepository.findTestObject(iOS/Send Money screen/Generic text, [label:Lastname is required]): Finding Test Object with id 'Object Repository/iOS/Send Money screen/Generic text'

2018-11-15 19:20:56 - [TEST_STEP][PASSED] - Statement - Mobile_number_is_required_error = com.kms.katalon.core.testobject.ObjectRepository.findTestObject(iOS/Send Money screen/Generic text, [label:Mobile number is required]): Finding Test Object with id 'Object Repository/iOS/Send Money screen/Generic text'

2018-11-15 19:20:56 - [TEST_STEP][PASSED] - iOS.send_money_screen.tapPersonalInformation: iOS.send_money_screen.tapPersonalInformation is PASSED

2018-11-15 19:20:59 - [MESSAGE][PASSED] - Tapped on element 'Object Repository/iOS/Send Money screen/Personal Information button'

2018-11-15 19:20:59 - [MESSAGE][PASSED] - iOS.send_money_screen.tapPersonalInformation is PASSED

2018-11-15 19:20:59 - [TEST_STEP][PASSED] - iOS.send_money_screen.enterField: iOS.send_money_screen.enterField is PASSED

2018-11-15 19:21:04 - [MESSAGE][PASSED] - Text '' has been set to element 'Object Repository/iOS/Send Money screen/Generic field'

2018-11-15 19:21:08 - [MESSAGE][PASSED] - Tapped on element 'Object Repository/iOS/Send Money screen/Toolbar Done button'

2018-11-15 19:21:08 - [MESSAGE][PASSED] - iOS.send_money_screen.enterField is PASSED

2018-11-15 19:21:08 - [TEST_STEP][PASSED] - iOS.send_money_screen.enterField: iOS.send_money_screen.enterField is PASSED

2018-11-15 19:21:12 - [MESSAGE][PASSED] - Text '' has been set to element 'Object Repository/iOS/Send Money screen/Generic field'

2018-11-15 19:21:16 - [MESSAGE][PASSED] - Tapped on element 'Object Repository/iOS/Send Money screen/Toolbar Done button'

[...]
	at org.codehaus.groovy.runtime.callsite.AbstractCallSite.call(AbstractCallSite.java:113)
	at org.codehaus.groovy.runtime.callsite.AbstractCallSite.call(AbstractCallSite.java:141)
	at TempTestSuite1542279820794.run(TempTestSuite1542279820794.groovy:36)
	at groovy.lang.GroovyShell.runScriptOrMainOrTestOrRunnable(GroovyShell.java:263)
	at groovy.lang.GroovyShell.run(GroovyShell.java:518)
	at groovy.lang.GroovyShell.run(GroovyShell.java:507)
	at groovy.ui.GroovyMain.processOnce(GroovyMain.java:653)
	at groovy.ui.GroovyMain.run(GroovyMain.java:384)
	at groovy.ui.GroovyMain.process(GroovyMain.java:370)
	at groovy.ui.GroovyMain.processArgs(GroovyMain.java:129)
	at groovy.ui.GroovyMain.main(GroovyMain.java:109)
	at sun.reflect.NativeMethodAccessorImpl.invoke0(Native Method)
	at sun.reflect.NativeMethodAccessorImpl.invoke(NativeMethodAccessorImpl.java:62)
	at sun.reflect.DelegatingMethodAccessorImpl.invoke(DelegatingMethodAccessorImpl.java:43)
	at java.lang.reflect.Method.invoke(Method.java:498)
	at org.codehaus.groovy.tools.GroovyStarter.rootLoader(GroovyStarter.java:109)
	at org.codehaus.groovy.tools.GroovyStarter.main(GroovyStarter.java:131)
)

2018-11-15 19:43:19 - [TEST_STEP][PASSED] - Statement - Message = com.kms.katalon.core.testobject.ObjectRepository.findTestObject(iOS/Send Money screen/Generic text, [label:internal.GlobalVariable.randomSentence]): Finding Test Object with id 'Object Repository/iOS/Send Money screen/Generic text'

2018-11-15 19:43:19 - [TEST_STEP][PASSED] - Statement - Message_Charge = com.kms.katalon.core.testobject.ObjectRepository.findTestObject(iOS/Send Money screen/Generic text, [label:PHP 50.00]): Finding Test Object with id 'Object Repository/iOS/Send Money screen/Generic text'

2018-11-15 19:43:19 - [TEST_STEP][PASSED] - Statement - Service_Charge = com.kms.katalon.core.testobject.ObjectRepository.findTestObject(iOS/Send Money screen/Generic text, [label:PHP 250.00]): Finding Test Object with id 'Object Repository/iOS/Send Money screen/Generic text'

2018-11-15 19:43:19 - [TEST_STEP][PASSED] - Statement - Personal_Message_label = com.kms.katalon.core.testobject.ObjectRepository.findTestObject(iOS/Send Money screen/Generic text, [label:Personal Message]): Finding Test Object with id 'Object Repository/iOS/Send Money screen/Generic text'

2018-11-15 19:43:19 - [TEST_STEP][FAILED] - global.verify_element.exist: Element 'Object Repository/iOS/Send Money screen/Generic text' not found

2018-11-15 19:43:24 - [MESSAGE][FAILED] - Element 'Object Repository/iOS/Send Money screen/Generic text' not found
[[ATTACHMENT|/Users/buenaanda/Documents/mobile-automation-katalon/Reports/iOS/PERA Hub Test Suite/20181115_190340/1542282204381.png]]

2018-11-15 19:43:24 - [MESSAGE][FAILED] - Element 'Object Repository/iOS/Send Money screen/Generic text' not found

2018-11-15 19:43:24 - [TEST_STEP][FAILED] - global.verify_element.exist: Element 'Object Repository/iOS/Send Money screen/Generic text' not found

2018-11-15 19:43:29 - [MESSAGE][FAILED] - Element 'Object Repository/iOS/Send Money screen/Generic text' not found
[[ATTACHMENT|/Users/buenaanda/Documents/mobile-automation-katalon/Reports/iOS/PERA Hub Test Suite/20181115_190340/1542282209683.png]]

2018-11-15 19:43:29 - [MESSAGE][FAILED] - Element 'Object Repository/iOS/Send Money screen/Generic text' not found

2018-11-15 19:43:29 - [TEST_STEP][FAILED] - iOS.send_money_screen.checkTermsAndAgreement: Failed to get attribute 'Object Repository/iOS/Send Money screen/Terms and Agreement checkbox' on element 'visible' (Root cause: Object Object Repository/iOS/Send Money screen/Terms and Agreement checkbox not found)

2018-11-15 19:43:35 - [MESSAGE][FAILED] - Object Object Repository/iOS/Send Money screen/Terms and Agreement checkbox not found
[[ATTACHMENT|/Users/buenaanda/Documents/mobile-automation-katalon/Reports/iOS/PERA Hub Test Suite/20181115_190340/1542282214963.png]]

2018-11-15 19:43:35 - [MESSAGE][FAILED] - Failed to get attribute 'Object Repository/iOS/Send Money screen/Terms and Agreement checkbox' on element 'visible' (Root cause: Object Object Repository/iOS/Send Money screen/Terms and Agreement checkbox not found)
[[ATTACHMENT|/Users/buenaanda/Documents/mobile-automation-katalon/Reports/iOS/PERA Hub Test Suite/20181115_190340/1542282215088.png]]

2018-11-15 19:43:35 - [MESSAGE][FAILED] - Failed to get attribute 'Object Repository/iOS/Send Money screen/Terms and Agreement checkbox' on element 'visible' (Root cause: Object Object Repository/iOS/Send Money screen/Terms and Agreement checkbox not found)]]></system-out>
         <system-err><![CDATA[2018-11-15 19:43:19 - [TEST_CASE][FAILED] - Test Cases/iOS/Send Money Branch/SMB_36: Test Cases/iOS/Send Money Branch/SMB_36 FAILED because (of) (Stack trace: com.kms.katalon.core.exception.StepFailedException: Element 'Object Repository/iOS/Send Money screen/Generic text' not found
	at com.kms.katalon.core.keyword.internal.KeywordMain.stepFailed(KeywordMain.groovy:32)
	at com.kms.katalon.core.mobile.keyword.internal.MobileKeywordMain.stepFailed(MobileKeywordMain.groovy:40)
	at com.kms.katalon.core.mobile.keyword.builtin.VerifyElementExistKeyword$_verifyElementExist_closure1.doCall(VerifyElementExistKeyword.groovy:77)
	at com.kms.katalon.core.mobile.keyword.builtin.VerifyElementExistKeyword$_verifyElementExist_closure1.call(VerifyElementExistKeyword.groovy)
	at com.kms.katalon.core.mobile.keyword.internal.MobileKeywordMain.runKeyword(MobileKeywordMain.groovy:21)
	at com.kms.katalon.core.mobile.keyword.builtin.VerifyElementExistKeyword.verifyElementExist(VerifyElementExistKeyword.groovy:80)
	at com.kms.katalon.core.mobile.keyword.builtin.VerifyElementExistKeyword.execute(VerifyElementExistKeyword.groovy:64)
	at com.kms.katalon.core.keyword.internal.KeywordExecutor.executeKeywordForPlatform(KeywordExecutor.groovy:53)
	at com.kms.katalon.core.mobile.keyword.MobileBuiltInKeywords.verifyElementExist(MobileBuiltInKeywords.groovy:605)
	at com.kms.katalon.core.mobile.keyword.MobileBuiltInKeywords$verifyElementExist$1.call(Unknown Source)
	at global.verify_element.exist(verify_element.groovy:38)
	at sun.reflect.GeneratedMethodAccessor17.invoke(Unknown Source)
	at sun.reflect.DelegatingMethodAccessorImpl.invoke(DelegatingMethodAccessorImpl.java:43)
	at java.lang.reflect.Method.invoke(Method.java:498)
	at org.codehaus.groovy.reflection.CachedMethod.invoke(CachedMethod.java:93)
	at groovy.lang.MetaMethod.doMethodInvoke(MetaMethod.java:325)
	at groovy.lang.MetaClassImpl.invokeMethod(MetaClassImpl.java:1215)
	at groovy.lang.MetaClassImpl.invokeMethod(MetaClassImpl.java:1024)
	at groovy.lang.MetaClassImpl.invokeMethod(MetaClassImpl.java:812)
	at groovy.lang.DelegatingMetaClass.invokeMethod(DelegatingMetaClass.java:144)
	at global.verify_element.invokeMethod(verify_element.groovy)
	at com.kms.katalon.core.main.CustomKeywordDelegatingMetaClass.invokeStaticMethod(CustomKeywordDelegatingMetaClass.java:46)
	at org.codehaus.groovy.runtime.callsite.StaticMetaClassSite.call(StaticMetaClassSite.java:53)
	at org.codehaus.groovy.runtime.callsite.CallSiteArray.defaultCall(CallSiteArray.java:48)
	at org.codehaus.groovy.runtime.callsite.AbstractCallSite.call(AbstractCallSite.java:113)
	at org.codehaus.groovy.runtime.callsite.AbstractCallSite.call(AbstractCallSite.java:125)
	at Script1542017927344.run(Script1542017927344.groovy:10)
	at com.kms.katalon.core.main.ScriptEngine.run(ScriptEngine.java:183)
	at com.kms.katalon.core.main.ScriptEngine.runScriptAsRawText(ScriptEngine.java:108)
	at com.kms.katalon.core.main.TestCaseExecutor.runScript(TestCaseExecutor.java:294)
	at com.kms.katalon.core.main.TestCaseExecutor.doExecute(TestCaseExecutor.java:285)
	at com.kms.katalon.core.main.TestCaseExecutor.processExecutionPhase(TestCaseExecutor.java:264)
	at com.kms.katalon.core.main.TestCaseExecutor.accessMainPhase(TestCaseExecutor.java:256)
	at com.kms.katalon.core.main.TestCaseExecutor.execute(TestCaseExecutor.java:200)
	at com.kms.katalon.core.main.TestSuiteExecutor.accessTestCaseMainPhase(TestSuiteExecutor.java:129)
	at com.kms.katalon.core.main.TestSuiteExecutor.accessTestSuiteMainPhase(TestSuiteExecutor.java:112)
	at com.kms.katalon.core.main.TestSuiteExecutor.execute(TestSuiteExecutor.java:81)
	at com.kms.katalon.core.main.TestCaseMain.startTestSuite(TestCaseMain.java:142)
	at com.kms.katalon.core.main.TestCaseMain$startTestSuite$0.call(Unknown Source)
	at org.codehaus.groovy.runtime.callsite.CallSiteArray.defaultCall(CallSiteArray.java:48)
	at org.codehaus.groovy.runtime.callsite.AbstractCallSite.call(AbstractCallSite.java:113)
	at org.codehaus.groovy.runtime.callsite.AbstractCallSite.call(AbstractCallSite.java:141)
	at TempTestSuite1542279820794.run(TempTestSuite1542279820794.groovy:36)
	at groovy.lang.GroovyShell.runScriptOrMainOrTestOrRunnable(GroovyShell.java:263)
	at groovy.lang.GroovyShell.run(GroovyShell.java:518)
	at groovy.lang.GroovyShell.run(GroovyShell.java:507)
	at groovy.ui.GroovyMain.processOnce(GroovyMain.java:653)
	at groovy.ui.GroovyMain.run(GroovyMain.java:384)
	at groovy.ui.GroovyMain.process(GroovyMain.java:370)
	at groovy.ui.GroovyMain.processArgs(GroovyMain.java:129)
	at groovy.ui.GroovyMain.main(GroovyMain.java:109)
	at sun.reflect.NativeMethodAccessorImpl.invoke0(Native Method)
	at sun.reflect.NativeMethodAccessorImpl.invoke(NativeMethodAccessorImpl.java:62)
	at sun.reflect.DelegatingMethodAccessorImpl.invoke(DelegatingMethodAccessorImpl.java:43)
	at java.lang.reflect.Method.invoke(Method.java:498)
	at org.codehaus.groovy.tools.GroovyStarter.rootLoader(GroovyStarter.java:109)
	at org.codehaus.groovy.tools.GroovyStarter.main(GroovyStarter.java:131)
)]]></system-err>
      </testcase>
      <system-out><![CDATA[2018-11-15 19:03:43 - [TEST_SUITE][FAILED] - PERA Hub Test Suite: Test Cases/iOS/Login/LOG_10 FAILED because (of) (Stack trace: com.kms.katalon.core.exception.StepFailedException: Element 'Object Repository/iOS/OTP Verification screen/Error otp code' not found
	at com.kms.katalon.core.keyword.internal.KeywordMain.stepFailed(KeywordMain.groovy:32)
	at com.kms.katalon.core.mobile.keyword.internal.MobileKeywordMain.stepFailed(MobileKeywordMain.groovy:40)
	at com.kms.katalon.core.mobile.keyword.builtin.VerifyElementTextKeyword$_verifyElementText_closure1.doCall(VerifyElementTextKeyword.groovy:49)
	at com.kms.katalon.core.mobile.keyword.builtin.VerifyElementTextKeyword$_verifyElementText_closure1.call(VerifyElementTextKeyword.groovy)
	at com.kms.katalon.core.mobile.keyword.internal.MobileKeywordMain.runKeyword(MobileKeywordMain.groovy:21)
	at com.kms.katalon.core.mobile.keyword.builtin.VerifyElementTextKeyword.verifyElementText(VerifyElementTextKeyword.groovy:62)
	at com.kms.katalon.core.mobile.keyword.builtin.VerifyElementTextKeyword.execute(VerifyElementTextKeyword.groovy:39)
	at com.kms.katalon.core.keyword.internal.KeywordExecutor.executeKeywordForPlatform(KeywordExecutor.groovy:53)
	at com.kms.katalon.core.mobile.keyword.MobileBuiltInKeywords.verifyElementText(MobileBuiltInKeywords.groovy:1751)
	at com.kms.katalon.core.mobile.keyword.MobileBuiltInKeywords$verifyElementText$3.call(Unknown Source)
	at global.verify_element.text(verify_element.groovy:28)
	at sun.reflect.NativeMethodAccessorImpl.invoke0(Native Method)
	at sun.reflect.NativeMethodAccessorImpl.invoke(NativeMethodAccessorImpl.java:62)
	at sun.reflect.DelegatingMethodAccessorImpl.invoke(DelegatingMethodAccessorImpl.java:43)
	at java.lang.reflect.Method.invoke(Method.java:498)
	at org.codehaus.groovy.reflection.CachedMethod.invoke(CachedMethod.java:93)
	at groovy.lang.MetaMethod.doMethodInvoke(MetaMethod.java:325)
	at groovy.lang.MetaClassImpl.invokeMethod(MetaClassImpl.java:1215)
	at groovy.lang.MetaClassImpl.invokeMethod(MetaClassImpl.java:1024)
	at groovy.lang.MetaClassImpl.invokeMethod(MetaClassImpl.java:812)
	at groovy.lang.DelegatingMetaClass.invokeMethod(DelegatingMetaClass.java:144)
	at global.verify_element.invokeMethod(verify_element.groovy)
	at com.kms.katalon.core.main.CustomKeywordDelegatingMetaClass.invokeStaticMethod(CustomKeywordDelegatingMetaClass.java:46)
	at org.codehaus.groovy.runtime.callsite.StaticMetaClassSite.call(StaticMetaClassSite.java:53)
	at org.codehaus.groovy.runtime.callsite.CallSiteArray.defaultCall(CallSiteArray.java:48)
	at org.codehaus.groovy.runtime.callsite.AbstractCallSite.call(AbstractCallSite.java:113)
	at org.codehaus.groovy.runtime.callsite.AbstractCallSite.call(AbstractCallSite.java:133)
	at Script1539834651692.run(Script1539834651692.groovy:17)
	at com.kms.katalon.core.main.ScriptEngine.run(ScriptEngine.java:183)
	at com.kms.katalon.core.main.ScriptEngine.runScriptAsRawText(ScriptEngine.java:108)
	at com.kms.katalon.core.main.TestCaseExecutor.runScript(TestCaseExecutor.java:294)
	at com.kms.katalon.core.main.TestCaseExecutor.doExecute(TestCaseExecutor.java:285)
	at com.kms.katalon.core.main.TestCaseExecutor.processExecutionPhase(TestCaseExecutor.java:264)
	at com.kms.katalon.core.main.TestCaseExecutor.accessMainPhase(TestCaseExecutor.java:256)
	at com.kms.katalon.core.main.TestCaseExecutor.execute(TestCaseExecutor.java:200)
	at com.kms.katalon.core.main.TestSuiteExecutor.accessTestCaseMainPhase(TestSuiteExecutor.java:129)
	at com.kms.katalon.core.main.TestSuiteExecutor.accessTestSuiteMainPhase(TestSuiteExecutor.java:112)
	at com.kms.katalon.core.main.TestSuiteExecutor.execute(TestSuiteExecutor.java:81)
	at com.kms.katalon.core.main.TestCaseMain.startTestSuite(TestCaseMain.java:142)
	at com.kms.katalon.core.main.TestCaseMain$startTestSuite$0.call(Unknown Source)
	at org.codehaus.groovy.runtime.callsite.CallSiteArray.defaultCall(CallSiteArray.java:48)
	at org.codehaus.groovy.runtime.callsite.AbstractCallSite.call(AbstractCallSite.java:113)
	at org.codehaus.groovy.runtime.callsite.AbstractCallSite.call(AbstractCallSite.java:141)
	at TempTestSuite1542279820794.run(TempTestSuite1542279820794.groovy:36)
	at groovy.lang.GroovyShell.runScriptOrMainOrTestOrRunnable(GroovyShell.java:263)
	at groovy.lang.GroovyShell.run(GroovyShell.java:518)
	at groovy.lang.GroovyShell.run(GroovyShell.java:507)
	at groovy.ui.GroovyMain.processOnce(GroovyMain.java:653)
	at groovy.ui.GroovyMain.run(GroovyMain.java:384)
	at groovy.ui.GroovyMain.process(GroovyMain.java:370)
	at groovy.ui.GroovyMain.processArgs(GroovyMain.java:129)
	at groovy.ui.GroovyMain.main(GroovyMain.java:109)
	at sun.reflect.NativeMethodAccessorImpl.invoke0(Native Method)
	at sun.reflect.NativeMethodAccessorImpl.invoke(NativeMethodAccessorImpl.java:62)
	at sun.reflect.DelegatingMethodAccessorImpl.invoke(DelegatingMethodAccessorImpl.java:43)
	at java.lang.reflect.Method.invoke(Method.java:498)
	at org.codehaus.groovy.tools.GroovyStarter.rootLoader(GroovyStarter.java:109)
	at org.codehaus.groovy.tools.GroovyStarter.main(GroovyStarter.java:131)
)]]></system-out>
      <system-err><![CDATA[2018-11-15 19:03:43 - [TEST_SUITE][FAILED] - PERA Hub Test Suite: Test Cases/iOS/Login/LOG_10 FAILED because (of) (Stack trace: com.kms.katalon.core.exception.StepFailedException: Element 'Object Repository/iOS/OTP Verification screen/Error otp code' not found
	at com.kms.katalon.core.keyword.internal.KeywordMain.stepFailed(KeywordMain.groovy:32)
	at com.kms.katalon.core.mobile.keyword.internal.MobileKeywordMain.stepFailed(MobileKeywordMain.groovy:40)
	at com.kms.katalon.core.mobile.keyword.builtin.VerifyElementTextKeyword$_verifyElementText_closure1.doCall(VerifyElementTextKeyword.groovy:49)
	at com.kms.katalon.core.mobile.keyword.builtin.VerifyElementTextKeyword$_verifyElementText_closure1.call(VerifyElementTextKeyword.groovy)
	at com.kms.katalon.core.mobile.keyword.internal.MobileKeywordMain.runKeyword(MobileKeywordMain.groovy:21)
	at com.kms.katalon.core.mobile.keyword.builtin.VerifyElementTextKeyword.verifyElementText(VerifyElementTextKeyword.groovy:62)
	at com.kms.katalon.core.mobile.keyword.builtin.VerifyElementTextKeyword.execute(VerifyElementTextKeyword.groovy:39)
	at com.kms.katalon.core.keyword.internal.KeywordExecutor.executeKeywordForPlatform(KeywordExecutor.groovy:53)
	at com.kms.katalon.core.mobile.keyword.MobileBuiltInKeywords.verifyElementText(MobileBuiltInKeywords.groovy:1751)
	at com.kms.katalon.core.mobile.keyword.MobileBuiltInKeywords$verifyElementText$3.call(Unknown Source)
	at global.verify_element.text(verify_element.groovy:28)
	at sun.reflect.NativeMethodAccessorImpl.invoke0(Native Method)
	at sun.reflect.NativeMethodAccessorImpl.invoke(NativeMethodAccessorImpl.java:62)
	at sun.reflect.DelegatingMethodAccessorImpl.invoke(DelegatingMethodAccessorImpl.java:43)
	at java.lang.reflect.Method.invoke(Method.java:498)
	at org.codehaus.groovy.reflection.CachedMethod.invoke(CachedMethod.java:93)
	at groovy.lang.MetaMethod.doMethodInvoke(MetaMethod.java:325)
	at groovy.lang.MetaClassImpl.invokeMethod(MetaClassImpl.java:1215)
	at groovy.lang.MetaClassImpl.invokeMethod(MetaClassImpl.java:1024)
	at groovy.lang.MetaClassImpl.invokeMethod(MetaClassImpl.java:812)
	at groovy.lang.DelegatingMetaClass.invokeMethod(DelegatingMetaClass.java:144)
	at global.verify_element.invokeMethod(verify_element.groovy)
	at com.kms.katalon.core.main.CustomKeywordDelegatingMetaClass.invokeStaticMethod(CustomKeywordDelegatingMetaClass.java:46)
	at org.codehaus.groovy.runtime.callsite.StaticMetaClassSite.call(StaticMetaClassSite.java:53)
	at org.codehaus.groovy.runtime.callsite.CallSiteArray.defaultCall(CallSiteArray.java:48)
	at org.codehaus.groovy.runtime.callsite.AbstractCallSite.call(AbstractCallSite.java:113)
	at org.codehaus.groovy.runtime.callsite.AbstractCallSite.call(AbstractCallSite.java:133)
	at Script1539834651692.run(Script1539834651692.groovy:17)
	at com.kms.katalon.core.main.ScriptEngine.run(ScriptEngine.java:183)
	at com.kms.katalon.core.main.ScriptEngine.runScriptAsRawText(ScriptEngine.java:108)
	at com.kms.katalon.core.main.TestCaseExecutor.runScript(TestCaseExecutor.java:294)
	at com.kms.katalon.core.main.TestCaseExecutor.doExecute(TestCaseExecutor.java:285)
	at com.kms.katalon.core.main.TestCaseExecutor.processExecutionPhase(TestCaseExecutor.java:264)
	at com.kms.katalon.core.main.TestCaseExecutor.accessMainPhase(TestCaseExecutor.java:256)
	at com.kms.katalon.core.main.TestCaseExecutor.execute(TestCaseExecutor.java:200)
	at com.kms.katalon.core.main.TestSuiteExecutor.accessTestCaseMainPhase(TestSuiteExecutor.java:129)
	at com.kms.katalon.core.main.TestSuiteExecutor.accessTestSuiteMainPhase(TestSuiteExecutor.java:112)
	at com.kms.katalon.core.main.TestSuiteExecutor.execute(TestSuiteExecutor.java:81)
	at com.kms.katalon.core.main.TestCaseMain.startTestSuite(TestCaseMain.java:142)
	at com.kms.katalon.core.main.TestCaseMain$startTestSuite$0.call(Unknown Source)
	at org.codehaus.groovy.runtime.callsite.CallSiteArray.defaultCall(CallSiteArray.java:48)
	at org.codehaus.groovy.runtime.callsite.AbstractCallSite.call(AbstractCallSite.java:113)
	at org.codehaus.groovy.runtime.callsite.AbstractCallSite.call(AbstractCallSite.java:141)
	at TempTestSuite1542279820794.run(TempTestSuite1542279820794.groovy:36)
	at groovy.lang.GroovyShell.runScriptOrMainOrTestOrRunnable(GroovyShell.java:263)
	at groovy.lang.GroovyShell.run(GroovyShell.java:518)
	at groovy.lang.GroovyShell.run(GroovyShell.java:507)
	at groovy.ui.GroovyMain.processOnce(GroovyMain.java:653)
	at groovy.ui.GroovyMain.run(GroovyMain.java:384)
	at groovy.ui.GroovyMain.process(GroovyMain.java:370)
	at groovy.ui.GroovyMain.processArgs(GroovyMain.java:129)
	at groovy.ui.GroovyMain.main(GroovyMain.java:109)
	at sun.reflect.NativeMethodAccessorImpl.invoke0(Native Method)
	at sun.reflect.NativeMethodAccessorImpl.invoke(NativeMethodAccessorImpl.java:62)
	at sun.reflect.DelegatingMethodAccessorImpl.invoke(DelegatingMethodAccessorImpl.java:43)
	at java.lang.reflect.Method.invoke(Method.java:498)
	at org.codehaus.groovy.tools.GroovyStarter.rootLoader(GroovyStarter.java:109)
	at org.codehaus.groovy.tools.GroovyStarter.main(GroovyStarter.java:131)
)]]></system-err>
   </testsuite>
</testsuites>
