<?xml version="1.0" encoding="UTF-8"?>
<testsuites name="PERA Hub Test Suite" time="2686" tests="52" failures="9" errors="0">
   <testsuite name="PERA Hub Test Suite" tests="52" failures="9" errors="0" time="2686" timestamp="2018-11-16 19:28:27" hostname="buenaanda - 192.168.254.121" id="Test Suites/iOS/PERA Hub Test Suite">
      <properties>
[...]
</properties>
      <testcase name="Test Cases/iOS/Registration/REG_01" classname="Test Cases/iOS/Registration/REG_01" status="PASSED">
         <system-out><![CDATA[2018-11-16 19:28:28 - [TEST_CASE][PASSED] - Test Cases/iOS/Registration/REG_01: Test Cases/iOS/Registration/REG_01

2018-11-16 19:28:28 - [TEST_STEP][PASSED] - startApplication: Started app at: '/Users/buenaanda/Documents/mobile-automation-katalon/Data Files/PeraHub_v3.2.0-QAT.app'

2018-11-16 19:29:04 - [MESSAGE][PASSED] - Started app at: '/Users/buenaanda/Documents/mobile-automation-katalon/Data Files/PeraHub_v3.2.0-QAT.app'

2018-11-16 19:29:04 - [TEST_STEP][PASSED] - iOS.initial_screen.tapRegister: iOS.initial_screen.tapRegister is PASSED

2018-11-16 19:29:06 - [MESSAGE][PASSED] - Tapped on element 'Object Repository/iOS/Initial screen/Register button'

2018-11-16 19:29:06 - [MESSAGE][PASSED] - iOS.initial_screen.tapRegister is PASSED

2018-11-16 19:29:06 - [TEST_STEP][PASSED] - global.verify_element.exist: global.verify_element.exist is PASSED

2018-11-16 19:29:09 - [MESSAGE][PASSED] - Element 'Object Repository/iOS/Registration screen/Customer Number button' is exist

2018-11-16 19:29:09 - [MESSAGE][PASSED] - global.verify_element.exist is PASSED

2018-11-16 19:29:09 - [TEST_STEP][PASSED] - global.verify_element.exist: global.verify_element.exist is PASSED

2018-11-16 19:29:11 - [MESSAGE][PASSED] - Element 'Object Repository/iOS/Registration screen/Mobile Number button' is exist

2018-11-16 19:29:11 - [MESSAGE][PASSED] - global.verify_element.exist is PASSED]]></system-out>
         <system-err><![CDATA[]]></system-err>
      </testcase>
      <testcase name="Test Cases/iOS/Registration/REG_02" classname="Test Cases/iOS/Registration/REG_02" status="FAILED">
         <failure type="FAILED" message="(Stack trace: com.kms.katalon.core.exception.StepFailedException: Element 'Object Repository/iOS/Registration screen/Generic text' not found
	at com.kms.katalon.core.keyword.internal.KeywordMain.stepFailed(KeywordMain.groovy:32)
	at com.kms.katalon.core.mobile.keyword.internal.MobileKeywordMain.stepFailed(MobileKeywordMain.groovy:40)
	at com.kms.katalon.core.mobile.keyword.builtin.VerifyElementExistKeyword$_verifyElementExist_closure1.doCall(VerifyElementExistKeyword.groovy:77)
	at com.kms.katalon.core.mobile.keyword.builtin.VerifyElementExistKeyword$_verifyElementExist_closure1.call(VerifyElementExistKeyword.groovy)
	at com.kms.katalon.core.mobile.keyword.internal.MobileKeywordMain.runKeyword(MobileKeywordMain.groovy:21)
	at com.kms.katalon.core.mobile.keyword.builtin.VerifyElementExistKeyword.verifyElementExist(VerifyElementExistKeyword.groovy:80)
	at com.kms.katalon.core.mobile.keyword.builtin.VerifyElementExistKeyword.execute(VerifyElementExistKeyword.groovy:64)
	at com.kms.katalon.core.keyword.internal.KeywordExecutor.executeKeywordForPlatform(KeywordExecutor.groovy:53)
	at com.kms.katalon.core.mobile.keyword.MobileBuiltInKeywords.verifyElementExist(MobileBuiltInKeywords.groovy:605)
	at com.kms.katalon.core.mobile.keyword.MobileBuiltInKeywords$verifyElementExist$1.call(Unknown Source)
	at global.verify_element.exist(verify_element.groovy:38)
	at sun.reflect.NativeMethodAccessorImpl.invoke0(Native Method)
	at sun.reflect.NativeMethodAccessorImpl.invoke(NativeMethodAccessorImpl.java:62)
	at sun.reflect.DelegatingMethodAccessorImpl.invoke(DelegatingMethodAccessorImpl.java:43)
	at java.lang.reflect.Method.invoke(Method.java:498)
	at org.codehaus.groovy.reflection.CachedMethod.invoke(CachedMethod.java:93)
	at groovy.lang.MetaMethod.doMethodInvoke(MetaMethod.java:325)
	at groovy.lang.MetaClassImpl.invokeMethod(MetaClassImpl.java:1215)
	at groovy.lang.MetaClassImpl.invokeMethod(MetaClassImpl.java:1024)
	at groovy.lang.MetaClassImpl.invokeMethod(MetaClassImpl.java:812)
	at groovy.lang.DelegatingMetaClass.invokeMethod(DelegatingMetaClass.java:144)
	at global.verify_element.invokeMethod(verify_element.groovy)
	at com.kms.katalon.core.main.CustomKeywordDelegatingMetaClass.invokeStaticMethod(CustomKeywordDelegatingMetaClass.java:46)
	at org.codehaus.groovy.runtime.callsite.StaticMetaClassSite.call(StaticMetaClassSite.java:53)
	at org.codehaus.groovy.runtime.callsite.CallSiteArray.defaultCall(CallSiteArray.java:48)
	at org.codehaus.groovy.runtime.callsite.AbstractCallSite.call(AbstractCallSite.java:113)
	at org.codehaus.groovy.runtime.callsite.AbstractCallSite.call(AbstractCallSite.java:125)
	at Script1542257476342.run(Script1542257476342.groovy:15)
	at com.kms.katalon.core.main.ScriptEngine.run(ScriptEngine.java:183)
	at com.kms.katalon.core.main.ScriptEngine.runScriptAsRawText(ScriptEngine.java:108)
	at com.kms.katalon.core.main.TestCaseExecutor.runScript(TestCaseExecutor.java:294)
	at com.kms.katalon.core.main.TestCaseExecutor.doExecute(TestCaseExecutor.java:285)
	at com.kms.katalon.core.main.TestCaseExecutor.processExecutionPhase(TestCaseExecutor.java:264)
	at com.kms.katalon.core.main.TestCaseExecutor.accessMainPhase(TestCaseExecutor.java:256)
	at com.kms.katalon.core.main.TestCaseExecutor.execute(TestCaseExecutor.java:200)
	at com.kms.katalon.core.main.TestSuiteExecutor.accessTestCaseMainPhase(TestSuiteExecutor.java:129)
	at com.kms.katalon.core.main.TestSuiteExecutor.accessTestSuiteMainPhase(TestSuiteExecutor.java:112)
	at com.kms.katalon.core.main.TestSuiteExecutor.execute(TestSuiteExecutor.java:81)
	at com.kms.katalon.core.main.TestCaseMain.startTestSuite(TestCaseMain.java:142)
	at com.kms.katalon.core.main.TestCaseMain$startTestSuite$0.call(Unknown Source)
	at org.codehaus.groovy.runtime.callsite.CallSiteArray.defaultCall(CallSiteArray.java:48)
	at org.codehaus.groovy.runtime.callsite.AbstractCallSite.call(AbstractCallSite.java:113)
	at org.codehaus.groovy.runtime.callsite.AbstractCallSite.call(AbstractCallSite.java:141)
	at TempTestSuite1542367705665.run(TempTestSuite1542367705665.groovy:36)
	at groovy.lang.GroovyShell.runScriptOrMainOrTestOrRunnable(GroovyShell.java:263)
	at groovy.lang.GroovyShell.run(GroovyShell.java:518)
	at groovy.lang.GroovyShell.run(GroovyShell.java:507)
	at groovy.ui.GroovyMain.processOnce(GroovyMain.java:653)
	at groovy.ui.GroovyMain.run(GroovyMain.java:384)
	at groovy.ui.GroovyMain.process(GroovyMain.java:370)
	at groovy.ui.GroovyMain.processArgs(GroovyMain.java:129)
	at groovy.ui.GroovyMain.main(GroovyMain.java:109)
	at sun.reflect.NativeMethodAccessorImpl.invoke0(Native Method)
	at sun.reflect.NativeMethodAccessorImpl.invoke(NativeMethodAccessorImpl.java:62)
	at sun.reflect.DelegatingMethodAccessorImpl.invoke(DelegatingMethodAccessorImpl.java:43)
	at java.lang.reflect.Method.invoke(Method.java:498)
	at org.codehaus.groovy.tools.GroovyStarter.rootLoader(GroovyStarter.java:109)
	at org.codehaus.groovy.tools.GroovyStarter.main(GroovyStarter.java:131)
)"/>
         <system-out><![CDATA[2018-11-16 19:29:11 - [TEST_CASE][FAILED] - Test Cases/iOS/Registration/REG_02: Test Cases/iOS/Registration/REG_02 FAILED because (of) (Stack trace: com.kms.katalon.core.exception.StepFailedException: Element 'Object Repository/iOS/Registration screen/Generic text' not found
	at com.kms.katalon.core.keyword.internal.KeywordMain.stepFailed(KeywordMain.groovy:32)
	at com.kms.katalon.core.mobile.keyword.internal.MobileKeywordMain.stepFailed(MobileKeywordMain.groovy:40)
	at com.kms.katalon.core.mobile.keyword.builtin.VerifyElementExistKeyword$_verifyElementExist_closure1.doCall(VerifyElementExistKeyword.groovy:77)
	at com.kms.katalon.core.mobile.keyword.builtin.VerifyElementExistKeyword$_verifyElementExist_closure1.call(VerifyElementExistKeyword.groovy)
	at com.kms.katalon.core.mobile.keyword.internal.MobileKeywordMain.runKeyword(MobileKeywordMain.groovy:21)
	at com.kms.katalon.core.mobile.keyword.builtin.VerifyElementExistKeyword.verifyElementExist(VerifyElementExistKeyword.groovy:80)
	at com.kms.katalon.core.mobile.keyword.builtin.VerifyElementExistKeyword.execute(VerifyElementExistKeyword.groovy:64)
	at com.kms.katalon.core.keyword.internal.KeywordExecutor.executeKeywordForPlatform(KeywordExecutor.groovy:53)
	at com.kms.katalon.core.mobile.keyword.MobileBuiltInKeywords.verifyElementExist(MobileBuiltInKeywords.groovy:605)
	at com.kms.katalon.core.mobile.keyword.MobileBuiltInKeywords$verifyElementExist$1.call(Unknown Source)
	at global.verify_element.exist(verify_element.groovy:38)
	at sun.reflect.NativeMethodAccessorImpl.invoke0(Native Method)
	at sun.reflect.NativeMethodAccessorImpl.invoke(NativeMethodAccessorImpl.java:62)
	at sun.reflect.DelegatingMethodAccessorImpl.invoke(DelegatingMethodAccessorImpl.java:43)
	at java.lang.reflect.Method.invoke(Method.java:498)
	at org.codehaus.groovy.reflection.CachedMethod.invoke(CachedMethod.java:93)
	at groovy.lang.MetaMethod.doMethodInvoke(MetaMethod.java:325)
	at groovy.lang.MetaClassImpl.invokeMethod(MetaClassImpl.java:1215)
	at groovy.lang.MetaClassImpl.invokeMethod(MetaClassImpl.java:1024)
	at groovy.lang.MetaClassImpl.invokeMethod(MetaClassImpl.java:812)
	at groovy.lang.DelegatingMetaClass.invokeMethod(DelegatingMetaClass.java:144)
	at global.verify_element.invokeMethod(verify_element.groovy)
	at com.kms.katalon.core.main.CustomKeywordDelegatingMetaClass.invokeStaticMethod(CustomKeywordDelegatingMetaClass.java:46)
	at org.codehaus.groovy.runtime.callsite.StaticMetaClassSite.call(StaticMetaClassSite.java:53)
	at org.codehaus.groovy.runtime.callsite.CallSiteArray.defaultCall(CallSiteArray.java:48)
	at org.codehaus.groovy.runtime.callsite.AbstractCallSite.call(AbstractCallSite.java:113)
	at org.codehaus.groovy.runtime.callsite.AbstractCallSite.call(AbstractCallSite.java:125)
	at Script1542257476342.run(Script1542257476342.groovy:15)
	at com.kms.katalon.core.main.ScriptEngine.run(ScriptEngine.java:183)
	at com.kms.katalon.core.main.ScriptEngine.runScriptAsRawText(ScriptEngine.java:108)
	at com.kms.katalon.core.main.TestCaseExecutor.runScript(TestCaseExecutor.java:294)
	at com.kms.katalon.core.main.TestCaseExecutor.doExecute(TestCaseExecutor.java:285)
	at com.kms.katalon.core.main.TestCaseExecutor.processExecutionPhase(TestCaseExecutor.java:264)
	at com.kms.katalon.core.main.TestCaseExecutor.accessMainPhase(TestCaseExecutor.java:256)
	at com.kms.katalon.core.main.TestCaseExecutor.execute(TestCaseExecutor.java:200)
	at com.kms.katalon.core.main.TestSuiteExecutor.accessTestCaseMainPhase(TestSuiteExecutor.java:129)
	at com.kms.katalon.core.main.TestSuiteExecutor.accessTestSuiteMainPhase(TestSuiteExecutor.java:112)
	at com.kms.katalon.core.main.TestSuiteExecutor.execute(TestSuiteExecutor.java:81)
	at com.kms.katalon.core.main.TestCaseMain.startTestSuite(TestCaseMain.java:142)
	at com.kms.katalon.core.main.TestCaseMain$startTestSuite$0.call(Unknown Source)
	at org.codehaus.groovy.runtime.callsite.CallSiteArray.defaultCall(CallSiteArray.java:48)
	at org.codehaus.groovy.runtime.callsite.AbstractCallSite.call(AbstractCallSite.java:113)
	at org.codehaus.groovy.runtime.callsite.AbstractCallSite.call(AbstractCallSite.java:141)
	at TempTestSuite1542367705665.run(TempTestSuite1542367705665.groovy:36)
	at groovy.lang.GroovyShell.runScriptOrMainOrTestOrRunnable(GroovyShell.java:263)
	at groovy.lang.GroovyShell.run(GroovyShell.java:518)
	at groovy.lang.GroovyShell.run(GroovyShell.java:507)
	at groovy.ui.GroovyMain.processOnce(GroovyMain.java:653)
	at groovy.ui.GroovyMain.run(GroovyMain.java:384)
	at groovy.ui.GroovyMain.process(GroovyMain.java:370)
	at groovy.ui.GroovyMain.processArgs(GroovyMain.java:129)
	at groovy.ui.GroovyMain.main(GroovyMain.java:109)
	at sun.reflect.NativeMethodAccessorImpl.invoke0(Native Method)
	at sun.reflect.NativeMethodAccessorImpl.invoke(NativeMethodAccessorImpl.java:62)
	at sun.reflect.DelegatingMethodAccessorImpl.invoke(DelegatingMethodAccessorImpl.java:43)
	at java.lang.reflect.Method.invoke(Method.java:498)
	at org.codehaus.groovy.tools.GroovyStarter.rootLoader(GroovyStarter.java:109)
	at org.codehaus.groovy.tools.GroovyStarter.main(GroovyStarter.java:131)
)

2018-11-16 19:29:11 - [TEST_STEP][PASSED] - iOS.registration_screen.tapUseMobileNumber: iOS.registration_screen.tapUseMobileNumber is PASSED

2018-11-16 19:29:13 - [MESSAGE][PASSED] - Tapped on element 'Object Repository/iOS/Registration screen/Mobile Number button'

2018-11-16 19:29:13 - [MESSAGE][PASSED] - iOS.registration_screen.tapUseMobileNumber is PASSED

2018-11-16 19:29:13 - [TEST_STEP][PASSED] - global.verify_element.exist: global.verify_element.exist is PASSED

2018-11-16 19:29:20 - [MESSAGE][PASSED] - Element 'Object Repository/iOS/Registration screen/Privacy Policy button' is exist

2018-11-16 19:29:20 - [MESSAGE][PASSED] - global.verify_element.exist is PASSED

2018-11-16 19:29:20 - [TEST_STEP][PASSED] - global.verify_element.exist: global.verify_element.exist is PASSED

2018-11-16 19:29:27 - [MESSAGE][PASSED] - Element 'Object Repository/iOS/Registration screen/Terms And Agreement button' is exist

2018-11-16 19:29:27 - [MESSAGE][PASSED] - global.verify_element.exist is PASSED

2018-11-16 19:29:27 - [TEST_STEP][PASSED] - global.verify_element.exist: global.verify_element.exist is PASSED

2018-11-16 19:29:35 - [MESSAGE][PASSED] - Element 'Object Repository/iOS/Registration screen/Terms And Agreement checkbox' is exist

2018-11-16 19:29:35 - [MESSAGE][PASSED] - global.verify_element.exist is PASSED

2018-11-16 19:29:35 - [TEST_STEP][PASSED] - iOS.registration_screen.tapPrivacyPolicy: iOS.registration_screen.tapPrivacyPolicy is PASSED

2018-11-16 19:29:43 - [MESSAGE][PASSED] - Tapped on element 'Object Repository/iOS/Registration screen/Privacy Policy button'

2018-11-16 19:29:43 - [MESSAGE][PASSED] - iOS.registration_screen.tapPrivacyPolicy is PASSED

2018-11-16 19:29:43 - [TEST_STEP][PASSED] - Statement - Privacy_Policy = com.kms.katalon.core.testobject.ObjectRepository.findTestObject(iOS/Registration screen/Generic text, [label:Privacy Policy]): Finding Test Object with id 'Object Repository/iOS/Registration screen/Generic text'

2018-11-16 19:29:43 - [TEST_STEP][PASSED] - global.verify_element.exist: global.verify_element.exist is PASSED

2018-11-16 19:30:00 - [MESSAGE][PASSED] - Element 'Object Repository/iOS/Registration screen/Generic text' is exist

2018-11-16 19:30:00 - [MESSAGE][PASSED] - global.verify_element.exist is PASSED

2018-11-16 19:30:00 - [TEST_STEP][PASSED] - iOS.registration_screen.tapTermsAndAgreement: iOS.registration_screen.tapTermsAndAgreement is PASSED

2018-11-16 19:30:08 - [MESSAGE][PASSED] - Tapped on element 'Object Repository/iOS/Registration screen/Terms And Agreement button'

2018-11-16 19:30:08 - [MESSAGE][PASSED] - iOS.registration_screen.tapTermsAndAgreement is PASSED

2018-11-16 19:30:08 - [TEST_STEP][PASSED] - Statement - Terms_And_Agreement = com.kms.katalon.core.testobject.ObjectRepository.findTestObject(iOS/Registration screen/Generic text, [label:Terms and Conditions]): Finding Test Object with id 'Object Repository/iOS/Registration screen/Generic text'

2018-11-16 19:30:08 - [TEST_STEP][FAILED] - global.verify_element.exist: Element 'Object Repository/iOS/Registration screen/Generic text' not found

2018-11-16 19:30:16 - [MESSAGE][FAILED] - Element 'Object Repository/iOS/Registration screen/Generic text' not found
[[ATTACHMENT|/Users/buenaanda/Documents/mobile-automation-katalon/Reports/iOS/PERA Hub Test Suite/20181116_192825/1542367815733.png]]

2018-11-16 19:30:16 - [MESSAGE][FAILED] - Element 'Object Repository/iOS/Registration screen/Generic text' not found

2018-11-16 19:30:16 - [TEST_STEP][PASSED] - iOS.registration_screen.checkTermsAndAgreement: iOS.registration_screen.checkTermsAndAgreement is PASSED

2018-11-16 19:30:28 - [MESSAGE][PASSED] - Tapped on element 'Object Repository/iOS/Registration screen/Terms And Agreement checkbox'

2018-11-16 19:30:28 - [MESSAGE][PASSED] - iOS.registration_screen.checkTermsAndAgreement is PASSED

2018-11-16 19:30:28 - [TEST_STEP][PASSED] - global.verify_element.exist: global.verify_element.exist is PASSED

2018-11-16 19:30:34 - [MESSAGE][PASSED] - Element 'Object Repository/iOS/Registration screen/Mobile Country Code' is exist

2018-11-16 19:30:34 - [MESSAGE][PASSED] - global.verify_element.exist is PASSED

2018-11-16 19:30:34 - [TEST_STEP][PASSED] - global.verify_element.exist: global.verify_element.exist is PASSED

2018-11-16 19:30:36 - [MESSAGE][PASSED] - Element 'Object Repository/iOS/Registration screen/Mobile Number field' is exist

2018-11-16 19:30:36 - [MESSAGE][PASSED] - global.verify_element.exist is PASSED

2018-11-16 19:30:36 - [TEST_STEP][PASSED] - global.verify_element.exist: global.verify_element.exist is PASSED

2018-11-16 19:30:39 - [MESSAGE][PASSED] - Element 'Object Repository/iOS/Registration screen/Login Now button' is exist

2018-11-16 19:30:39 - [MESSAGE][PASSED] - global.verify_element.exist is PASSED

2018-11-16 19:30:39 - [TEST_STEP][PASSED] - Statement - new global.object().hideKeypad(): Tapped on element 'Object Repository/iOS/Global/Toolbar Done Button'

2018-11-16 19:30:42 - [MESSAGE][PASSED] - Tapped on element 'Object Repository/iOS/Global/Toolbar Done Button'

2018-11-16 19:30:42 - [TEST_STEP][PASSED] - global.verify_element.exist: global.verify_element.exist is PASSED

2018-11-16 19:30:45 - [MESSAGE][PASSED] - Element 'Object Repository/iOS/Registration screen/Next button' is exist

2018-11-16 19:30:45 - [MESSAGE][PASSED] - global.verify_element.exist is PASSED

2018-11-16 19:30:45 - [TEST_STEP][PASSED] - global.verify_element.exist: global.verify_element.exist is PASSED

2018-11-16 19:30:47 - [MESSAGE][PASSED] - Element 'Object Repository/iOS/Registration screen/Close button' is exist

2018-11-16 19:30:47 - [MESSAGE][PASSED] - global.verify_element.exist is PASSED]]></system-out>
         <system-err><![CDATA[2018-11-16 19:29:11 - [TEST_CASE][FAILED] - Test Cases/iOS/Registration/REG_02: Test Cases/iOS/Registration/REG_02 FAILED because (of) (Stack trace: com.kms.katalon.core.exception.StepFailedException: Element 'Object Repository/iOS/Registration screen/Generic text' not found
	at com.kms.katalon.core.keyword.internal.KeywordMain.stepFailed(KeywordMain.groovy:32)
	at com.kms.katalon.core.mobile.keyword.internal.MobileKeywordMain.stepFailed(MobileKeywordMain.groovy:40)
	at com.kms.katalon.core.mobile.keyword.builtin.VerifyElementExistKeyword$_verifyElementExist_closure1.doCall(VerifyElementExistKeyword.groovy:77)
	at com.kms.katalon.core.mobile.keyword.builtin.VerifyElementExistKeyword$_verifyElementExist_closure1.call(VerifyElementExistKeyword.groovy)
	at com.kms.katalon.core.mobile.keyword.internal.MobileKeywordMain.runKeyword(MobileKeywordMain.groovy:21)
	at com.kms.katalon.core.mobile.keyword.builtin.VerifyElementExistKeyword.verifyElementExist(VerifyElementExistKeyword.groovy:80)
	at com.kms.katalon.core.mobile.keyword.builtin.VerifyElementExistKeyword.execute(VerifyElementExistKeyword.groovy:64)
	at com.kms.katalon.core.keyword.internal.KeywordExecutor.executeKeywordForPlatform(KeywordExecutor.groovy:53)
	at com.kms.katalon.core.mobile.keyword.MobileBuiltInKeywords.verifyElementExist(MobileBuiltInKeywords.groovy:605)
	at com.kms.katalon.core.mobile.keyword.MobileBuiltInKeywords$verifyElementExist$1.call(Unknown Source)
	at global.verify_element.exist(verify_element.groovy:38)
	at sun.reflect.NativeMethodAccessorImpl.invoke0(Native Method)
	at sun.reflect.NativeMethodAccessorImpl.invoke(NativeMethodAccessorImpl.java:62)
	at sun.reflect.DelegatingMethodAccessorImpl.invoke(DelegatingMethodAccessorImpl.java:43)
	at java.lang.reflect.Method.invoke(Method.java:498)
	at org.codehaus.groovy.reflection.CachedMethod.invoke(CachedMethod.java:93)
	at groovy.lang.MetaMethod.doMethodInvoke(MetaMethod.java:325)
	at groovy.lang.MetaClassImpl.invokeMethod(MetaClassImpl.java:1215)
	at groovy.lang.MetaClassImpl.invokeMethod(MetaClassImpl.java:1024)
	at groovy.lang.MetaClassImpl.invokeMethod(MetaClassImpl.java:812)
	at groovy.lang.DelegatingMetaClass.invokeMethod(DelegatingMetaClass.java:144)
	at global.verify_element.invokeMethod(verify_element.groovy)
	at com.kms.katalon.core.main.CustomKeywordDelegatingMetaClass.invokeStaticMethod(CustomKeywordDelegatingMetaClass.java:46)
	at org.codehaus.groovy.runtime.callsite.StaticMetaClassSite.call(StaticMetaClassSite.java:53)
	at org.codehaus.groovy.runtime.callsite.CallSiteArray.defaultCall(CallSiteArray.java:48)
	at org.codehaus.groovy.runtime.callsite.AbstractCallSite.call(AbstractCallSite.java:113)
	at org.codehaus.groovy.runtime.callsite.AbstractCallSite.call(AbstractCallSite.java:125)
	at Script1542257476342.run(Script1542257476342.groovy:15)
	at com.kms.katalon.core.main.ScriptEngine.run(ScriptEngine.java:183)
	at com.kms.katalon.core.main.ScriptEngine.runScriptAsRawText(ScriptEngine.java:108)
	at com.kms.katalon.core.main.TestCaseExecutor.runScript(TestCaseExecutor.java:294)
	at com.kms.katalon.core.main.TestCaseExecutor.doExecute(TestCaseExecutor.java:285)
	at com.kms.katalon.core.main.TestCaseExecutor.processExecutionPhase(TestCaseExecutor.java:264)
	at com.kms.katalon.core.main.TestCaseExecutor.accessMainPhase(TestCaseExecutor.java:256)
	at com.kms.katalon.core.main.TestCaseExecutor.execute(TestCaseExecutor.java:200)
	at com.kms.katalon.core.main.TestSuiteExecutor.accessTestCaseMainPhase(TestSuiteExecutor.java:129)
	at com.kms.katalon.core.main.TestSuiteExecutor.accessTestSuiteMainPhase(TestSuiteExecutor.java:112)
	at com.kms.katalon.core.main.TestSuiteExecutor.execute(TestSuiteExecutor.java:81)
	at com.kms.katalon.core.main.TestCaseMain.startTestSuite(TestCaseMain.java:142)
	at com.kms.katalon.core.main.TestCaseMain$startTestSuite$0.call(Unknown Source)
	at org.codehaus.groovy.runtime.callsite.CallSiteArray.defaultCall(CallSiteArray.java:48)
	at org.codehaus.groovy.runtime.callsite.AbstractCallSite.call(AbstractCallSite.java:113)
	at org.codehaus.groovy.runtime.callsite.AbstractCallSite.call(AbstractCallSite.java:141)
	at TempTestSuite1542367705665.run(TempTestSuite1542367705665.groovy:36)
	at groovy.lang.GroovyShell.runScriptOrMainOrTestOrRunnable(GroovyShell.java:263)
	at groovy.lang.GroovyShell.run(GroovyShell.java:518)
	at groovy.lang.GroovyShell.run(GroovyShell.java:507)
	at groovy.ui.GroovyMain.processOnce(GroovyMain.java:653)
	at groovy.ui.GroovyMain.run(GroovyMain.java:384)
	at groovy.ui.GroovyMain.process(GroovyMain.java:370)
	at groovy.ui.GroovyMain.processArgs(GroovyMain.java:129)
	at groovy.ui.GroovyMain.main(GroovyMain.java:109)
	at sun.reflect.NativeMethodAccessorImpl.invoke0(Native Method)
	at sun.reflect.NativeMethodAccessorImpl.invoke(NativeMethodAccessorImpl.java:62)
	at sun.reflect.DelegatingMethodAccessorImpl.invoke(DelegatingMethodAccessorImpl.java:43)
	at java.lang.reflect.Method.invoke(Method.java:498)
	at org.codehaus.groovy.tools.GroovyStarter.rootLoader(GroovyStarter.java:109)
	at org.codehaus.groovy.tools.GroovyStarter.main(GroovyStarter.java:131)
)]]></system-err>
      </testcase>
      <testcase name="Test Cases/iOS/Registration/REG_03" classname="Test Cases/iOS/Registration/REG_03" status="PASSED">
         <system-out><![CDATA[2018-11-16 19:30:47 - [TEST_CASE][PASSED] - Test Cases/iOS/Registration/REG_03: Test Cases/iOS/Registration/REG_03

2018-11-16 19:30:47 - [TEST_STEP][PASSED] - iOS.registration_screen.enterMobileNumber: iOS.registration_screen.enterMobileNumber is PASSED

2018-11-16 19:30:50 - [MESSAGE][PASSED] - Text '9271819134' has been set to element 'Object Repository/iOS/Registration screen/Mobile Number field'

2018-11-16 19:30:53 - [MESSAGE][PASSED] - Tapped on element 'Object Repository/iOS/Global/Toolbar Done Button'

2018-11-16 19:30:53 - [MESSAGE][PASSED] - iOS.registration_screen.enterMobileNumber is PASSED

2018-11-16 19:30:53 - [TEST_STEP][PASSED] - global.verify_element.text: global.verify_element.text is PASSED

2018-11-16 19:30:55 - [MESSAGE][PASSED] - Actual text and expected text of test object 'Object Repository/iOS/Registration screen/Mobile Number field' are matched.

2018-11-16 19:30:55 - [MESSAGE][PASSED] - global.verify_element.text is PASSED

2018-11-16 19:30:55 - [TEST_STEP][PASSED] - global.verify_element.enabled: global.verify_element.enabled is PASSED

2018-11-16 19:30:58 - [MESSAGE][PASSED] - Element 'Object Repository/iOS/Registration screen/Next button' has attribute 'enabled' is 'true'

2018-11-16 19:30:58 - [MESSAGE][PASSED] - Actual object 'true' and expected object 'true' are equal

2018-11-16 19:30:58 - [MESSAGE][PASSED] - global.verify_element.enabled is PASSED]]></system-out>
         <system-err><![CDATA[]]></system-err>
      </testcase>
      <testcase name="Test Cases/iOS/Registration/REG_04" classname="Test Cases/iOS/Registration/REG_04" status="PASSED">
         <system-out><![CDATA[2018-11-16 19:30:58 - [TEST_CASE][PASSED] - Test Cases/iOS/Registration/REG_04: Test Cases/iOS/Registration/REG_04

2018-11-16 19:30:58 - [TEST_STEP][PASSED] - iOS.registration_screen.enterMobileNumber: iOS.registration_screen.enterMobileNumber is PASSED

2018-11-16 19:31:02 - [MESSAGE][PASSED] - Text '!@#aBc:<?' has been set to element 'Object Repository/iOS/Registration screen/Mobile Number field'

2018-11-16 19:31:06 - [MESSAGE][PASSED] - Tapped on element 'Object Repository/iOS/Global/Toolbar Done Button'

2018-11-16 19:31:06 - [MESSAGE][PASSED] - iOS.registration_screen.enterMobileNumber is PASSED

2018-11-16 19:31:06 - [TEST_STEP][PASSED] - global.verify_element.text: global.verify_element.text is PASSED

2018-11-16 19:31:08 - [MESSAGE][PASSED] - Actual text and expected text of test object 'Object Repository/iOS/Registration screen/Mobile Number field' are matched.

2018-11-16 19:31:08 - [MESSAGE][PASSED] - global.verify_element.text is PASSED]]></system-out>
         <system-err><![CDATA[]]></system-err>
      </testcase>
      <testcase name="Test Cases/iOS/Registration/REG_05" classname="Test Cases/iOS/Registration/REG_05" status="PASSED">
         <system-out><![CDATA[2018-11-16 19:31:08 - [TEST_CASE][PASSED] - Test Cases/iOS/Registration/REG_05: Test Cases/iOS/Registration/REG_05

2018-11-16 19:31:08 - [TEST_STEP][PASSED] - iOS.registration_screen.enterMobileNumber: iOS.registration_screen.enterMobileNumber is PASSED

2018-11-16 19:31:11 - [MESSAGE][PASSED] - Text '927181913' has been set to element 'Object Repository/iOS/Registration screen/Mobile Number field'

2018-11-16 19:31:15 - [MESSAGE][PASSED] - Tapped on element 'Object Repository/iOS/Global/Toolbar Done Button'

2018-11-16 19:31:15 - [MESSAGE][PASSED] - iOS.registration_screen.enterMobileNumber is PASSED

2018-11-16 19:31:15 - [TEST_STEP][PASSED] - Statement - Mobile_Number_Error = com.kms.katalon.core.testobject.ObjectRepository.findTestObject(iOS/Registration screen/Generic text, [label:Mobile number should be at least 10-digit long.]): Finding Test Object with id 'Object Repository/iOS/Registration screen/Generic text'

2018-11-16 19:31:15 - [TEST_STEP][PASSED] - global.verify_element.exist: global.verify_element.exist is PASSED

2018-11-16 19:31:17 - [MESSAGE][PASSED] - Element 'Object Repository/iOS/Registration screen/Generic text' is exist

2018-11-16 19:31:17 - [MESSAGE][PASSED] - global.verify_element.exist is PASSED]]></system-out>
         <system-err><![CDATA[]]></system-err>
      </testcase>
      <testcase name="Test Cases/iOS/Registration/REG_06" classname="Test Cases/iOS/Registration/REG_06" status="PASSED">
         <system-out><![CDATA[2018-11-16 19:31:17 - [TEST_CASE][PASSED] - Test Cases/iOS/Registration/REG_06: Test Cases/iOS/Registration/REG_06

2018-11-16 19:31:17 - [TEST_STEP][PASSED] - iOS.registration_screen.enterMobileNumber: iOS.registration_screen.enterMobileNumber is PASSED

2018-11-16 19:31:22 - [MESSAGE][PASSED] - Text '0000000000' has been set to element 'Object Repository/iOS/Registration screen/Mobile Number field'

2018-11-16 19:31:25 - [MESSAGE][PASSED] - Tapped on element 'Object Repository/iOS/Global/Toolbar Done Button'

2018-11-16 19:31:25 - [MESSAGE][PASSED] - iOS.registration_screen.enterMobileNumber is PASSED

2018-11-16 19:31:25 - [TEST_STEP][PASSED] - iOS.registration_screen.tapNext: iOS.registration_screen.tapNext is PASSED

2018-11-16 19:31:27 - [MESSAGE][PASSED] - Tapped on element 'Object Repository/iOS/Registration screen/Next button'

2018-11-16 19:31:35 - [MESSAGE][PASSED] - Element 'Object Repository/iOS/Global/Loader' has attribute 'visible' is 'false'

2018-11-16 19:31:35 - [MESSAGE][PASSED] - iOS.registration_screen.tapNext is PASSED

2018-11-16 19:31:35 - [TEST_STEP][PASSED] - Statement - SMS_Sending_Error = com.kms.katalon.core.testobject.ObjectRepository.findTestObject(iOS/Registration screen/Generic text, [label:SMS sending error]): Finding Test Object with id 'Object Repository/iOS/Registration screen/Generic text'

2018-11-16 19:31:35 - [TEST_STEP][PASSED] - iOS.registration_screen.tapOK: iOS.registration_screen.tapOK is PASSED

2018-11-16 19:31:38 - [MESSAGE][PASSED] - Tapped on element 'Object Repository/iOS/Registration screen/OK button'

2018-11-16 19:31:38 - [MESSAGE][PASSED] - iOS.registration_screen.tapOK is PASSED]]></system-out>
         <system-err><![CDATA[]]></system-err>
      </testcase>
      <testcase name="Test Cases/iOS/Registration/REG_07" classname="Test Cases/iOS/Registration/REG_07" status="PASSED">
         <system-out><![CDATA[2018-11-16 19:31:38 - [TEST_CASE][PASSED] - Test Cases/iOS/Registration/REG_07: Test Cases/iOS/Registration/REG_07

2018-11-16 19:31:38 - [TEST_STEP][PASSED] - iOS.registration_screen.enterMobileNumber: iOS.registration_screen.enterMobileNumber is PASSED

2018-11-16 19:31:43 - [MESSAGE][PASSED] - Text '9271819134' has been set to element 'Object Repository/iOS/Registration screen/Mobile Number field'

2018-11-16 19:31:46 - [MESSAGE][PASSED] - Tapped on element 'Object Repository/iOS/Global/Toolbar Done Button'

2018-11-16 19:31:46 - [MESSAGE][PASSED] - iOS.registration_screen.enterMobileNumber is PASSED

2018-11-16 19:31:46 - [TEST_STEP][PASSED] - iOS.registration_screen.tapNext: iOS.registration_screen.tapNext is PASSED

2018-11-16 19:31:48 - [MESSAGE][PASSED] - Tapped on element 'Object Repository/iOS/Registration screen/Next button'

2018-11-16 19:31:53 - [MESSAGE][FAILED] - Object Object Repository/iOS/Global/Loader not found
[[ATTACHMENT|/Users/buenaanda/Documents/mobile-automation-katalon/Reports/iOS/PERA Hub Test Suite/20181116_192825/1542367913728.png]]

2018-11-16 19:31:53 - [MESSAGE][FAILED] - Failed to get attribute 'Object Repository/iOS/Global/Loader' on element 'visible' (Root cause: Object Object Repository/iOS/Global/Loader not found)
[[ATTACHMENT|/Users/buenaanda/Documents/mobile-automation-katalon/Reports/iOS/PERA Hub Test Suite/20181116_192825/1542367913840.png]]

2018-11-16 19:31:53 - [MESSAGE][PASSED] - iOS.registration_screen.tapNext is PASSED

2018-11-16 19:31:53 - [TEST_STEP][PASSED] - global.verify_element.exist: global.verify_element.exist is PASSED

2018-11-16 19:31:56 - [MESSAGE][PASSED] - Element 'Object Repository/iOS/OTP Verification screen/OTP Verification screen' is exist

2018-11-16 19:31:56 - [MESSAGE][PASSED] - global.verify_element.exist is PASSED]]></system-out>
         <system-err><![CDATA[]]></system-err>
      </testcase>
      <testcase name="Test Cases/iOS/Registration/REG_09" classname="Test Cases/iOS/Registration/REG_09" status="FAILED">
         <failure type="FAILED" message="(Stack trace: com.kms.katalon.core.exception.StepFailedException: Element 'Object Repository/iOS/OTP Verification screen/Error otp code' not found
	at com.kms.katalon.core.keyword.internal.KeywordMain.stepFailed(KeywordMain.groovy:32)
	at com.kms.katalon.core.mobile.keyword.internal.MobileKeywordMain.stepFailed(MobileKeywordMain.groovy:40)
	at com.kms.katalon.core.mobile.keyword.builtin.VerifyElementExistKeyword$_verifyElementExist_closure1.doCall(VerifyElementExistKeyword.groovy:77)
	at com.kms.katalon.core.mobile.keyword.builtin.VerifyElementExistKeyword$_verifyElementExist_closure1.call(VerifyElementExistKeyword.groovy)
	at com.kms.katalon.core.mobile.keyword.internal.MobileKeywordMain.runKeyword(MobileKeywordMain.groovy:21)
	at com.kms.katalon.core.mobile.keyword.builtin.VerifyElementExistKeyword.verifyElementExist(VerifyElementExistKeyword.groovy:80)
	at com.kms.katalon.core.mobile.keyword.builtin.VerifyElementExistKeyword.execute(VerifyElementExistKeyword.groovy:64)
	at com.kms.katalon.core.keyword.internal.KeywordExecutor.executeKeywordForPlatform(KeywordExecutor.groovy:53)
	at com.kms.katalon.core.mobile.keyword.MobileBuiltInKeywords.verifyElementExist(MobileBuiltInKeywords.groovy:605)
	at com.kms.katalon.core.mobile.keyword.MobileBuiltInKeywords$verifyElementExist$1.call(Unknown Source)
	at global.verify_element.exist(verify_element.groovy:38)
	at sun.reflect.NativeMethodAccessorImpl.invoke0(Native Method)
	at sun.reflect.NativeMethodAccessorImpl.invoke(NativeMethodAccessorImpl.java:62)
	at sun.reflect.DelegatingMethodAccessorImpl.invoke(DelegatingMethodAccessorImpl.java:43)
	at java.lang.reflect.Method.invoke(Method.java:498)
	at org.codehaus.groovy.reflection.CachedMethod.invoke(CachedMethod.java:93)
	at groovy.lang.MetaMethod.doMethodInvoke(MetaMethod.java:325)
	at groovy.lang.MetaClassImpl.invokeMethod(MetaClassImpl.java:1215)
	at groovy.lang.MetaClassImpl.invokeMethod(MetaClassImpl.java:1024)
	at groovy.lang.MetaClassImpl.invokeMethod(MetaClassImpl.java:812)
	at groovy.lang.DelegatingMetaClass.invokeMethod(DelegatingMetaClass.java:144)
	at global.verify_element.invokeMethod(verify_element.groovy)
	at com.kms.katalon.core.main.CustomKeywordDelegatingMetaClass.invokeStaticMethod(CustomKeywordDelegatingMetaClass.java:46)
	at org.codehaus.groovy.runtime.callsite.StaticMetaClassSite.call(StaticMetaClassSite.java:53)
	at org.codehaus.groovy.runtime.callsite.CallSiteArray.defaultCall(CallSiteArray.java:48)
	at org.codehaus.groovy.runtime.callsite.AbstractCallSite.call(AbstractCallSite.java:113)
	at org.codehaus.groovy.runtime.callsite.AbstractCallSite.call(AbstractCallSite.java:125)
	at Script1542273654338.run(Script1542273654338.groovy:4)
	at com.kms.katalon.core.main.ScriptEngine.run(ScriptEngine.java:183)
	at com.kms.katalon.core.main.ScriptEngine.runScriptAsRawText(ScriptEngine.java:108)
	at com.kms.katalon.core.main.TestCaseExecutor.runScript(TestCaseExecutor.java:294)
	at com.kms.katalon.core.main.TestCaseExecutor.doExecute(TestCaseExecutor.java:285)
	at com.kms.katalon.core.main.TestCaseExecutor.processExecutionPhase(TestCaseExecutor.java:264)
	at com.kms.katalon.core.main.TestCaseExecutor.accessMainPhase(TestCaseExecutor.java:256)
	at com.kms.katalon.core.main.TestCaseExecutor.execute(TestCaseExecutor.java:200)
	at com.kms.katalon.core.main.TestSuiteExecutor.accessTestCaseMainPhase(TestSuiteExecutor.java:129)
	at com.kms.katalon.core.main.TestSuiteExecutor.accessTestSuiteMainPhase(TestSuiteExecutor.java:112)
	at com.kms.katalon.core.main.TestSuiteExecutor.execute(TestSuiteExecutor.java:81)
	at com.kms.katalon.core.main.TestCaseMain.startTestSuite(TestCaseMain.java:142)
	at com.kms.katalon.core.main.TestCaseMain$startTestSuite$0.call(Unknown Source)
	at org.codehaus.groovy.runtime.callsite.CallSiteArray.defaultCall(CallSiteArray.java:48)
	at org.codehaus.groovy.runtime.callsite.AbstractCallSite.call(AbstractCallSite.java:113)
	at org.codehaus.groovy.runtime.callsite.AbstractCallSite.call(AbstractCallSite.java:141)
	at TempTestSuite1542367705665.run(TempTestSuite1542367705665.groovy:36)
	at groovy.lang.GroovyShell.runScriptOrMainOrTestOrRunnable(GroovyShell.java:263)
	at groovy.lang.GroovyShell.run(GroovyShell.java:518)
	at groovy.lang.GroovyShell.run(GroovyShell.java:507)
	at groovy.ui.GroovyMain.processOnce(GroovyMain.java:653)
	at groovy.ui.GroovyMain.run(GroovyMain.java:384)
	at groovy.ui.GroovyMain.process(GroovyMain.java:370)
	at groovy.ui.GroovyMain.processArgs(GroovyMain.java:129)
	at groovy.ui.GroovyMain.main(GroovyMain.java:109)
	at sun.reflect.NativeMethodAccessorImpl.invoke0(Native Method)
	at sun.reflect.NativeMethodAccessorImpl.invoke(NativeMethodAccessorImpl.java:62)
	at sun.reflect.DelegatingMethodAccessorImpl.invoke(DelegatingMethodAccessorImpl.java:43)
	at java.lang.reflect.Method.invoke(Method.java:498)
	at org.codehaus.groovy.tools.GroovyStarter.rootLoader(GroovyStarter.java:109)
	at org.codehaus.groovy.tools.GroovyStarter.main(GroovyStarter.java:131)
)"/>
         <system-out><![CDATA[2018-11-16 19:31:56 - [TEST_CASE][FAILED] - Test Cases/iOS/Registration/REG_09: Test Cases/iOS/Registration/REG_09 FAILED because (of) (Stack trace: com.kms.katalon.core.exception.StepFailedException: Element 'Object Repository/iOS/OTP Verification screen/Error otp code' not found
	at com.kms.katalon.core.keyword.internal.KeywordMain.stepFailed(KeywordMain.groovy:32)
	at com.kms.katalon.core.mobile.keyword.internal.MobileKeywordMain.stepFailed(MobileKeywordMain.groovy:40)
	at com.kms.katalon.core.mobile.keyword.builtin.VerifyElementExistKeyword$_verifyElementExist_closure1.doCall(VerifyElementExistKeyword.groovy:77)
	at com.kms.katalon.core.mobile.keyword.builtin.VerifyElementExistKeyword$_verifyElementExist_closure1.call(VerifyElementExistKeyword.groovy)
	at com.kms.katalon.core.mobile.keyword.internal.MobileKeywordMain.runKeyword(MobileKeywordMain.groovy:21)
	at com.kms.katalon.core.mobile.keyword.builtin.VerifyElementExistKeyword.verifyElementExist(VerifyElementExistKeyword.groovy:80)
	at com.kms.katalon.core.mobile.keyword.builtin.VerifyElementExistKeyword.execute(VerifyElementExistKeyword.groovy:64)
	at com.kms.katalon.core.keyword.internal.KeywordExecutor.executeKeywordForPlatform(KeywordExecutor.groovy:53)
	at com.kms.katalon.core.mobile.keyword.MobileBuiltInKeywords.verifyElementExist(MobileBuiltInKeywords.groovy:605)
	at com.kms.katalon.core.mobile.keyword.MobileBuiltInKeywords$verifyElementExist$1.call(Unknown Source)
	at global.verify_element.exist(verify_element.groovy:38)
	at sun.reflect.NativeMethodAccessorImpl.invoke0(Native Method)
	at sun.reflect.NativeMethodAccessorImpl.invoke(NativeMethodAccessorImpl.java:62)
	at sun.reflect.DelegatingMethodAccessorImpl.invoke(DelegatingMethodAccessorImpl.java:43)
	at java.lang.reflect.Method.invoke(Method.java:498)
	at org.codehaus.groovy.reflection.CachedMethod.invoke(CachedMethod.java:93)
	at groovy.lang.MetaMethod.doMethodInvoke(MetaMethod.java:325)
	at groovy.lang.MetaClassImpl.invokeMethod(MetaClassImpl.java:1215)
	at groovy.lang.MetaClassImpl.invokeMethod(MetaClassImpl.java:1024)
	at groovy.lang.MetaClassImpl.invokeMethod(MetaClassImpl.java:812)
	at groovy.lang.DelegatingMetaClass.invokeMethod(DelegatingMetaClass.java:144)
	at global.verify_element.invokeMethod(verify_element.groovy)
	at com.kms.katalon.core.main.CustomKeywordDelegatingMetaClass.invokeStaticMethod(CustomKeywordDelegatingMetaClass.java:46)
	at org.codehaus.groovy.runtime.callsite.StaticMetaClassSite.call(StaticMetaClassSite.java:53)
	at org.codehaus.groovy.runtime.callsite.CallSiteArray.defaultCall(CallSiteArray.java:48)
	at org.codehaus.groovy.runtime.callsite.AbstractCallSite.call(AbstractCallSite.java:113)
	at org.codehaus.groovy.runtime.callsite.AbstractCallSite.call(AbstractCallSite.java:125)
	at Script1542273654338.run(Script1542273654338.groovy:4)
	at com.kms.katalon.core.main.ScriptEngine.run(ScriptEngine.java:183)
	at com.kms.katalon.core.main.ScriptEngine.runScriptAsRawText(ScriptEngine.java:108)
	at com.kms.katalon.core.main.TestCaseExecutor.runScript(TestCaseExecutor.java:294)
	at com.kms.katalon.core.main.TestCaseExecutor.doExecute(TestCaseExecutor.java:285)
	at com.kms.katalon.core.main.TestCaseExecutor.processExecutionPhase(TestCaseExecutor.java:264)
	at com.kms.katalon.core.main.TestCaseExecutor.accessMainPhase(TestCaseExecutor.java:256)
	at com.kms.katalon.core.main.TestCaseExecutor.execute(TestCaseExecutor.java:200)
	at com.kms.katalon.core.main.TestSuiteExecutor.accessTestCaseMainPhase(TestSuiteExecutor.java:129)
	at com.kms.katalon.core.main.TestSuiteExecutor.accessTestSuiteMainPhase(TestSuiteExecutor.java:112)
	at com.kms.katalon.core.main.TestSuiteExecutor.execute(TestSuiteExecutor.java:81)
	at com.kms.katalon.core.main.TestCaseMain.startTestSuite(TestCaseMain.java:142)
	at com.kms.katalon.core.main.TestCaseMain$startTestSuite$0.call(Unknown Source)
	at org.codehaus.groovy.runtime.callsite.CallSiteArray.defaultCall(CallSiteArray.java:48)
	at org.codehaus.groovy.runtime.callsite.AbstractCallSite.call(AbstractCallSite.java:113)
	at org.codehaus.groovy.runtime.callsite.AbstractCallSite.call(AbstractCallSite.java:141)
	at TempTestSuite1542367705665.run(TempTestSuite1542367705665.groovy:36)
	at groovy.lang.GroovyShell.runScriptOrMainOrTestOrRunnable(GroovyShell.java:263)
	at groovy.lang.GroovyShell.run(GroovyShell.java:518)
	at groovy.lang.GroovyShell.run(GroovyShell.java:507)
	at groovy.ui.GroovyMain.processOnce(GroovyMain.java:653)
	at groovy.ui.GroovyMain.run(GroovyMain.java:384)
	at groovy.ui.GroovyMain.process(GroovyMain.java:370)
	at groovy.ui.GroovyMain.processArgs(GroovyMain.java:129)
	at groovy.ui.GroovyMain.main(GroovyMain.java:109)
	at sun.reflect.NativeMethodAccessorImpl.invoke0(Native Method)
	at sun.reflect.NativeMethodAccessorImpl.invoke(NativeMethodAccessorImpl.java:62)
	at sun.reflect.DelegatingMethodAccessorImpl.invoke(DelegatingMethodAccessorImpl.java:43)
	at java.lang.reflect.Method.invoke(Method.java:498)
	at org.codehaus.groovy.tools.GroovyStarter.rootLoader(GroovyStarter.java:109)
	at org.codehaus.groovy.tools.GroovyStarter.main(GroovyStarter.java:131)
)

2018-11-16 19:31:56 - [TEST_STEP][PASSED] - iOS.otp_verification_screen.enterOTP: iOS.otp_verification_screen.enterOTP is PASSED

2018-11-16 19:31:58 - [MESSAGE][PASSED] - Element 'Object Repository/iOS/OTP Verification screen/OTP Verification screen' is present

2018-11-16 19:31:58 - [MESSAGE][PASSED] - iOS.otp_verification_screen.enterOTP is PASSED

2018-11-16 19:31:58 - [TEST_STEP][FAILED] - global.verify_element.exist: Element 'Object Repository/iOS/OTP Verification screen/Error otp code' not found

2018-11-16 19:32:04 - [MESSAGE][FAILED] - Element 'Object Repository/iOS/OTP Verification screen/Error otp code' not found
[[ATTACHMENT|/Users/buenaanda/Documents/mobile-automation-katalon/Reports/iOS/PERA Hub Test Suite/20181116_192825/1542367924402.png]]

2018-11-16 19:32:04 - [MESSAGE][FAILED] - Element 'Object Repository/iOS/OTP Verification screen/Error otp code' not found

2018-11-16 19:32:04 - [TEST_STEP][PASSED] - iOS.registration_screen.tapOK: iOS.registration_screen.tapOK is PASSED

2018-11-16 19:32:07 - [MESSAGE][PASSED] - Tapped on element 'Object Repository/iOS/Registration screen/OK button'

2018-11-16 19:32:07 - [MESSAGE][PASSED] - iOS.registration_screen.tapOK is PASSED]]></system-out>
         <system-err><![CDATA[2018-11-16 19:31:56 - [TEST_CASE][FAILED] - Test Cases/iOS/Registration/REG_09: Test Cases/iOS/Registration/REG_09 FAILED because (of) (Stack trace: com.kms.katalon.core.exception.StepFailedException: Element 'Object Repository/iOS/OTP Verification screen/Error otp code' not found
	at com.kms.katalon.core.keyword.internal.KeywordMain.stepFailed(KeywordMain.groovy:32)
	at com.kms.katalon.core.mobile.keyword.internal.MobileKeywordMain.stepFailed(MobileKeywordMain.groovy:40)
	at com.kms.katalon.core.mobile.keyword.builtin.VerifyElementExistKeyword$_verifyElementExist_closure1.doCall(VerifyElementExistKeyword.groovy:77)
	at com.kms.katalon.core.mobile.keyword.builtin.VerifyElementExistKeyword$_verifyElementExist_closure1.call(VerifyElementExistKeyword.groovy)
	at com.kms.katalon.core.mobile.keyword.internal.MobileKeywordMain.runKeyword(MobileKeywordMain.groovy:21)
	at com.kms.katalon.core.mobile.keyword.builtin.VerifyElementExistKeyword.verifyElementExist(VerifyElementExistKeyword.groovy:80)
	at com.kms.katalon.core.mobile.keyword.builtin.VerifyElementExistKeyword.execute(VerifyElementExistKeyword.groovy:64)
	at com.kms.katalon.core.keyword.internal.KeywordExecutor.executeKeywordForPlatform(KeywordExecutor.groovy:53)
	at com.kms.katalon.core.mobile.keyword.MobileBuiltInKeywords.verifyElementExist(MobileBuiltInKeywords.groovy:605)
	at com.kms.katalon.core.mobile.keyword.MobileBuiltInKeywords$verifyElementExist$1.call(Unknown Source)
	at global.verify_element.exist(verify_element.groovy:38)
	at sun.reflect.NativeMethodAccessorImpl.invoke0(Native Method)
	at sun.reflect.NativeMethodAccessorImpl.invoke(NativeMethodAccessorImpl.java:62)
	at sun.reflect.DelegatingMethodAccessorImpl.invoke(DelegatingMethodAccessorImpl.java:43)
	at java.lang.reflect.Method.invoke(Method.java:498)
	at org.codehaus.groovy.reflection.CachedMethod.invoke(CachedMethod.java:93)
	at groovy.lang.MetaMethod.doMethodInvoke(MetaMethod.java:325)
	at groovy.lang.MetaClassImpl.invokeMethod(MetaClassImpl.java:1215)
	at groovy.lang.MetaClassImpl.invokeMethod(MetaClassImpl.java:1024)
	at groovy.lang.MetaClassImpl.invokeMethod(MetaClassImpl.java:812)
	at groovy.lang.DelegatingMetaClass.invokeMethod(DelegatingMetaClass.java:144)
	at global.verify_element.invokeMethod(verify_element.groovy)
	at com.kms.katalon.core.main.CustomKeywordDelegatingMetaClass.invokeStaticMethod(CustomKeywordDelegatingMetaClass.java:46)
	at org.codehaus.groovy.runtime.callsite.StaticMetaClassSite.call(StaticMetaClassSite.java:53)
	at org.codehaus.groovy.runtime.callsite.CallSiteArray.defaultCall(CallSiteArray.java:48)
	at org.codehaus.groovy.runtime.callsite.AbstractCallSite.call(AbstractCallSite.java:113)
	at org.codehaus.groovy.runtime.callsite.AbstractCallSite.call(AbstractCallSite.java:125)
	at Script1542273654338.run(Script1542273654338.groovy:4)
	at com.kms.katalon.core.main.ScriptEngine.run(ScriptEngine.java:183)
	at com.kms.katalon.core.main.ScriptEngine.runScriptAsRawText(ScriptEngine.java:108)
	at com.kms.katalon.core.main.TestCaseExecutor.runScript(TestCaseExecutor.java:294)
	at com.kms.katalon.core.main.TestCaseExecutor.doExecute(TestCaseExecutor.java:285)
	at com.kms.katalon.core.main.TestCaseExecutor.processExecutionPhase(TestCaseExecutor.java:264)
	at com.kms.katalon.core.main.TestCaseExecutor.accessMainPhase(TestCaseExecutor.java:256)
	at com.kms.katalon.core.main.TestCaseExecutor.execute(TestCaseExecutor.java:200)
	at com.kms.katalon.core.main.TestSuiteExecutor.accessTestCaseMainPhase(TestSuiteExecutor.java:129)
	at com.kms.katalon.core.main.TestSuiteExecutor.accessTestSuiteMainPhase(TestSuiteExecutor.java:112)
	at com.kms.katalon.core.main.TestSuiteExecutor.execute(TestSuiteExecutor.java:81)
	at com.kms.katalon.core.main.TestCaseMain.startTestSuite(TestCaseMain.java:142)
	at com.kms.katalon.core.main.TestCaseMain$startTestSuite$0.call(Unknown Source)
	at org.codehaus.groovy.runtime.callsite.CallSiteArray.defaultCall(CallSiteArray.java:48)
	at org.codehaus.groovy.runtime.callsite.AbstractCallSite.call(AbstractCallSite.java:113)
	at org.codehaus.groovy.runtime.callsite.AbstractCallSite.call(AbstractCallSite.java:141)
	at TempTestSuite1542367705665.run(TempTestSuite1542367705665.groovy:36)
	at groovy.lang.GroovyShell.runScriptOrMainOrTestOrRunnable(GroovyShell.java:263)
	at groovy.lang.GroovyShell.run(GroovyShell.java:518)
	at groovy.lang.GroovyShell.run(GroovyShell.java:507)
	at groovy.ui.GroovyMain.processOnce(GroovyMain.java:653)
	at groovy.ui.GroovyMain.run(GroovyMain.java:384)
	at groovy.ui.GroovyMain.process(GroovyMain.java:370)
	at groovy.ui.GroovyMain.processArgs(GroovyMain.java:129)
	at groovy.ui.GroovyMain.main(GroovyMain.java:109)
	at sun.reflect.NativeMethodAccessorImpl.invoke0(Native Method)
	at sun.reflect.NativeMethodAccessorImpl.invoke(NativeMethodAccessorImpl.java:62)
	at sun.reflect.DelegatingMethodAccessorImpl.invoke(DelegatingMethodAccessorImpl.java:43)
	at java.lang.reflect.Method.invoke(Method.java:498)
	at org.codehaus.groovy.tools.GroovyStarter.rootLoader(GroovyStarter.java:109)
	at org.codehaus.groovy.tools.GroovyStarter.main(GroovyStarter.java:131)
)]]></system-err>
      </testcase>
      <testcase name="Test Cases/iOS/Login/LOG_01" classname="Test Cases/iOS/Login/LOG_01" status="PASSED">
         <system-out><![CDATA[2018-11-16 19:32:07 - [TEST_CASE][PASSED] - Test Cases/iOS/Login/LOG_01: Test Cases/iOS/Login/LOG_01

2018-11-16 19:32:07 - [TEST_STEP][PASSED] - startApplication: Started app at: '/Users/buenaanda/Documents/mobile-automation-katalon/Data Files/PeraHub_v3.2.0-QAT.app'

2018-11-16 19:32:52 - [MESSAGE][PASSED] - Started app at: '/Users/buenaanda/Documents/mobile-automation-katalon/Data Files/PeraHub_v3.2.0-QAT.app'

2018-11-16 19:32:52 - [TEST_STEP][PASSED] - iOS.initial_screen.tapLogin: iOS.initial_screen.tapLogin is PASSED

2018-11-16 19:32:55 - [MESSAGE][PASSED] - Tapped on element 'Object Repository/iOS/Initial screen/Login button'

2018-11-16 19:32:55 - [MESSAGE][PASSED] - iOS.initial_screen.tapLogin is PASSED

2018-11-16 19:32:55 - [TEST_STEP][PASSED] - global.verify_element.exist: global.verify_element.exist is PASSED

2018-11-16 19:32:57 - [MESSAGE][PASSED] - Element 'Object Repository/iOS/Login screen/Username field' is exist

2018-11-16 19:32:57 - [MESSAGE][PASSED] - global.verify_element.exist is PASSED

2018-11-16 19:32:57 - [TEST_STEP][PASSED] - global.verify_element.exist: global.verify_element.exist is PASSED

2018-11-16 19:32:59 - [MESSAGE][PASSED] - Element 'Object Repository/iOS/Login screen/Password field' is exist

2018-11-16 19:32:59 - [MESSAGE][PASSED] - global.verify_element.exist is PASSED

2018-11-16 19:32:59 - [TEST_STEP][PASSED] - global.verify_element.exist: global.verify_element.exist is PASSED

2018-11-16 19:33:01 - [MESSAGE][PASSED] - Element 'Object Repository/iOS/Login screen/Login button' is exist

2018-11-16 19:33:01 - [MESSAGE][PASSED] - global.verify_element.exist is PASSED

2018-11-16 19:33:01 - [TEST_STEP][PASSED] - global.verify_element.exist: global.verify_element.exist is PASSED

2018-11-16 19:33:04 - [MESSAGE][PASSED] - Element 'Object Repository/iOS/Login screen/Register now button' is exist

2018-11-16 19:33:04 - [MESSAGE][PASSED] - global.verify_element.exist is PASSED]]></system-out>
         <system-err><![CDATA[]]></system-err>
      </testcase>
      <testcase name="Test Cases/iOS/Login/LOG_02" classname="Test Cases/iOS/Login/LOG_02" status="PASSED">
         <system-out><![CDATA[2018-11-16 19:33:04 - [TEST_CASE][PASSED] - Test Cases/iOS/Login/LOG_02: Test Cases/iOS/Login/LOG_02

2018-11-16 19:33:04 - [TEST_STEP][PASSED] - iOS.login_screen.enterUsername: iOS.login_screen.enterUsername is PASSED

2018-11-16 19:33:08 - [MESSAGE][PASSED] - Text 'allen_15' has been set to element 'Object Repository/iOS/Login screen/Username field'

2018-11-16 19:33:08 - [MESSAGE][PASSED] - iOS.login_screen.enterUsername is PASSED

2018-11-16 19:33:08 - [TEST_STEP][PASSED] - global.verify_element.text: global.verify_element.text is PASSED

2018-11-16 19:33:11 - [MESSAGE][PASSED] - Actual text and expected text of test object 'Object Repository/iOS/Login screen/Username field' are matched.

2018-11-16 19:33:11 - [MESSAGE][PASSED] - global.verify_element.text is PASSED

2018-11-16 19:33:11 - [TEST_STEP][PASSED] - global.verify_element.disabled: global.verify_element.disabled is PASSED

2018-11-16 19:33:14 - [MESSAGE][PASSED] - Element 'Object Repository/iOS/Login screen/Login button' has attribute 'enabled' is 'false'

2018-11-16 19:33:14 - [MESSAGE][PASSED] - Actual object 'false' and expected object 'false' are equal

2018-11-16 19:33:14 - [MESSAGE][PASSED] - global.verify_element.disabled is PASSED]]></system-out>
         <system-err><![CDATA[]]></system-err>
      </testcase>
      <testcase name="Test Cases/iOS/Login/LOG_03" classname="Test Cases/iOS/Login/LOG_03" status="PASSED">
         <system-out><![CDATA[2018-11-16 19:33:14 - [TEST_CASE][PASSED] - Test Cases/iOS/Login/LOG_03: Test Cases/iOS/Login/LOG_03

2018-11-16 19:33:14 - [TEST_STEP][PASSED] - iOS.login_screen.enterPassword: iOS.login_screen.enterPassword is PASSED

2018-11-16 19:33:18 - [MESSAGE][PASSED] - Text 'Hello!23' has been set to element 'Object Repository/iOS/Login screen/Password field'

2018-11-16 19:33:20 - [MESSAGE][PASSED] - Keyboard is hidden

2018-11-16 19:33:20 - [MESSAGE][PASSED] - iOS.login_screen.enterPassword is PASSED

2018-11-16 19:33:20 - [TEST_STEP][PASSED] - global.verify_element.text: global.verify_element.text is PASSED

2018-11-16 19:33:22 - [MESSAGE][PASSED] - Actual text and expected text of test object 'Object Repository/iOS/Login screen/Password field' are matched.

2018-11-16 19:33:22 - [MESSAGE][PASSED] - global.verify_element.text is PASSED

2018-11-16 19:33:22 - [TEST_STEP][PASSED] - global.verify_element.enabled: global.verify_element.enabled is PASSED

2018-11-16 19:33:25 - [MESSAGE][PASSED] - Element 'Object Repository/iOS/Login screen/Login button' has attribute 'enabled' is 'true'

2018-11-16 19:33:25 - [MESSAGE][PASSED] - Actual object 'true' and expected object 'true' are equal

2018-11-16 19:33:25 - [MESSAGE][PASSED] - global.verify_element.enabled is PASSED]]></system-out>
         <system-err><![CDATA[]]></system-err>
      </testcase>
      <testcase name="Test Cases/iOS/Login/LOG_04" classname="Test Cases/iOS/Login/LOG_04" status="PASSED">
         <system-out><![CDATA[2018-11-16 19:33:25 - [TEST_CASE][PASSED] - Test Cases/iOS/Login/LOG_04: Test Cases/iOS/Login/LOG_04

2018-11-16 19:33:25 - [TEST_STEP][PASSED] - iOS.login_screen.tapLogin: iOS.login_screen.tapLogin is PASSED

2018-11-16 19:33:27 - [MESSAGE][PASSED] - Tapped on element 'Object Repository/iOS/Login screen/Login button'

2018-11-16 19:33:30 - [MESSAGE][PASSED] - Delayed 3 second(s)

2018-11-16 19:33:30 - [MESSAGE][PASSED] - iOS.login_screen.tapLogin is PASSED

2018-11-16 19:33:30 - [TEST_STEP][PASSED] - global.wait_for_element.visible: global.wait_for_element.visible is PASSED

2018-11-16 19:33:32 - [MESSAGE][PASSED] - Element 'Object Repository/iOS/OTP Verification screen/OTP Verification screen' is present

2018-11-16 19:33:32 - [MESSAGE][PASSED] - global.wait_for_element.visible is PASSED

2018-11-16 19:33:32 - [TEST_STEP][PASSED] - global.verify_element.exist: global.verify_element.exist is PASSED

2018-11-16 19:33:35 - [MESSAGE][PASSED] - Element 'Object Repository/iOS/OTP Verification screen/OTP Verification screen' is exist

2018-11-16 19:33:35 - [MESSAGE][PASSED] - global.verify_element.exist is PASSED

2018-11-16 19:33:35 - [TEST_STEP][PASSED] - global.verify_element.disabled: global.verify_element.disabled is PASSED

2018-11-16 19:33:37 - [MESSAGE][PASSED] - Element 'Object Repository/iOS/OTP Verification screen/Resend button' has attribute 'enabled' is 'false'

2018-11-16 19:33:37 - [MESSAGE][PASSED] - Actual object 'false' and expected object 'false' are equal

2018-11-16 19:33:37 - [MESSAGE][PASSED] - global.verify_element.disabled is PASSED

2018-11-16 19:33:37 - [TEST_STEP][PASSED] - global.verify_element.exist: global.verify_element.exist is PASSED

2018-11-16 19:33:40 - [MESSAGE][PASSED] - Element 'Object Repository/iOS/OTP Verification screen/Close button' is exist

2018-11-16 19:33:40 - [MESSAGE][PASSED] - global.verify_element.exist is PASSED

2018-11-16 19:33:40 - [TEST_STEP][PASSED] - delay: Delayed 50 second(s)

2018-11-16 19:34:30 - [MESSAGE][PASSED] - Delayed 50 second(s)

2018-11-16 19:34:30 - [TEST_STEP][PASSED] - global.verify_element.enabled: global.verify_element.enabled is PASSED

2018-11-16 19:34:32 - [MESSAGE][PASSED] - Element 'Object Repository/iOS/OTP Verification screen/Resend button' has attribute 'enabled' is 'true'

2018-11-16 19:34:32 - [MESSAGE][PASSED] - Actual object 'true' and expected object 'true' are equal

2018-11-16 19:34:32 - [MESSAGE][PASSED] - global.verify_element.enabled is PASSED]]></system-out>
         <system-err><![CDATA[]]></system-err>
      </testcase>
      <testcase name="Test Cases/iOS/Login/LOG_05" classname="Test Cases/iOS/Login/LOG_05" status="PASSED">
         <system-out><![CDATA[2018-11-16 19:34:32 - [TEST_CASE][PASSED] - Test Cases/iOS/Login/LOG_05: Test Cases/iOS/Login/LOG_05

2018-11-16 19:34:32 - [TEST_STEP][PASSED] - iOS.otp_verification_screen.enterOTP: iOS.otp_verification_screen.enterOTP is PASSED

2018-11-16 19:34:35 - [MESSAGE][PASSED] - Element 'Object Repository/iOS/OTP Verification screen/OTP Verification screen' is present

2018-11-16 19:34:35 - [MESSAGE][PASSED] - iOS.otp_verification_screen.enterOTP is PASSED

2018-11-16 19:34:35 - [TEST_STEP][PASSED] - global.verify_element.text: global.verify_element.text is PASSED

2018-11-16 19:34:44 - [MESSAGE][PASSED] - Actual text and expected text of test object 'Object Repository/iOS/My Account screen/Account Name' are matched.

2018-11-16 19:34:44 - [MESSAGE][PASSED] - global.verify_element.text is PASSED

2018-11-16 19:34:44 - [TEST_STEP][PASSED] - closeApplication: Close app successfully

2018-11-16 19:34:44 - [MESSAGE][PASSED] - Close app successfully]]></system-out>
         <system-err><![CDATA[]]></system-err>
      </testcase>
      <testcase name="Test Cases/iOS/Login/LOG_06" classname="Test Cases/iOS/Login/LOG_06" status="PASSED">
         <system-out><![CDATA[2018-11-16 19:34:44 - [TEST_CASE][PASSED] - Test Cases/iOS/Login/LOG_06: Test Cases/iOS/Login/LOG_06

2018-11-16 19:34:44 - [TEST_STEP][PASSED] - startApplication: Started app at: '/Users/buenaanda/Documents/mobile-automation-katalon/Data Files/PeraHub_v3.2.0-QAT.app'

2018-11-16 19:34:59 - [MESSAGE][PASSED] - Started app at: '/Users/buenaanda/Documents/mobile-automation-katalon/Data Files/PeraHub_v3.2.0-QAT.app'

2018-11-16 19:34:59 - [TEST_STEP][PASSED] - iOS.login_screen.tapLogout: iOS.login_screen.tapLogout is PASSED

2018-11-16 19:35:02 - [MESSAGE][PASSED] - Tapped on element 'Object Repository/iOS/Login screen/Logout button'

2018-11-16 19:35:02 - [MESSAGE][PASSED] - iOS.login_screen.tapLogout is PASSED

2018-11-16 19:35:02 - [TEST_STEP][PASSED] - iOS.initial_screen.tapLogin: iOS.initial_screen.tapLogin is PASSED

2018-11-16 19:35:07 - [MESSAGE][PASSED] - Tapped on element 'Object Repository/iOS/Initial screen/Login button'

2018-11-16 19:35:07 - [MESSAGE][PASSED] - iOS.initial_screen.tapLogin is PASSED

2018-11-16 19:35:07 - [TEST_STEP][PASSED] - iOS.login_screen.enterUsername: iOS.login_screen.enterUsername is PASSED

2018-11-16 19:35:11 - [MESSAGE][PASSED] - Text '1nvalid' has been set to element 'Object Repository/iOS/Login screen/Username field'

2018-11-16 19:35:11 - [MESSAGE][PASSED] - iOS.login_screen.enterUsername is PASSED

2018-11-16 19:35:11 - [TEST_STEP][PASSED] - iOS.login_screen.enterPassword: iOS.login_screen.enterPassword is PASSED

2018-11-16 19:35:16 - [MESSAGE][PASSED] - Text 'Hello!23' has been set to element 'Object Repository/iOS/Login screen/Password field'

2018-11-16 19:35:17 - [MESSAGE][PASSED] - Keyboard is hidden

2018-11-16 19:35:17 - [MESSAGE][PASSED] - iOS.login_screen.enterPassword is PASSED

2018-11-16 19:35:17 - [TEST_STEP][PASSED] - iOS.login_screen.tapLogin: iOS.login_screen.tapLogin is PASSED

2018-11-16 19:35:20 - [MESSAGE][PASSED] - Tapped on element 'Object Repository/iOS/Login screen/Login button'

2018-11-16 19:35:23 - [MESSAGE][PASSED] - Delayed 3 second(s)

2018-11-16 19:35:23 - [MESSAGE][PASSED] - iOS.login_screen.tapLogin is PASSED

2018-11-16 19:35:23 - [TEST_STEP][PASSED] - global.verify_element.text: global.verify_element.text is PASSED

2018-11-16 19:35:26 - [MESSAGE][PASSED] - Actual text and expected text of test object 'Object Repository/iOS/Login screen/Error username and password' are matched.

2018-11-16 19:35:26 - [MESSAGE][PASSED] - global.verify_element.text is PASSED

2018-11-16 19:35:26 - [TEST_STEP][PASSED] - iOS.login_screen.tapOK: iOS.login_screen.tapOK is PASSED

2018-11-16 19:35:29 - [MESSAGE][PASSED] - Tapped on element 'Object Repository/iOS/Login screen/OK button'

2018-11-16 19:35:29 - [MESSAGE][PASSED] - iOS.login_screen.tapOK is PASSED]]></system-out>
         <system-err><![CDATA[]]></system-err>
      </testcase>
      <testcase name="Test Cases/iOS/Login/LOG_07" classname="Test Cases/iOS/Login/LOG_07" status="PASSED">
         <system-out><![CDATA[2018-11-16 19:35:29 - [TEST_CASE][PASSED] - Test Cases/iOS/Login/LOG_07: Test Cases/iOS/Login/LOG_07

2018-11-16 19:35:29 - [TEST_STEP][PASSED] - iOS.login_screen.enterUsername: iOS.login_screen.enterUsername is PASSED

2018-11-16 19:35:34 - [MESSAGE][PASSED] - Text '' has been set to element 'Object Repository/iOS/Login screen/Username field'

2018-11-16 19:35:34 - [MESSAGE][PASSED] - iOS.login_screen.enterUsername is PASSED

2018-11-16 19:35:34 - [TEST_STEP][PASSED] - global.verify_element.disabled: global.verify_element.disabled is PASSED

2018-11-16 19:35:37 - [MESSAGE][PASSED] - Element 'Object Repository/iOS/Login screen/Login button' has attribute 'enabled' is 'false'

2018-11-16 19:35:37 - [MESSAGE][PASSED] - Actual object 'false' and expected object 'false' are equal

2018-11-16 19:35:37 - [MESSAGE][PASSED] - global.verify_element.disabled is PASSED]]></system-out>
         <system-err><![CDATA[]]></system-err>
      </testcase>
      <testcase name="Test Cases/iOS/Login/LOG_08" classname="Test Cases/iOS/Login/LOG_08" status="PASSED">
         <system-out><![CDATA[2018-11-16 19:35:37 - [TEST_CASE][PASSED] - Test Cases/iOS/Login/LOG_08: Test Cases/iOS/Login/LOG_08

2018-11-16 19:35:37 - [TEST_STEP][PASSED] - iOS.login_screen.enterUsername: iOS.login_screen.enterUsername is PASSED

2018-11-16 19:35:41 - [MESSAGE][PASSED] - Text 'allen_15' has been set to element 'Object Repository/iOS/Login screen/Username field'

2018-11-16 19:35:41 - [MESSAGE][PASSED] - iOS.login_screen.enterUsername is PASSED

2018-11-16 19:35:41 - [TEST_STEP][PASSED] - iOS.login_screen.enterPassword: iOS.login_screen.enterPassword is PASSED

2018-11-16 19:35:46 - [MESSAGE][PASSED] - Text '1ncorrect' has been set to element 'Object Repository/iOS/Login screen/Password field'

2018-11-16 19:35:47 - [MESSAGE][PASSED] - Keyboard is hidden

2018-11-16 19:35:47 - [MESSAGE][PASSED] - iOS.login_screen.enterPassword is PASSED

2018-11-16 19:35:47 - [TEST_STEP][PASSED] - iOS.login_screen.tapLogin: iOS.login_screen.tapLogin is PASSED

2018-11-16 19:35:50 - [MESSAGE][PASSED] - Tapped on element 'Object Repository/iOS/Login screen/Login button'

2018-11-16 19:35:53 - [MESSAGE][PASSED] - Delayed 3 second(s)

2018-11-16 19:35:53 - [MESSAGE][PASSED] - iOS.login_screen.tapLogin is PASSED

2018-11-16 19:35:53 - [TEST_STEP][PASSED] - global.verify_element.text: global.verify_element.text is PASSED

2018-11-16 19:35:57 - [MESSAGE][PASSED] - Actual text and expected text of test object 'Object Repository/iOS/Login screen/Error username and password' are matched.

2018-11-16 19:35:57 - [MESSAGE][PASSED] - global.verify_element.text is PASSED

2018-11-16 19:35:57 - [TEST_STEP][PASSED] - iOS.login_screen.tapOK: iOS.login_screen.tapOK is PASSED

2018-11-16 19:36:00 - [MESSAGE][PASSED] - Tapped on element 'Object Repository/iOS/Login screen/OK button'

2018-11-16 19:36:00 - [MESSAGE][PASSED] - iOS.login_screen.tapOK is PASSED]]></system-out>
         <system-err><![CDATA[]]></system-err>
      </testcase>
      <testcase name="Test Cases/iOS/Login/LOG_09" classname="Test Cases/iOS/Login/LOG_09" status="PASSED">
         <system-out><![CDATA[2018-11-16 19:36:00 - [TEST_CASE][PASSED] - Test Cases/iOS/Login/LOG_09: Test Cases/iOS/Login/LOG_09

2018-11-16 19:36:00 - [TEST_STEP][PASSED] - iOS.login_screen.enterPassword: iOS.login_screen.enterPassword is PASSED

2018-11-16 19:36:05 - [MESSAGE][PASSED] - Text '' has been set to element 'Object Repository/iOS/Login screen/Password field'

2018-11-16 19:36:06 - [MESSAGE][PASSED] - Keyboard is hidden

2018-11-16 19:36:06 - [MESSAGE][PASSED] - iOS.login_screen.enterPassword is PASSED

2018-11-16 19:36:06 - [TEST_STEP][PASSED] - global.verify_element.disabled: global.verify_element.disabled is PASSED

2018-11-16 19:36:09 - [MESSAGE][PASSED] - Element 'Object Repository/iOS/Login screen/Login button' has attribute 'enabled' is 'false'

2018-11-16 19:36:09 - [MESSAGE][PASSED] - Actual object 'false' and expected object 'false' are equal

2018-11-16 19:36:09 - [MESSAGE][PASSED] - global.verify_element.disabled is PASSED]]></system-out>
         <system-err><![CDATA[]]></system-err>
      </testcase>
      <testcase name="Test Cases/iOS/Login/LOG_10" classname="Test Cases/iOS/Login/LOG_10" status="FAILED">
         <failure type="FAILED" message="(Stack trace: com.kms.katalon.core.exception.StepFailedException: Element 'Object Repository/iOS/OTP Verification screen/Error otp code' not found
	at com.kms.katalon.core.keyword.internal.KeywordMain.stepFailed(KeywordMain.groovy:32)
	at com.kms.katalon.core.mobile.keyword.internal.MobileKeywordMain.stepFailed(MobileKeywordMain.groovy:40)
	at com.kms.katalon.core.mobile.keyword.builtin.VerifyElementTextKeyword$_verifyElementText_closure1.doCall(VerifyElementTextKeyword.groovy:49)
	at com.kms.katalon.core.mobile.keyword.builtin.VerifyElementTextKeyword$_verifyElementText_closure1.call(VerifyElementTextKeyword.groovy)
	at com.kms.katalon.core.mobile.keyword.internal.MobileKeywordMain.runKeyword(MobileKeywordMain.groovy:21)
	at com.kms.katalon.core.mobile.keyword.builtin.VerifyElementTextKeyword.verifyElementText(VerifyElementTextKeyword.groovy:62)
	at com.kms.katalon.core.mobile.keyword.builtin.VerifyElementTextKeyword.execute(VerifyElementTextKeyword.groovy:39)
	at com.kms.katalon.core.keyword.internal.KeywordExecutor.executeKeywordForPlatform(KeywordExecutor.groovy:53)
	at com.kms.katalon.core.mobile.keyword.MobileBuiltInKeywords.verifyElementText(MobileBuiltInKeywords.groovy:1751)
	at com.kms.katalon.core.mobile.keyword.MobileBuiltInKeywords$verifyElementText$4.call(Unknown Source)
	at global.verify_element.text(verify_element.groovy:28)
	at sun.reflect.NativeMethodAccessorImpl.invoke0(Native Method)
	at sun.reflect.NativeMethodAccessorImpl.invoke(NativeMethodAccessorImpl.java:62)
	at sun.reflect.DelegatingMethodAccessorImpl.invoke(DelegatingMethodAccessorImpl.java:43)
	at java.lang.reflect.Method.invoke(Method.java:498)
	at org.codehaus.groovy.reflection.CachedMethod.invoke(CachedMethod.java:93)
	at groovy.lang.MetaMethod.doMethodInvoke(MetaMethod.java:325)
	at groovy.lang.MetaClassImpl.invokeMethod(MetaClassImpl.java:1215)
	at groovy.lang.MetaClassImpl.invokeMethod(MetaClassImpl.java:1024)
	at groovy.lang.MetaClassImpl.invokeMethod(MetaClassImpl.java:812)
	at groovy.lang.DelegatingMetaClass.invokeMethod(DelegatingMetaClass.java:144)
	at global.verify_element.invokeMethod(verify_element.groovy)
	at com.kms.katalon.core.main.CustomKeywordDelegatingMetaClass.invokeStaticMethod(CustomKeywordDelegatingMetaClass.java:46)
	at org.codehaus.groovy.runtime.callsite.StaticMetaClassSite.call(StaticMetaClassSite.java:53)
	at org.codehaus.groovy.runtime.callsite.CallSiteArray.defaultCall(CallSiteArray.java:48)
	at org.codehaus.groovy.runtime.callsite.AbstractCallSite.call(AbstractCallSite.java:113)
	at org.codehaus.groovy.runtime.callsite.AbstractCallSite.call(AbstractCallSite.java:133)
	at Script1539834651692.run(Script1539834651692.groovy:17)
	at com.kms.katalon.core.main.ScriptEngine.run(ScriptEngine.java:183)
	at com.kms.katalon.core.main.ScriptEngine.runScriptAsRawText(ScriptEngine.java:108)
	at com.kms.katalon.core.main.TestCaseExecutor.runScript(TestCaseExecutor.java:294)
	at com.kms.katalon.core.main.TestCaseExecutor.doExecute(TestCaseExecutor.java:285)
	at com.kms.katalon.core.main.TestCaseExecutor.processExecutionPhase(TestCaseExecutor.java:264)
	at com.kms.katalon.core.main.TestCaseExecutor.accessMainPhase(TestCaseExecutor.java:256)
	at com.kms.katalon.core.main.TestCaseExecutor.execute(TestCaseExecutor.java:200)
	at com.kms.katalon.core.main.TestSuiteExecutor.accessTestCaseMainPhase(TestSuiteExecutor.java:129)
	at com.kms.katalon.core.main.TestSuiteExecutor.accessTestSuiteMainPhase(TestSuiteExecutor.java:112)
	at com.kms.katalon.core.main.TestSuiteExecutor.execute(TestSuiteExecutor.java:81)
	at com.kms.katalon.core.main.TestCaseMain.startTestSuite(TestCaseMain.java:142)
	at com.kms.katalon.core.main.TestCaseMain$startTestSuite$0.call(Unknown Source)
	at org.codehaus.groovy.runtime.callsite.CallSiteArray.defaultCall(CallSiteArray.java:48)
	at org.codehaus.groovy.runtime.callsite.AbstractCallSite.call(AbstractCallSite.java:113)
	at org.codehaus.groovy.runtime.callsite.AbstractCallSite.call(AbstractCallSite.java:141)
	at TempTestSuite1542367705665.run(TempTestSuite1542367705665.groovy:36)
	at groovy.lang.GroovyShell.runScriptOrMainOrTestOrRunnable(GroovyShell.java:263)
	at groovy.lang.GroovyShell.run(GroovyShell.java:518)
	at groovy.lang.GroovyShell.run(GroovyShell.java:507)
	at groovy.ui.GroovyMain.processOnce(GroovyMain.java:653)
	at groovy.ui.GroovyMain.run(GroovyMain.java:384)
	at groovy.ui.GroovyMain.process(GroovyMain.java:370)
	at groovy.ui.GroovyMain.processArgs(GroovyMain.java:129)
	at groovy.ui.GroovyMain.main(GroovyMain.java:109)
	at sun.reflect.NativeMethodAccessorImpl.invoke0(Native Method)
	at sun.reflect.NativeMethodAccessorImpl.invoke(NativeMethodAccessorImpl.java:62)
	at sun.reflect.DelegatingMethodAccessorImpl.invoke(DelegatingMethodAccessorImpl.java:43)
	at java.lang.reflect.Method.invoke(Method.java:498)
	at org.codehaus.groovy.tools.GroovyStarter.rootLoader(GroovyStarter.java:109)
	at org.codehaus.groovy.tools.GroovyStarter.main(GroovyStarter.java:131)
)"/>
         <system-out><![CDATA[2018-11-16 19:36:09 - [TEST_CASE][FAILED] - Test Cases/iOS/Login/LOG_10: Test Cases/iOS/Login/LOG_10 FAILED because (of) (Stack trace: com.kms.katalon.core.exception.StepFailedException: Element 'Object Repository/iOS/OTP Verification screen/Error otp code' not found
	at com.kms.katalon.core.keyword.internal.KeywordMain.stepFailed(KeywordMain.groovy:32)
	at com.kms.katalon.core.mobile.keyword.internal.MobileKeywordMain.stepFailed(MobileKeywordMain.groovy:40)
	at com.kms.katalon.core.mobile.keyword.builtin.VerifyElementTextKeyword$_verifyElementText_closure1.doCall(VerifyElementTextKeyword.groovy:49)
	at com.kms.katalon.core.mobile.keyword.builtin.VerifyElementTextKeyword$_verifyElementText_closure1.call(VerifyElementTextKeyword.groovy)
	at com.kms.katalon.core.mobile.keyword.internal.MobileKeywordMain.runKeyword(MobileKeywordMain.groovy:21)
	at com.kms.katalon.core.mobile.keyword.builtin.VerifyElementTextKeyword.verifyElementText(VerifyElementTextKeyword.groovy:62)
	at com.kms.katalon.core.mobile.keyword.builtin.VerifyElementTextKeyword.execute(VerifyElementTextKeyword.groovy:39)
	at com.kms.katalon.core.keyword.internal.KeywordExecutor.executeKeywordForPlatform(KeywordExecutor.groovy:53)
	at com.kms.katalon.core.mobile.keyword.MobileBuiltInKeywords.verifyElementText(MobileBuiltInKeywords.groovy:1751)
	at com.kms.katalon.core.mobile.keyword.MobileBuiltInKeywords$verifyElementText$4.call(Unknown Source)
	at global.verify_element.text(verify_element.groovy:28)
	at sun.reflect.NativeMethodAccessorImpl.invoke0(Native Method)
	at sun.reflect.NativeMethodAccessorImpl.invoke(NativeMethodAccessorImpl.java:62)
	at sun.reflect.DelegatingMethodAccessorImpl.invoke(DelegatingMethodAccessorImpl.java:43)
	at java.lang.reflect.Method.invoke(Method.java:498)
	at org.codehaus.groovy.reflection.CachedMethod.invoke(CachedMethod.java:93)
	at groovy.lang.MetaMethod.doMethodInvoke(MetaMethod.java:325)
	at groovy.lang.MetaClassImpl.invokeMethod(MetaClassImpl.java:1215)
	at groovy.lang.MetaClassImpl.invokeMethod(MetaClassImpl.java:1024)
	at groovy.lang.MetaClassImpl.invokeMethod(MetaClassImpl.java:812)
	at groovy.lang.DelegatingMetaClass.invokeMethod(DelegatingMetaClass.java:144)
	at global.verify_element.invokeMethod(verify_element.groovy)
	at com.kms.katalon.core.main.CustomKeywordDelegatingMetaClass.invokeStaticMethod(CustomKeywordDelegatingMetaClass.java:46)
	at org.codehaus.groovy.runtime.callsite.StaticMetaClassSite.call(StaticMetaClassSite.java:53)
	at org.codehaus.groovy.runtime.callsite.CallSiteArray.defaultCall(CallSiteArray.java:48)
	at org.codehaus.groovy.runtime.callsite.AbstractCallSite.call(AbstractCallSite.java:113)
	at org.codehaus.groovy.runtime.callsite.AbstractCallSite.call(AbstractCallSite.java:133)
	at Script1539834651692.run(Script1539834651692.groovy:17)
	at com.kms.katalon.core.main.ScriptEngine.run(ScriptEngine.java:183)
	at com.kms.katalon.core.main.ScriptEngine.runScriptAsRawText(ScriptEngine.java:108)
	at com.kms.katalon.core.main.TestCaseExecutor.runScript(TestCaseExecutor.java:294)
	at com.kms.katalon.core.main.TestCaseExecutor.doExecute(TestCaseExecutor.java:285)
	at com.kms.katalon.core.main.TestCaseExecutor.processExecutionPhase(TestCaseExecutor.java:264)
	at com.kms.katalon.core.main.TestCaseExecutor.accessMainPhase(TestCaseExecutor.java:256)
	at com.kms.katalon.core.main.TestCaseExecutor.execute(TestCaseExecutor.java:200)
	at com.kms.katalon.core.main.TestSuiteExecutor.accessTestCaseMainPhase(TestSuiteExecutor.java:129)
	at com.kms.katalon.core.main.TestSuiteExecutor.accessTestSuiteMainPhase(TestSuiteExecutor.java:112)
	at com.kms.katalon.core.main.TestSuiteExecutor.execute(TestSuiteExecutor.java:81)
	at com.kms.katalon.core.main.TestCaseMain.startTestSuite(TestCaseMain.java:142)
	at com.kms.katalon.core.main.TestCaseMain$startTestSuite$0.call(Unknown Source)
	at org.codehaus.groovy.runtime.callsite.CallSiteArray.defaultCall(CallSiteArray.java:48)
	at org.codehaus.groovy.runtime.callsite.AbstractCallSite.call(AbstractCallSite.java:113)
	at org.codehaus.groovy.runtime.callsite.AbstractCallSite.call(AbstractCallSite.java:141)
	at TempTestSuite1542367705665.run(TempTestSuite1542367705665.groovy:36)
	at groovy.lang.GroovyShell.runScriptOrMainOrTestOrRunnable(GroovyShell.java:263)
	at groovy.lang.GroovyShell.run(GroovyShell.java:518)
	at groovy.lang.GroovyShell.run(GroovyShell.java:507)
	at groovy.ui.GroovyMain.processOnce(GroovyMain.java:653)
	at groovy.ui.GroovyMain.run(GroovyMain.java:384)
	at groovy.ui.GroovyMain.process(GroovyMain.java:370)
	at groovy.ui.GroovyMain.processArgs(GroovyMain.java:129)
	at groovy.ui.GroovyMain.main(GroovyMain.java:109)
	at sun.reflect.NativeMethodAccessorImpl.invoke0(Native Method)
	at sun.reflect.NativeMethodAccessorImpl.invoke(NativeMethodAccessorImpl.java:62)
	at sun.reflect.DelegatingMethodAccessorImpl.invoke(DelegatingMethodAccessorImpl.java:43)
	at java.lang.reflect.Method.invoke(Method.java:498)
	at org.codehaus.groovy.tools.GroovyStarter.rootLoader(GroovyStarter.java:109)
	at org.codehaus.groovy.tools.GroovyStarter.main(GroovyStarter.java:131)
)

2018-11-16 19:36:09 - [TEST_STEP][PASSED] - iOS.login_screen.enterUsername: iOS.login_screen.enterUsername is PASSED

2018-11-16 19:36:13 - [MESSAGE][PASSED] - Text 'allen_15' has been set to element 'Object Repository/iOS/Login screen/Username field'

2018-11-16 19:36:13 - [MESSAGE][PASSED] - iOS.login_screen.enterUsername is PASSED

2018-11-16 19:36:13 - [TEST_STEP][PASSED] - iOS.login_screen.enterPassword: iOS.login_screen.enterPassword is PASSED

2018-11-16 19:36:18 - [MESSAGE][PASSED] - Text 'Hello!23' has been set to element 'Object Repository/iOS/Login screen/Password field'

2018-11-16 19:36:19 - [MESSAGE][PASSED] - Keyboard is hidden

2018-11-16 19:36:19 - [MESSAGE][PASSED] - iOS.login_screen.enterPassword is PASSED

2018-11-16 19:36:19 - [TEST_STEP][PASSED] - iOS.login_screen.tapLogin: iOS.login_screen.tapLogin is PASSED

2018-11-16 19:36:21 - [MESSAGE][PASSED] - Tapped on element 'Object Repository/iOS/Login screen/Login button'

2018-11-16 19:36:24 - [MESSAGE][PASSED] - Delayed 3 second(s)

2018-11-16 19:36:24 - [MESSAGE][PASSED] - iOS.login_screen.tapLogin is PASSED

2018-11-16 19:36:24 - [TEST_STEP][PASSED] - iOS.otp_verification_screen.enterOTP: iOS.otp_verification_screen.enterOTP is PASSED

2018-11-16 19:36:28 - [MESSAGE][PASSED] - Element 'Object Repository/iOS/OTP Verification screen/OTP Verification screen' is present

2018-11-16 19:36:28 - [MESSAGE][PASSED] - iOS.otp_verification_screen.enterOTP is PASSED

2018-11-16 19:36:28 - [TEST_STEP][FAILED] - global.verify_element.text: Element 'Object Repository/iOS/OTP Verification screen/Error otp code' not found

2018-11-16 19:36:44 - [MESSAGE][FAILED] - Element 'Object Repository/iOS/OTP Verification screen/Error otp code' not found
[[ATTACHMENT|/Users/buenaanda/Documents/mobile-automation-katalon/Reports/iOS/PERA Hub Test Suite/20181116_192825/1542368204069.png]]

2018-11-16 19:36:44 - [MESSAGE][FAILED] - Element 'Object Repository/iOS/OTP Verification screen/Error otp code' not found

2018-11-16 19:36:44 - [TEST_STEP][FAILED] - iOS.login_screen.tapOK: Failed to tap on element 'Object Repository/iOS/Login screen/OK button' (Root cause: Object Object Repository/iOS/Login screen/OK button not found)

2018-11-16 19:36:50 - [MESSAGE][FAILED] - Object Object Repository/iOS/Login screen/OK button not found
[[ATTACHMENT|/Users/buenaanda/Documents/mobile-automation-katalon/Reports/iOS/PERA Hub Test Suite/20181116_192825/1542368209901.png]]

2018-11-16 19:36:50 - [MESSAGE][FAILED] - Failed to tap on element 'Object Repository/iOS/Login screen/OK button' (Root cause: Object Object Repository/iOS/Login screen/OK button not found)
[[ATTACHMENT|/Users/buenaanda/Documents/mobile-automation-katalon/Reports/iOS/PERA Hub Test Suite/20181116_192825/1542368210040.png]]

2018-11-16 19:36:50 - [MESSAGE][FAILED] - Failed to tap on element 'Object Repository/iOS/Login screen/OK button' (Root cause: Object Object Repository/iOS/Login screen/OK button not found)]]></system-out>
         <system-err><![CDATA[2018-11-16 19:36:09 - [TEST_CASE][FAILED] - Test Cases/iOS/Login/LOG_10: Test Cases/iOS/Login/LOG_10 FAILED because (of) (Stack trace: com.kms.katalon.core.exception.StepFailedException: Element 'Object Repository/iOS/OTP Verification screen/Error otp code' not found
	at com.kms.katalon.core.keyword.internal.KeywordMain.stepFailed(KeywordMain.groovy:32)
	at com.kms.katalon.core.mobile.keyword.internal.MobileKeywordMain.stepFailed(MobileKeywordMain.groovy:40)
	at com.kms.katalon.core.mobile.keyword.builtin.VerifyElementTextKeyword$_verifyElementText_closure1.doCall(VerifyElementTextKeyword.groovy:49)
	at com.kms.katalon.core.mobile.keyword.builtin.VerifyElementTextKeyword$_verifyElementText_closure1.call(VerifyElementTextKeyword.groovy)
	at com.kms.katalon.core.mobile.keyword.internal.MobileKeywordMain.runKeyword(MobileKeywordMain.groovy:21)
	at com.kms.katalon.core.mobile.keyword.builtin.VerifyElementTextKeyword.verifyElementText(VerifyElementTextKeyword.groovy:62)
	at com.kms.katalon.core.mobile.keyword.builtin.VerifyElementTextKeyword.execute(VerifyElementTextKeyword.groovy:39)
	at com.kms.katalon.core.keyword.internal.KeywordExecutor.executeKeywordForPlatform(KeywordExecutor.groovy:53)
	at com.kms.katalon.core.mobile.keyword.MobileBuiltInKeywords.verifyElementText(MobileBuiltInKeywords.groovy:1751)
	at com.kms.katalon.core.mobile.keyword.MobileBuiltInKeywords$verifyElementText$4.call(Unknown Source)
	at global.verify_element.text(verify_element.groovy:28)
	at sun.reflect.NativeMethodAccessorImpl.invoke0(Native Method)
	at sun.reflect.NativeMethodAccessorImpl.invoke(NativeMethodAccessorImpl.java:62)
	at sun.reflect.DelegatingMethodAccessorImpl.invoke(DelegatingMethodAccessorImpl.java:43)
	at java.lang.reflect.Method.invoke(Method.java:498)
	at org.codehaus.groovy.reflection.CachedMethod.invoke(CachedMethod.java:93)
	at groovy.lang.MetaMethod.doMethodInvoke(MetaMethod.java:325)
	at groovy.lang.MetaClassImpl.invokeMethod(MetaClassImpl.java:1215)
	at groovy.lang.MetaClassImpl.invokeMethod(MetaClassImpl.java:1024)
	at groovy.lang.MetaClassImpl.invokeMethod(MetaClassImpl.java:812)
	at groovy.lang.DelegatingMetaClass.invokeMethod(DelegatingMetaClass.java:144)
	at global.verify_element.invokeMethod(verify_element.groovy)
	at com.kms.katalon.core.main.CustomKeywordDelegatingMetaClass.invokeStaticMethod(CustomKeywordDelegatingMetaClass.java:46)
[...]
	at groovy.lang.GroovyShell.runScriptOrMainOrTestOrRunnable(GroovyShell.java:263)
	at groovy.lang.GroovyShell.run(GroovyShell.java:518)
	at groovy.lang.GroovyShell.run(GroovyShell.java:507)
	at groovy.ui.GroovyMain.processOnce(GroovyMain.java:653)
	at groovy.ui.GroovyMain.run(GroovyMain.java:384)
	at groovy.ui.GroovyMain.process(GroovyMain.java:370)
	at groovy.ui.GroovyMain.processArgs(GroovyMain.java:129)
	at groovy.ui.GroovyMain.main(GroovyMain.java:109)
	at sun.reflect.NativeMethodAccessorImpl.invoke0(Native Method)
	at sun.reflect.NativeMethodAccessorImpl.invoke(NativeMethodAccessorImpl.java:62)
	at sun.reflect.DelegatingMethodAccessorImpl.invoke(DelegatingMethodAccessorImpl.java:43)
	at java.lang.reflect.Method.invoke(Method.java:498)
	at org.codehaus.groovy.tools.GroovyStarter.rootLoader(GroovyStarter.java:109)
	at org.codehaus.groovy.tools.GroovyStarter.main(GroovyStarter.java:131)
)

2018-11-16 20:12:55 - [TEST_STEP][PASSED] - Statement - Message = com.kms.katalon.core.testobject.ObjectRepository.findTestObject(iOS/Send Money screen/Generic text, [label:internal.GlobalVariable.randomSentence]): Finding Test Object with id 'Object Repository/iOS/Send Money screen/Generic text'

2018-11-16 20:12:55 - [TEST_STEP][PASSED] - Statement - Message_Charge = com.kms.katalon.core.testobject.ObjectRepository.findTestObject(iOS/Send Money screen/Generic text, [label:PHP 50.00]): Finding Test Object with id 'Object Repository/iOS/Send Money screen/Generic text'

2018-11-16 20:12:55 - [TEST_STEP][PASSED] - Statement - Message_Charge_2 = com.kms.katalon.core.testobject.ObjectRepository.findTestObject(iOS/Send Money screen/Generic text, [label:50.00 PHP]): Finding Test Object with id 'Object Repository/iOS/Send Money screen/Generic text'

2018-11-16 20:12:55 - [TEST_STEP][PASSED] - Statement - Service_Charge = com.kms.katalon.core.testobject.ObjectRepository.findTestObject(iOS/Send Money screen/Generic text, [label:250.00 PHP]): Finding Test Object with id 'Object Repository/iOS/Send Money screen/Generic text'

2018-11-16 20:12:55 - [TEST_STEP][PASSED] - Statement - Personal_Message_label = com.kms.katalon.core.testobject.ObjectRepository.findTestObject(iOS/Send Money screen/Generic text, [label:Personal Message]): Finding Test Object with id 'Object Repository/iOS/Send Money screen/Generic text'

2018-11-16 20:12:55 - [TEST_STEP][FAILED] - global.verify_element.exist: Element 'Object Repository/iOS/Send Money screen/Generic text' not found

2018-11-16 20:13:02 - [MESSAGE][FAILED] - Element 'Object Repository/iOS/Send Money screen/Generic text' not found
[[ATTACHMENT|/Users/buenaanda/Documents/mobile-automation-katalon/Reports/iOS/PERA Hub Test Suite/20181116_192825/1542370381969.png]]

2018-11-16 20:13:02 - [MESSAGE][FAILED] - Element 'Object Repository/iOS/Send Money screen/Generic text' not found

2018-11-16 20:13:02 - [TEST_STEP][FAILED] - global.verify_element.exist: Element 'Object Repository/iOS/Send Money screen/Generic text' not found

2018-11-16 20:13:08 - [MESSAGE][FAILED] - Element 'Object Repository/iOS/Send Money screen/Generic text' not found
[[ATTACHMENT|/Users/buenaanda/Documents/mobile-automation-katalon/Reports/iOS/PERA Hub Test Suite/20181116_192825/1542370388108.png]]

2018-11-16 20:13:08 - [MESSAGE][FAILED] - Element 'Object Repository/iOS/Send Money screen/Generic text' not found

2018-11-16 20:13:08 - [TEST_STEP][FAILED] - iOS.send_money_screen.checkTermsAndAgreement: Failed to get attribute 'Object Repository/iOS/Send Money screen/Terms and Agreement checkbox' on element 'visible' (Root cause: Object Object Repository/iOS/Send Money screen/Terms and Agreement checkbox not found)

2018-11-16 20:13:14 - [MESSAGE][FAILED] - Object Object Repository/iOS/Send Money screen/Terms and Agreement checkbox not found
[[ATTACHMENT|/Users/buenaanda/Documents/mobile-automation-katalon/Reports/iOS/PERA Hub Test Suite/20181116_192825/1542370394221.png]]

2018-11-16 20:13:14 - [MESSAGE][FAILED] - Failed to get attribute 'Object Repository/iOS/Send Money screen/Terms and Agreement checkbox' on element 'visible' (Root cause: Object Object Repository/iOS/Send Money screen/Terms and Agreement checkbox not found)
[[ATTACHMENT|/Users/buenaanda/Documents/mobile-automation-katalon/Reports/iOS/PERA Hub Test Suite/20181116_192825/1542370394374.png]]

2018-11-16 20:13:14 - [MESSAGE][FAILED] - Failed to get attribute 'Object Repository/iOS/Send Money screen/Terms and Agreement checkbox' on element 'visible' (Root cause: Object Object Repository/iOS/Send Money screen/Terms and Agreement checkbox not found)]]></system-out>
         <system-err><![CDATA[2018-11-16 20:12:55 - [TEST_CASE][FAILED] - Test Cases/iOS/Send Money Branch/SMB_36: Test Cases/iOS/Send Money Branch/SMB_36 FAILED because (of) (Stack trace: com.kms.katalon.core.exception.StepFailedException: Element 'Object Repository/iOS/Send Money screen/Generic text' not found
	at com.kms.katalon.core.keyword.internal.KeywordMain.stepFailed(KeywordMain.groovy:32)
	at com.kms.katalon.core.mobile.keyword.internal.MobileKeywordMain.stepFailed(MobileKeywordMain.groovy:40)
	at com.kms.katalon.core.mobile.keyword.builtin.VerifyElementExistKeyword$_verifyElementExist_closure1.doCall(VerifyElementExistKeyword.groovy:77)
	at com.kms.katalon.core.mobile.keyword.builtin.VerifyElementExistKeyword$_verifyElementExist_closure1.call(VerifyElementExistKeyword.groovy)
	at com.kms.katalon.core.mobile.keyword.internal.MobileKeywordMain.runKeyword(MobileKeywordMain.groovy:21)
	at com.kms.katalon.core.mobile.keyword.builtin.VerifyElementExistKeyword.verifyElementExist(VerifyElementExistKeyword.groovy:80)
	at com.kms.katalon.core.mobile.keyword.builtin.VerifyElementExistKeyword.execute(VerifyElementExistKeyword.groovy:64)
	at com.kms.katalon.core.keyword.internal.KeywordExecutor.executeKeywordForPlatform(KeywordExecutor.groovy:53)
	at com.kms.katalon.core.mobile.keyword.MobileBuiltInKeywords.verifyElementExist(MobileBuiltInKeywords.groovy:605)
	at com.kms.katalon.core.mobile.keyword.MobileBuiltInKeywords$verifyElementExist$1.call(Unknown Source)
	at global.verify_element.exist(verify_element.groovy:38)
	at sun.reflect.GeneratedMethodAccessor8.invoke(Unknown Source)
	at sun.reflect.DelegatingMethodAccessorImpl.invoke(DelegatingMethodAccessorImpl.java:43)
	at java.lang.reflect.Method.invoke(Method.java:498)
	at org.codehaus.groovy.reflection.CachedMethod.invoke(CachedMethod.java:93)
	at groovy.lang.MetaMethod.doMethodInvoke(MetaMethod.java:325)
	at groovy.lang.MetaClassImpl.invokeMethod(MetaClassImpl.java:1215)
	at groovy.lang.MetaClassImpl.invokeMethod(MetaClassImpl.java:1024)
	at groovy.lang.MetaClassImpl.invokeMethod(MetaClassImpl.java:812)
	at groovy.lang.DelegatingMetaClass.invokeMethod(DelegatingMetaClass.java:144)
	at global.verify_element.invokeMethod(verify_element.groovy)
	at com.kms.katalon.core.main.CustomKeywordDelegatingMetaClass.invokeStaticMethod(CustomKeywordDelegatingMetaClass.java:46)
	at org.codehaus.groovy.runtime.callsite.StaticMetaClassSite.call(StaticMetaClassSite.java:53)
	at org.codehaus.groovy.runtime.callsite.CallSiteArray.defaultCall(CallSiteArray.java:48)
	at org.codehaus.groovy.runtime.callsite.AbstractCallSite.call(AbstractCallSite.java:113)
	at org.codehaus.groovy.runtime.callsite.AbstractCallSite.call(AbstractCallSite.java:125)
	at Script1542017927344.run(Script1542017927344.groovy:11)
	at com.kms.katalon.core.main.ScriptEngine.run(ScriptEngine.java:183)
	at com.kms.katalon.core.main.ScriptEngine.runScriptAsRawText(ScriptEngine.java:108)
	at com.kms.katalon.core.main.TestCaseExecutor.runScript(TestCaseExecutor.java:294)
	at com.kms.katalon.core.main.TestCaseExecutor.doExecute(TestCaseExecutor.java:285)
	at com.kms.katalon.core.main.TestCaseExecutor.processExecutionPhase(TestCaseExecutor.java:264)
	at com.kms.katalon.core.main.TestCaseExecutor.accessMainPhase(TestCaseExecutor.java:256)
	at com.kms.katalon.core.main.TestCaseExecutor.execute(TestCaseExecutor.java:200)
	at com.kms.katalon.core.main.TestSuiteExecutor.accessTestCaseMainPhase(TestSuiteExecutor.java:129)
	at com.kms.katalon.core.main.TestSuiteExecutor.accessTestSuiteMainPhase(TestSuiteExecutor.java:112)
	at com.kms.katalon.core.main.TestSuiteExecutor.execute(TestSuiteExecutor.java:81)
	at com.kms.katalon.core.main.TestCaseMain.startTestSuite(TestCaseMain.java:142)
	at com.kms.katalon.core.main.TestCaseMain$startTestSuite$0.call(Unknown Source)
	at org.codehaus.groovy.runtime.callsite.CallSiteArray.defaultCall(CallSiteArray.java:48)
	at org.codehaus.groovy.runtime.callsite.AbstractCallSite.call(AbstractCallSite.java:113)
	at org.codehaus.groovy.runtime.callsite.AbstractCallSite.call(AbstractCallSite.java:141)
	at TempTestSuite1542367705665.run(TempTestSuite1542367705665.groovy:36)
	at groovy.lang.GroovyShell.runScriptOrMainOrTestOrRunnable(GroovyShell.java:263)
	at groovy.lang.GroovyShell.run(GroovyShell.java:518)
	at groovy.lang.GroovyShell.run(GroovyShell.java:507)
	at groovy.ui.GroovyMain.processOnce(GroovyMain.java:653)
	at groovy.ui.GroovyMain.run(GroovyMain.java:384)
	at groovy.ui.GroovyMain.process(GroovyMain.java:370)
	at groovy.ui.GroovyMain.processArgs(GroovyMain.java:129)
	at groovy.ui.GroovyMain.main(GroovyMain.java:109)
	at sun.reflect.NativeMethodAccessorImpl.invoke0(Native Method)
	at sun.reflect.NativeMethodAccessorImpl.invoke(NativeMethodAccessorImpl.java:62)
	at sun.reflect.DelegatingMethodAccessorImpl.invoke(DelegatingMethodAccessorImpl.java:43)
	at java.lang.reflect.Method.invoke(Method.java:498)
	at org.codehaus.groovy.tools.GroovyStarter.rootLoader(GroovyStarter.java:109)
	at org.codehaus.groovy.tools.GroovyStarter.main(GroovyStarter.java:131)
)]]></system-err>
      </testcase>
      <system-out><![CDATA[2018-11-16 19:28:27 - [TEST_SUITE][FAILED] - PERA Hub Test Suite: Test Cases/iOS/Registration/REG_02 FAILED because (of) (Stack trace: com.kms.katalon.core.exception.StepFailedException: Element 'Object Repository/iOS/Registration screen/Generic text' not found
	at com.kms.katalon.core.keyword.internal.KeywordMain.stepFailed(KeywordMain.groovy:32)
	at com.kms.katalon.core.mobile.keyword.internal.MobileKeywordMain.stepFailed(MobileKeywordMain.groovy:40)
	at com.kms.katalon.core.mobile.keyword.builtin.VerifyElementExistKeyword$_verifyElementExist_closure1.doCall(VerifyElementExistKeyword.groovy:77)
	at com.kms.katalon.core.mobile.keyword.builtin.VerifyElementExistKeyword$_verifyElementExist_closure1.call(VerifyElementExistKeyword.groovy)
	at com.kms.katalon.core.mobile.keyword.internal.MobileKeywordMain.runKeyword(MobileKeywordMain.groovy:21)
	at com.kms.katalon.core.mobile.keyword.builtin.VerifyElementExistKeyword.verifyElementExist(VerifyElementExistKeyword.groovy:80)
	at com.kms.katalon.core.mobile.keyword.builtin.VerifyElementExistKeyword.execute(VerifyElementExistKeyword.groovy:64)
	at com.kms.katalon.core.keyword.internal.KeywordExecutor.executeKeywordForPlatform(KeywordExecutor.groovy:53)
	at com.kms.katalon.core.mobile.keyword.MobileBuiltInKeywords.verifyElementExist(MobileBuiltInKeywords.groovy:605)
	at com.kms.katalon.core.mobile.keyword.MobileBuiltInKeywords$verifyElementExist$1.call(Unknown Source)
	at global.verify_element.exist(verify_element.groovy:38)
	at sun.reflect.NativeMethodAccessorImpl.invoke0(Native Method)
	at sun.reflect.NativeMethodAccessorImpl.invoke(NativeMethodAccessorImpl.java:62)
	at sun.reflect.DelegatingMethodAccessorImpl.invoke(DelegatingMethodAccessorImpl.java:43)
	at java.lang.reflect.Method.invoke(Method.java:498)
	at org.codehaus.groovy.reflection.CachedMethod.invoke(CachedMethod.java:93)
	at groovy.lang.MetaMethod.doMethodInvoke(MetaMethod.java:325)
	at groovy.lang.MetaClassImpl.invokeMethod(MetaClassImpl.java:1215)
	at groovy.lang.MetaClassImpl.invokeMethod(MetaClassImpl.java:1024)
	at groovy.lang.MetaClassImpl.invokeMethod(MetaClassImpl.java:812)
	at groovy.lang.DelegatingMetaClass.invokeMethod(DelegatingMetaClass.java:144)
	at global.verify_element.invokeMethod(verify_element.groovy)
	at com.kms.katalon.core.main.CustomKeywordDelegatingMetaClass.invokeStaticMethod(CustomKeywordDelegatingMetaClass.java:46)
	at org.codehaus.groovy.runtime.callsite.StaticMetaClassSite.call(StaticMetaClassSite.java:53)
	at org.codehaus.groovy.runtime.callsite.CallSiteArray.defaultCall(CallSiteArray.java:48)
	at org.codehaus.groovy.runtime.callsite.AbstractCallSite.call(AbstractCallSite.java:113)
	at org.codehaus.groovy.runtime.callsite.AbstractCallSite.call(AbstractCallSite.java:125)
	at Script1542257476342.run(Script1542257476342.groovy:15)
	at com.kms.katalon.core.main.ScriptEngine.run(ScriptEngine.java:183)
	at com.kms.katalon.core.main.ScriptEngine.runScriptAsRawText(ScriptEngine.java:108)
	at com.kms.katalon.core.main.TestCaseExecutor.runScript(TestCaseExecutor.java:294)
	at com.kms.katalon.core.main.TestCaseExecutor.doExecute(TestCaseExecutor.java:285)
	at com.kms.katalon.core.main.TestCaseExecutor.processExecutionPhase(TestCaseExecutor.java:264)
	at com.kms.katalon.core.main.TestCaseExecutor.accessMainPhase(TestCaseExecutor.java:256)
	at com.kms.katalon.core.main.TestCaseExecutor.execute(TestCaseExecutor.java:200)
	at com.kms.katalon.core.main.TestSuiteExecutor.accessTestCaseMainPhase(TestSuiteExecutor.java:129)
	at com.kms.katalon.core.main.TestSuiteExecutor.accessTestSuiteMainPhase(TestSuiteExecutor.java:112)
	at com.kms.katalon.core.main.TestSuiteExecutor.execute(TestSuiteExecutor.java:81)
	at com.kms.katalon.core.main.TestCaseMain.startTestSuite(TestCaseMain.java:142)
	at com.kms.katalon.core.main.TestCaseMain$startTestSuite$0.call(Unknown Source)
	at org.codehaus.groovy.runtime.callsite.CallSiteArray.defaultCall(CallSiteArray.java:48)
	at org.codehaus.groovy.runtime.callsite.AbstractCallSite.call(AbstractCallSite.java:113)
	at org.codehaus.groovy.runtime.callsite.AbstractCallSite.call(AbstractCallSite.java:141)
	at TempTestSuite1542367705665.run(TempTestSuite1542367705665.groovy:36)
	at groovy.lang.GroovyShell.runScriptOrMainOrTestOrRunnable(GroovyShell.java:263)
	at groovy.lang.GroovyShell.run(GroovyShell.java:518)
	at groovy.lang.GroovyShell.run(GroovyShell.java:507)
	at groovy.ui.GroovyMain.processOnce(GroovyMain.java:653)
	at groovy.ui.GroovyMain.run(GroovyMain.java:384)
	at groovy.ui.GroovyMain.process(GroovyMain.java:370)
	at groovy.ui.GroovyMain.processArgs(GroovyMain.java:129)
	at groovy.ui.GroovyMain.main(GroovyMain.java:109)
	at sun.reflect.NativeMethodAccessorImpl.invoke0(Native Method)
	at sun.reflect.NativeMethodAccessorImpl.invoke(NativeMethodAccessorImpl.java:62)
	at sun.reflect.DelegatingMethodAccessorImpl.invoke(DelegatingMethodAccessorImpl.java:43)
	at java.lang.reflect.Method.invoke(Method.java:498)
	at org.codehaus.groovy.tools.GroovyStarter.rootLoader(GroovyStarter.java:109)
	at org.codehaus.groovy.tools.GroovyStarter.main(GroovyStarter.java:131)
)]]></system-out>
      <system-err><![CDATA[2018-11-16 19:28:27 - [TEST_SUITE][FAILED] - PERA Hub Test Suite: Test Cases/iOS/Registration/REG_02 FAILED because (of) (Stack trace: com.kms.katalon.core.exception.StepFailedException: Element 'Object Repository/iOS/Registration screen/Generic text' not found
	at com.kms.katalon.core.keyword.internal.KeywordMain.stepFailed(KeywordMain.groovy:32)
	at com.kms.katalon.core.mobile.keyword.internal.MobileKeywordMain.stepFailed(MobileKeywordMain.groovy:40)
	at com.kms.katalon.core.mobile.keyword.builtin.VerifyElementExistKeyword$_verifyElementExist_closure1.doCall(VerifyElementExistKeyword.groovy:77)
	at com.kms.katalon.core.mobile.keyword.builtin.VerifyElementExistKeyword$_verifyElementExist_closure1.call(VerifyElementExistKeyword.groovy)
	at com.kms.katalon.core.mobile.keyword.internal.MobileKeywordMain.runKeyword(MobileKeywordMain.groovy:21)
	at com.kms.katalon.core.mobile.keyword.builtin.VerifyElementExistKeyword.verifyElementExist(VerifyElementExistKeyword.groovy:80)
	at com.kms.katalon.core.mobile.keyword.builtin.VerifyElementExistKeyword.execute(VerifyElementExistKeyword.groovy:64)
	at com.kms.katalon.core.keyword.internal.KeywordExecutor.executeKeywordForPlatform(KeywordExecutor.groovy:53)
	at com.kms.katalon.core.mobile.keyword.MobileBuiltInKeywords.verifyElementExist(MobileBuiltInKeywords.groovy:605)
	at com.kms.katalon.core.mobile.keyword.MobileBuiltInKeywords$verifyElementExist$1.call(Unknown Source)
	at global.verify_element.exist(verify_element.groovy:38)
	at sun.reflect.NativeMethodAccessorImpl.invoke0(Native Method)
	at sun.reflect.NativeMethodAccessorImpl.invoke(NativeMethodAccessorImpl.java:62)
	at sun.reflect.DelegatingMethodAccessorImpl.invoke(DelegatingMethodAccessorImpl.java:43)
	at java.lang.reflect.Method.invoke(Method.java:498)
	at org.codehaus.groovy.reflection.CachedMethod.invoke(CachedMethod.java:93)
	at groovy.lang.MetaMethod.doMethodInvoke(MetaMethod.java:325)
	at groovy.lang.MetaClassImpl.invokeMethod(MetaClassImpl.java:1215)
	at groovy.lang.MetaClassImpl.invokeMethod(MetaClassImpl.java:1024)
	at groovy.lang.MetaClassImpl.invokeMethod(MetaClassImpl.java:812)
	at groovy.lang.DelegatingMetaClass.invokeMethod(DelegatingMetaClass.java:144)
	at global.verify_element.invokeMethod(verify_element.groovy)
	at com.kms.katalon.core.main.CustomKeywordDelegatingMetaClass.invokeStaticMethod(CustomKeywordDelegatingMetaClass.java:46)
	at org.codehaus.groovy.runtime.callsite.StaticMetaClassSite.call(StaticMetaClassSite.java:53)
	at org.codehaus.groovy.runtime.callsite.CallSiteArray.defaultCall(CallSiteArray.java:48)
	at org.codehaus.groovy.runtime.callsite.AbstractCallSite.call(AbstractCallSite.java:113)
	at org.codehaus.groovy.runtime.callsite.AbstractCallSite.call(AbstractCallSite.java:125)
	at Script1542257476342.run(Script1542257476342.groovy:15)
	at com.kms.katalon.core.main.ScriptEngine.run(ScriptEngine.java:183)
	at com.kms.katalon.core.main.ScriptEngine.runScriptAsRawText(ScriptEngine.java:108)
	at com.kms.katalon.core.main.TestCaseExecutor.runScript(TestCaseExecutor.java:294)
	at com.kms.katalon.core.main.TestCaseExecutor.doExecute(TestCaseExecutor.java:285)
	at com.kms.katalon.core.main.TestCaseExecutor.processExecutionPhase(TestCaseExecutor.java:264)
	at com.kms.katalon.core.main.TestCaseExecutor.accessMainPhase(TestCaseExecutor.java:256)
	at com.kms.katalon.core.main.TestCaseExecutor.execute(TestCaseExecutor.java:200)
	at com.kms.katalon.core.main.TestSuiteExecutor.accessTestCaseMainPhase(TestSuiteExecutor.java:129)
	at com.kms.katalon.core.main.TestSuiteExecutor.accessTestSuiteMainPhase(TestSuiteExecutor.java:112)
	at com.kms.katalon.core.main.TestSuiteExecutor.execute(TestSuiteExecutor.java:81)
	at com.kms.katalon.core.main.TestCaseMain.startTestSuite(TestCaseMain.java:142)
	at com.kms.katalon.core.main.TestCaseMain$startTestSuite$0.call(Unknown Source)
	at org.codehaus.groovy.runtime.callsite.CallSiteArray.defaultCall(CallSiteArray.java:48)
	at org.codehaus.groovy.runtime.callsite.AbstractCallSite.call(AbstractCallSite.java:113)
	at org.codehaus.groovy.runtime.callsite.AbstractCallSite.call(AbstractCallSite.java:141)
	at TempTestSuite1542367705665.run(TempTestSuite1542367705665.groovy:36)
	at groovy.lang.GroovyShell.runScriptOrMainOrTestOrRunnable(GroovyShell.java:263)
	at groovy.lang.GroovyShell.run(GroovyShell.java:518)
	at groovy.lang.GroovyShell.run(GroovyShell.java:507)
	at groovy.ui.GroovyMain.processOnce(GroovyMain.java:653)
	at groovy.ui.GroovyMain.run(GroovyMain.java:384)
	at groovy.ui.GroovyMain.process(GroovyMain.java:370)
	at groovy.ui.GroovyMain.processArgs(GroovyMain.java:129)
	at groovy.ui.GroovyMain.main(GroovyMain.java:109)
	at sun.reflect.NativeMethodAccessorImpl.invoke0(Native Method)
	at sun.reflect.NativeMethodAccessorImpl.invoke(NativeMethodAccessorImpl.java:62)
	at sun.reflect.DelegatingMethodAccessorImpl.invoke(DelegatingMethodAccessorImpl.java:43)
	at java.lang.reflect.Method.invoke(Method.java:498)
	at org.codehaus.groovy.tools.GroovyStarter.rootLoader(GroovyStarter.java:109)
	at org.codehaus.groovy.tools.GroovyStarter.main(GroovyStarter.java:131)
)]]></system-err>
   </testsuite>
</testsuites>
